<?xml version='1.0' encoding='utf-8'?>
<testsuites name="pytest tests">
  <testsuite name="pytest" errors="0" failures="0" skipped="0" tests="218" time="0.000" timestamp="2026-07-19T00:00:00+10:00">
    <testcase classname="tests.S02.P03_test" name="test_baseline_open_source_reuse_contract_passes_without_runtime_reports" time="0.000" />
    <testcase classname="tests.S02.P03_test" name="test_p02_signed_receipt_is_exact_prerequisite_without_successor_recursion" time="0.000" />
    <testcase classname="tests.S02.P03_test" name="test_phase_artifact_hashes_match_oracle_pins[relative0]" time="0.000" />
    <testcase classname="tests.S02.P03_test" name="test_phase_artifact_hashes_match_oracle_pins[relative1]" time="0.000" />
    <testcase classname="tests.S02.P03_test" name="test_phase_artifact_hashes_match_oracle_pins[relative2]" time="0.000" />
    <testcase classname="tests.S02.P03_test" name="test_phase_artifact_hashes_match_oracle_pins[relative3]" time="0.000" />
    <testcase classname="tests.S02.P03_test" name="test_every_project_has_exact_identity_commit_readme_decision_and_three_way_ruling[SRC-013]" time="0.000" />
    <testcase classname="tests.S02.P03_test" name="test_every_project_has_exact_identity_commit_readme_decision_and_three_way_ruling[SRC-014]" time="0.000" />
    <testcase classname="tests.S02.P03_test" name="test_every_project_has_exact_identity_commit_readme_decision_and_three_way_ruling[SRC-015]" time="0.000" />
    <testcase classname="tests.S02.P03_test" name="test_every_project_has_exact_identity_commit_readme_decision_and_three_way_ruling[SRC-016]" time="0.000" />
    <testcase classname="tests.S02.P03_test" name="test_every_project_has_exact_identity_commit_readme_decision_and_three_way_ruling[SRC-017]" time="0.000" />
    <testcase classname="tests.S02.P03_test" name="test_every_project_has_exact_identity_commit_readme_decision_and_three_way_ruling[SRC-018]" time="0.000" />
    <testcase classname="tests.S02.P03_test" name="test_every_license_record_matches_exact_pinned_content_or_noassertion[SRC-013]" time="0.000" />
    <testcase classname="tests.S02.P03_test" name="test_every_license_record_matches_exact_pinned_content_or_noassertion[SRC-014]" time="0.000" />
    <testcase classname="tests.S02.P03_test" name="test_every_license_record_matches_exact_pinned_content_or_noassertion[SRC-015]" time="0.000" />
    <testcase classname="tests.S02.P03_test" name="test_every_license_record_matches_exact_pinned_content_or_noassertion[SRC-016]" time="0.000" />
    <testcase classname="tests.S02.P03_test" name="test_every_license_record_matches_exact_pinned_content_or_noassertion[SRC-017]" time="0.000" />
    <testcase classname="tests.S02.P03_test" name="test_every_license_record_matches_exact_pinned_content_or_noassertion[SRC-018]" time="0.000" />
    <testcase classname="tests.S02.P03_test" name="test_project_and_license_graph_is_bijective[SRC-013]" time="0.000" />
    <testcase classname="tests.S02.P03_test" name="test_project_and_license_graph_is_bijective[SRC-014]" time="0.000" />
    <testcase classname="tests.S02.P03_test" name="test_project_and_license_graph_is_bijective[SRC-015]" time="0.000" />
    <testcase classname="tests.S02.P03_test" name="test_project_and_license_graph_is_bijective[SRC-016]" time="0.000" />
    <testcase classname="tests.S02.P03_test" name="test_project_and_license_graph_is_bijective[SRC-017]" time="0.000" />
    <testcase classname="tests.S02.P03_test" name="test_project_and_license_graph_is_bijective[SRC-018]" time="0.000" />
    <testcase classname="tests.S02.P03_test" name="test_frozen_decision_vectors_are_fail_closed[case0]" time="0.000" />
    <testcase classname="tests.S02.P03_test" name="test_frozen_decision_vectors_are_fail_closed[case1]" time="0.000" />
    <testcase classname="tests.S02.P03_test" name="test_frozen_decision_vectors_are_fail_closed[case2]" time="0.000" />
    <testcase classname="tests.S02.P03_test" name="test_frozen_decision_vectors_are_fail_closed[case3]" time="0.000" />
    <testcase classname="tests.S02.P03_test" name="test_frozen_decision_vectors_are_fail_closed[case4]" time="0.000" />
    <testcase classname="tests.S02.P03_test" name="test_frozen_decision_vectors_are_fail_closed[case5]" time="0.000" />
    <testcase classname="tests.S02.P03_test" name="test_frozen_decision_vectors_are_fail_closed[case6]" time="0.000" />
    <testcase classname="tests.S02.P03_test" name="test_frozen_decision_vectors_are_fail_closed[case7]" time="0.000" />
    <testcase classname="tests.S02.P03_test" name="test_frozen_decision_vectors_are_fail_closed[case8]" time="0.000" />
    <testcase classname="tests.S02.P03_test" name="test_frozen_decision_vectors_are_fail_closed[case9]" time="0.000" />
    <testcase classname="tests.S02.P03_test" name="test_plus_minus_point_0001_cannot_change_categorical_license_or_safety_decision[case0--0.0001]" time="0.000" />
    <testcase classname="tests.S02.P03_test" name="test_plus_minus_point_0001_cannot_change_categorical_license_or_safety_decision[case1-0]" time="0.000" />
    <testcase classname="tests.S02.P03_test" name="test_plus_minus_point_0001_cannot_change_categorical_license_or_safety_decision[case2-0.0001]" time="0.000" />
    <testcase classname="tests.S02.P03_test" name="test_plus_minus_point_0001_cannot_change_categorical_license_or_safety_decision[case3--0.0001]" time="0.000" />
    <testcase classname="tests.S02.P03_test" name="test_plus_minus_point_0001_cannot_change_categorical_license_or_safety_decision[case4-0]" time="0.000" />
    <testcase classname="tests.S02.P03_test" name="test_plus_minus_point_0001_cannot_change_categorical_license_or_safety_decision[case5-0.0001]" time="0.000" />
    <testcase classname="tests.S02.P03_test" name="test_plus_minus_point_0001_cannot_change_categorical_license_or_safety_decision[case6--0.0001]" time="0.000" />
    <testcase classname="tests.S02.P03_test" name="test_plus_minus_point_0001_cannot_change_categorical_license_or_safety_decision[case7-0]" time="0.000" />
    <testcase classname="tests.S02.P03_test" name="test_plus_minus_point_0001_cannot_change_categorical_license_or_safety_decision[case8-0.0001]" time="0.000" />
    <testcase classname="tests.S02.P03_test" name="test_plus_minus_point_0001_cannot_change_categorical_license_or_safety_decision[case9--0.0001]" time="0.000" />
    <testcase classname="tests.S02.P03_test" name="test_plus_minus_point_0001_cannot_change_categorical_license_or_safety_decision[case10-0]" time="0.000" />
    <testcase classname="tests.S02.P03_test" name="test_plus_minus_point_0001_cannot_change_categorical_license_or_safety_decision[case11-0.0001]" time="0.000" />
    <testcase classname="tests.S02.P03_test" name="test_reuse_admission_is_deterministic_across_all_license_mode_boundary_combinations[MIT-DESIGN_PATTERN--0.0001]" time="0.000" />
    <testcase classname="tests.S02.P03_test" name="test_reuse_admission_is_deterministic_across_all_license_mode_boundary_combinations[MIT-DESIGN_PATTERN-0]" time="0.000" />
    <testcase classname="tests.S02.P03_test" name="test_reuse_admission_is_deterministic_across_all_license_mode_boundary_combinations[MIT-DESIGN_PATTERN-0.0001]" time="0.000" />
    <testcase classname="tests.S02.P03_test" name="test_reuse_admission_is_deterministic_across_all_license_mode_boundary_combinations[MIT-ALGORITHM_REFERENCE--0.0001]" time="0.000" />
    <testcase classname="tests.S02.P03_test" name="test_reuse_admission_is_deterministic_across_all_license_mode_boundary_combinations[MIT-ALGORITHM_REFERENCE-0]" time="0.000" />
    <testcase classname="tests.S02.P03_test" name="test_reuse_admission_is_deterministic_across_all_license_mode_boundary_combinations[MIT-ALGORITHM_REFERENCE-0.0001]" time="0.000" />
    <testcase classname="tests.S02.P03_test" name="test_reuse_admission_is_deterministic_across_all_license_mode_boundary_combinations[MIT-PARSER_TEST_PATTERN--0.0001]" time="0.000" />
    <testcase classname="tests.S02.P03_test" name="test_reuse_admission_is_deterministic_across_all_license_mode_boundary_combinations[MIT-PARSER_TEST_PATTERN-0]" time="0.000" />
    <testcase classname="tests.S02.P03_test" name="test_reuse_admission_is_deterministic_across_all_license_mode_boundary_combinations[MIT-PARSER_TEST_PATTERN-0.0001]" time="0.000" />
    <testcase classname="tests.S02.P03_test" name="test_reuse_admission_is_deterministic_across_all_license_mode_boundary_combinations[MIT-PUBLIC_METADATA_RESEARCH--0.0001]" time="0.000" />
    <testcase classname="tests.S02.P03_test" name="test_reuse_admission_is_deterministic_across_all_license_mode_boundary_combinations[MIT-PUBLIC_METADATA_RESEARCH-0]" time="0.000" />
    <testcase classname="tests.S02.P03_test" name="test_reuse_admission_is_deterministic_across_all_license_mode_boundary_combinations[MIT-PUBLIC_METADATA_RESEARCH-0.0001]" time="0.000" />
    <testcase classname="tests.S02.P03_test" name="test_reuse_admission_is_deterministic_across_all_license_mode_boundary_combinations[MIT-MOCK_SCHEMA_REFERENCE--0.0001]" time="0.000" />
    <testcase classname="tests.S02.P03_test" name="test_reuse_admission_is_deterministic_across_all_license_mode_boundary_combinations[MIT-MOCK_SCHEMA_REFERENCE-0]" time="0.000" />
    <testcase classname="tests.S02.P03_test" name="test_reuse_admission_is_deterministic_across_all_license_mode_boundary_combinations[MIT-MOCK_SCHEMA_REFERENCE-0.0001]" time="0.000" />
    <testcase classname="tests.S02.P03_test" name="test_reuse_admission_is_deterministic_across_all_license_mode_boundary_combinations[MIT-COPY_CODE--0.0001]" time="0.000" />
    <testcase classname="tests.S02.P03_test" name="test_reuse_admission_is_deterministic_across_all_license_mode_boundary_combinations[MIT-COPY_CODE-0]" time="0.000" />
    <testcase classname="tests.S02.P03_test" name="test_reuse_admission_is_deterministic_across_all_license_mode_boundary_combinations[MIT-COPY_CODE-0.0001]" time="0.000" />
    <testcase classname="tests.S02.P03_test" name="test_reuse_admission_is_deterministic_across_all_license_mode_boundary_combinations[MIT-ADD_RUNTIME_DEPENDENCY--0.0001]" time="0.000" />
    <testcase classname="tests.S02.P03_test" name="test_reuse_admission_is_deterministic_across_all_license_mode_boundary_combinations[MIT-ADD_RUNTIME_DEPENDENCY-0]" time="0.000" />
    <testcase classname="tests.S02.P03_test" name="test_reuse_admission_is_deterministic_across_all_license_mode_boundary_combinations[MIT-ADD_RUNTIME_DEPENDENCY-0.0001]" time="0.000" />
    <testcase classname="tests.S02.P03_test" name="test_reuse_admission_is_deterministic_across_all_license_mode_boundary_combinations[MIT-LIVE_SOURCE--0.0001]" time="0.000" />
    <testcase classname="tests.S02.P03_test" name="test_reuse_admission_is_deterministic_across_all_license_mode_boundary_combinations[MIT-LIVE_SOURCE-0]" time="0.000" />
    <testcase classname="tests.S02.P03_test" name="test_reuse_admission_is_deterministic_across_all_license_mode_boundary_combinations[MIT-LIVE_SOURCE-0.0001]" time="0.000" />
    <testcase classname="tests.S02.P03_test" name="test_reuse_admission_is_deterministic_across_all_license_mode_boundary_combinations[Apache-2.0-DESIGN_PATTERN--0.0001]" time="0.000" />
    <testcase classname="tests.S02.P03_test" name="test_reuse_admission_is_deterministic_across_all_license_mode_boundary_combinations[Apache-2.0-DESIGN_PATTERN-0]" time="0.000" />
    <testcase classname="tests.S02.P03_test" name="test_reuse_admission_is_deterministic_across_all_license_mode_boundary_combinations[Apache-2.0-DESIGN_PATTERN-0.0001]" time="0.000" />
    <testcase classname="tests.S02.P03_test" name="test_reuse_admission_is_deterministic_across_all_license_mode_boundary_combinations[Apache-2.0-ALGORITHM_REFERENCE--0.0001]" time="0.000" />
    <testcase classname="tests.S02.P03_test" name="test_reuse_admission_is_deterministic_across_all_license_mode_boundary_combinations[Apache-2.0-ALGORITHM_REFERENCE-0]" time="0.000" />
    <testcase classname="tests.S02.P03_test" name="test_reuse_admission_is_deterministic_across_all_license_mode_boundary_combinations[Apache-2.0-ALGORITHM_REFERENCE-0.0001]" time="0.000" />
    <testcase classname="tests.S02.P03_test" name="test_reuse_admission_is_deterministic_across_all_license_mode_boundary_combinations[Apache-2.0-PARSER_TEST_PATTERN--0.0001]" time="0.000" />
    <testcase classname="tests.S02.P03_test" name="test_reuse_admission_is_deterministic_across_all_license_mode_boundary_combinations[Apache-2.0-PARSER_TEST_PATTERN-0]" time="0.000" />
    <testcase classname="tests.S02.P03_test" name="test_reuse_admission_is_deterministic_across_all_license_mode_boundary_combinations[Apache-2.0-PARSER_TEST_PATTERN-0.0001]" time="0.000" />
    <testcase classname="tests.S02.P03_test" name="test_reuse_admission_is_deterministic_across_all_license_mode_boundary_combinations[Apache-2.0-PUBLIC_METADATA_RESEARCH--0.0001]" time="0.000" />
    <testcase classname="tests.S02.P03_test" name="test_reuse_admission_is_deterministic_across_all_license_mode_boundary_combinations[Apache-2.0-PUBLIC_METADATA_RESEARCH-0]" time="0.000" />
    <testcase classname="tests.S02.P03_test" name="test_reuse_admission_is_deterministic_across_all_license_mode_boundary_combinations[Apache-2.0-PUBLIC_METADATA_RESEARCH-0.0001]" time="0.000" />
    <testcase classname="tests.S02.P03_test" name="test_reuse_admission_is_deterministic_across_all_license_mode_boundary_combinations[Apache-2.0-MOCK_SCHEMA_REFERENCE--0.0001]" time="0.000" />
    <testcase classname="tests.S02.P03_test" name="test_reuse_admission_is_deterministic_across_all_license_mode_boundary_combinations[Apache-2.0-MOCK_SCHEMA_REFERENCE-0]" time="0.000" />
    <testcase classname="tests.S02.P03_test" name="test_reuse_admission_is_deterministic_across_all_license_mode_boundary_combinations[Apache-2.0-MOCK_SCHEMA_REFERENCE-0.0001]" time="0.000" />
    <testcase classname="tests.S02.P03_test" name="test_reuse_admission_is_deterministic_across_all_license_mode_boundary_combinations[Apache-2.0-COPY_CODE--0.0001]" time="0.000" />
    <testcase classname="tests.S02.P03_test" name="test_reuse_admission_is_deterministic_across_all_license_mode_boundary_combinations[Apache-2.0-COPY_CODE-0]" time="0.000" />
    <testcase classname="tests.S02.P03_test" name="test_reuse_admission_is_deterministic_across_all_license_mode_boundary_combinations[Apache-2.0-COPY_CODE-0.0001]" time="0.000" />
    <testcase classname="tests.S02.P03_test" name="test_reuse_admission_is_deterministic_across_all_license_mode_boundary_combinations[Apache-2.0-ADD_RUNTIME_DEPENDENCY--0.0001]" time="0.000" />
    <testcase classname="tests.S02.P03_test" name="test_reuse_admission_is_deterministic_across_all_license_mode_boundary_combinations[Apache-2.0-ADD_RUNTIME_DEPENDENCY-0]" time="0.000" />
    <testcase classname="tests.S02.P03_test" name="test_reuse_admission_is_deterministic_across_all_license_mode_boundary_combinations[Apache-2.0-ADD_RUNTIME_DEPENDENCY-0.0001]" time="0.000" />
    <testcase classname="tests.S02.P03_test" name="test_reuse_admission_is_deterministic_across_all_license_mode_boundary_combinations[Apache-2.0-LIVE_SOURCE--0.0001]" time="0.000" />
    <testcase classname="tests.S02.P03_test" name="test_reuse_admission_is_deterministic_across_all_license_mode_boundary_combinations[Apache-2.0-LIVE_SOURCE-0]" time="0.000" />
    <testcase classname="tests.S02.P03_test" name="test_reuse_admission_is_deterministic_across_all_license_mode_boundary_combinations[Apache-2.0-LIVE_SOURCE-0.0001]" time="0.000" />
    <testcase classname="tests.S02.P03_test" name="test_reuse_admission_is_deterministic_across_all_license_mode_boundary_combinations[NOASSERTION-DESIGN_PATTERN--0.0001]" time="0.000" />
    <testcase classname="tests.S02.P03_test" name="test_reuse_admission_is_deterministic_across_all_license_mode_boundary_combinations[NOASSERTION-DESIGN_PATTERN-0]" time="0.000" />
    <testcase classname="tests.S02.P03_test" name="test_reuse_admission_is_deterministic_across_all_license_mode_boundary_combinations[NOASSERTION-DESIGN_PATTERN-0.0001]" time="0.000" />
    <testcase classname="tests.S02.P03_test" name="test_reuse_admission_is_deterministic_across_all_license_mode_boundary_combinations[NOASSERTION-ALGORITHM_REFERENCE--0.0001]" time="0.000" />
    <testcase classname="tests.S02.P03_test" name="test_reuse_admission_is_deterministic_across_all_license_mode_boundary_combinations[NOASSERTION-ALGORITHM_REFERENCE-0]" time="0.000" />
    <testcase classname="tests.S02.P03_test" name="test_reuse_admission_is_deterministic_across_all_license_mode_boundary_combinations[NOASSERTION-ALGORITHM_REFERENCE-0.0001]" time="0.000" />
    <testcase classname="tests.S02.P03_test" name="test_reuse_admission_is_deterministic_across_all_license_mode_boundary_combinations[NOASSERTION-PARSER_TEST_PATTERN--0.0001]" time="0.000" />
    <testcase classname="tests.S02.P03_test" name="test_reuse_admission_is_deterministic_across_all_license_mode_boundary_combinations[NOASSERTION-PARSER_TEST_PATTERN-0]" time="0.000" />
    <testcase classname="tests.S02.P03_test" name="test_reuse_admission_is_deterministic_across_all_license_mode_boundary_combinations[NOASSERTION-PARSER_TEST_PATTERN-0.0001]" time="0.000" />
    <testcase classname="tests.S02.P03_test" name="test_reuse_admission_is_deterministic_across_all_license_mode_boundary_combinations[NOASSERTION-PUBLIC_METADATA_RESEARCH--0.0001]" time="0.000" />
    <testcase classname="tests.S02.P03_test" name="test_reuse_admission_is_deterministic_across_all_license_mode_boundary_combinations[NOASSERTION-PUBLIC_METADATA_RESEARCH-0]" time="0.000" />
    <testcase classname="tests.S02.P03_test" name="test_reuse_admission_is_deterministic_across_all_license_mode_boundary_combinations[NOASSERTION-PUBLIC_METADATA_RESEARCH-0.0001]" time="0.000" />
    <testcase classname="tests.S02.P03_test" name="test_reuse_admission_is_deterministic_across_all_license_mode_boundary_combinations[NOASSERTION-MOCK_SCHEMA_REFERENCE--0.0001]" time="0.000" />
    <testcase classname="tests.S02.P03_test" name="test_reuse_admission_is_deterministic_across_all_license_mode_boundary_combinations[NOASSERTION-MOCK_SCHEMA_REFERENCE-0]" time="0.000" />
    <testcase classname="tests.S02.P03_test" name="test_reuse_admission_is_deterministic_across_all_license_mode_boundary_combinations[NOASSERTION-MOCK_SCHEMA_REFERENCE-0.0001]" time="0.000" />
    <testcase classname="tests.S02.P03_test" name="test_reuse_admission_is_deterministic_across_all_license_mode_boundary_combinations[NOASSERTION-COPY_CODE--0.0001]" time="0.000" />
    <testcase classname="tests.S02.P03_test" name="test_reuse_admission_is_deterministic_across_all_license_mode_boundary_combinations[NOASSERTION-COPY_CODE-0]" time="0.000" />
    <testcase classname="tests.S02.P03_test" name="test_reuse_admission_is_deterministic_across_all_license_mode_boundary_combinations[NOASSERTION-COPY_CODE-0.0001]" time="0.000" />
    <testcase classname="tests.S02.P03_test" name="test_reuse_admission_is_deterministic_across_all_license_mode_boundary_combinations[NOASSERTION-ADD_RUNTIME_DEPENDENCY--0.0001]" time="0.000" />
    <testcase classname="tests.S02.P03_test" name="test_reuse_admission_is_deterministic_across_all_license_mode_boundary_combinations[NOASSERTION-ADD_RUNTIME_DEPENDENCY-0]" time="0.000" />
    <testcase classname="tests.S02.P03_test" name="test_reuse_admission_is_deterministic_across_all_license_mode_boundary_combinations[NOASSERTION-ADD_RUNTIME_DEPENDENCY-0.0001]" time="0.000" />
    <testcase classname="tests.S02.P03_test" name="test_reuse_admission_is_deterministic_across_all_license_mode_boundary_combinations[NOASSERTION-LIVE_SOURCE--0.0001]" time="0.000" />
    <testcase classname="tests.S02.P03_test" name="test_reuse_admission_is_deterministic_across_all_license_mode_boundary_combinations[NOASSERTION-LIVE_SOURCE-0]" time="0.000" />
    <testcase classname="tests.S02.P03_test" name="test_reuse_admission_is_deterministic_across_all_license_mode_boundary_combinations[NOASSERTION-LIVE_SOURCE-0.0001]" time="0.000" />
    <testcase classname="tests.S02.P03_test" name="test_order_account_and_cash_gates_dominate_all_numeric_deltas[-0.0001-contains_order_capability-REJECT_ORDER_CAPABILITY]" time="0.000" />
    <testcase classname="tests.S02.P03_test" name="test_order_account_and_cash_gates_dominate_all_numeric_deltas[-0.0001-requires_live_account-REJECT_ACCOUNT_OR_API_ACCESS]" time="0.000" />
    <testcase classname="tests.S02.P03_test" name="test_order_account_and_cash_gates_dominate_all_numeric_deltas[-0.0001-requires_incremental_cash-REJECT_INCREMENTAL_CASH]" time="0.000" />
    <testcase classname="tests.S02.P03_test" name="test_order_account_and_cash_gates_dominate_all_numeric_deltas[0-contains_order_capability-REJECT_ORDER_CAPABILITY]" time="0.000" />
    <testcase classname="tests.S02.P03_test" name="test_order_account_and_cash_gates_dominate_all_numeric_deltas[0-requires_live_account-REJECT_ACCOUNT_OR_API_ACCESS]" time="0.000" />
    <testcase classname="tests.S02.P03_test" name="test_order_account_and_cash_gates_dominate_all_numeric_deltas[0-requires_incremental_cash-REJECT_INCREMENTAL_CASH]" time="0.000" />
    <testcase classname="tests.S02.P03_test" name="test_order_account_and_cash_gates_dominate_all_numeric_deltas[0.0001-contains_order_capability-REJECT_ORDER_CAPABILITY]" time="0.000" />
    <testcase classname="tests.S02.P03_test" name="test_order_account_and_cash_gates_dominate_all_numeric_deltas[0.0001-requires_live_account-REJECT_ACCOUNT_OR_API_ACCESS]" time="0.000" />
    <testcase classname="tests.S02.P03_test" name="test_order_account_and_cash_gates_dominate_all_numeric_deltas[0.0001-requires_incremental_cash-REJECT_INCREMENTAL_CASH]" time="0.000" />
    <testcase classname="tests.S02.P03_test" name="test_reuse_admission_rejects_unknown_enums_non_boolean_flags_and_nonfrozen_numeric_input[kwargs0]" time="0.000" />
    <testcase classname="tests.S02.P03_test" name="test_reuse_admission_rejects_unknown_enums_non_boolean_flags_and_nonfrozen_numeric_input[kwargs1]" time="0.000" />
    <testcase classname="tests.S02.P03_test" name="test_reuse_admission_rejects_unknown_enums_non_boolean_flags_and_nonfrozen_numeric_input[kwargs2]" time="0.000" />
    <testcase classname="tests.S02.P03_test" name="test_reuse_admission_rejects_unknown_enums_non_boolean_flags_and_nonfrozen_numeric_input[kwargs3]" time="0.000" />
    <testcase classname="tests.S02.P03_test" name="test_reuse_admission_rejects_unknown_enums_non_boolean_flags_and_nonfrozen_numeric_input[kwargs4]" time="0.000" />
    <testcase classname="tests.S02.P03_test" name="test_reuse_admission_rejects_unknown_enums_non_boolean_flags_and_nonfrozen_numeric_input[kwargs5]" time="0.000" />
    <testcase classname="tests.S02.P03_test" name="test_reuse_admission_rejects_unknown_enums_non_boolean_flags_and_nonfrozen_numeric_input[kwargs6]" time="0.000" />
    <testcase classname="tests.S02.P03_test" name="test_reuse_admission_rejects_unknown_enums_non_boolean_flags_and_nonfrozen_numeric_input[kwargs7]" time="0.000" />
    <testcase classname="tests.S02.P03_test" name="test_reuse_admission_rejects_unknown_enums_non_boolean_flags_and_nonfrozen_numeric_input[kwargs8]" time="0.000" />
    <testcase classname="tests.S02.P03_test" name="test_reuse_admission_rejects_unknown_enums_non_boolean_flags_and_nonfrozen_numeric_input[kwargs9]" time="0.000" />
    <testcase classname="tests.S02.P03_test" name="test_reuse_admission_rejects_unknown_enums_non_boolean_flags_and_nonfrozen_numeric_input[kwargs10]" time="0.000" />
    <testcase classname="tests.S02.P03_test" name="test_reuse_admission_rejects_unknown_enums_non_boolean_flags_and_nonfrozen_numeric_input[kwargs11]" time="0.000" />
    <testcase classname="tests.S02.P03_test" name="test_reuse_admission_rejects_unknown_enums_non_boolean_flags_and_nonfrozen_numeric_input[kwargs12]" time="0.000" />
    <testcase classname="tests.S02.P03_test" name="test_taskpack_contract_drift_fails_closed[roadmap_title-S02P03-ROADMAP-EXACT]" time="0.000" />
    <testcase classname="tests.S02.P03_test" name="test_taskpack_contract_drift_fails_closed[roadmap_output-S02P03-ROADMAP-EXACT]" time="0.000" />
    <testcase classname="tests.S02.P03_test" name="test_taskpack_contract_drift_fails_closed[requirement_target-S02P03-REQUIREMENT-EXACT]" time="0.000" />
    <testcase classname="tests.S02.P03_test" name="test_taskpack_contract_drift_fails_closed[acceptance_command-S02P03-ACCEPTANCE-CONTRACT-EXACT]" time="0.000" />
    <testcase classname="tests.S02.P03_test" name="test_taskpack_contract_drift_fails_closed[task_dependency-S02P03-TASK-CHAIN-EXACT]" time="0.000" />
    <testcase classname="tests.S02.P03_test" name="test_taskpack_contract_drift_fails_closed[task_output-S02P03-TASK-CHAIN-EXACT]" time="0.000" />
    <testcase classname="tests.S02.P03_test" name="test_taskpack_contract_drift_fails_closed[task_owner-S02P03-TASK-CHAIN-EXACT]" time="0.000" />
    <testcase classname="tests.S02.P03_test" name="test_taskpack_contract_drift_fails_closed[trace_evidence-S02P03-TRACEABILITY-EXACT]" time="0.000" />
    <testcase classname="tests.S02.P03_test" name="test_reuse_matrix_tampering_fails_closed[status-S02P03-MATRIX-SHAPE]" time="0.000" />
    <testcase classname="tests.S02.P03_test" name="test_reuse_matrix_tampering_fails_closed[duplicate-S02P03-MATRIX-PROJECT-COVERAGE]" time="0.000" />
    <testcase classname="tests.S02.P03_test" name="test_reuse_matrix_tampering_fails_closed[repository-S02P03-MATRIX-REPOSITORIES-EXACT]" time="0.000" />
    <testcase classname="tests.S02.P03_test" name="test_reuse_matrix_tampering_fails_closed[commit-S02P03-MATRIX-COMMITS-EXACT]" time="0.000" />
    <testcase classname="tests.S02.P03_test" name="test_reuse_matrix_tampering_fails_closed[readme_hash-S02P03-MATRIX-README-PINS-EXACT]" time="0.000" />
    <testcase classname="tests.S02.P03_test" name="test_reuse_matrix_tampering_fails_closed[readme_url-S02P03-MATRIX-README-PINS-EXACT]" time="0.000" />
    <testcase classname="tests.S02.P03_test" name="test_reuse_matrix_tampering_fails_closed[decision-S02P03-MATRIX-DECISIONS-EXACT]" time="0.000" />
    <testcase classname="tests.S02.P03_test" name="test_reuse_matrix_tampering_fails_closed[adopt-S02P03-MATRIX-ADOPT-ADAPT-REJECT-COMPLETE]" time="0.000" />
    <testcase classname="tests.S02.P03_test" name="test_reuse_matrix_tampering_fails_closed[adapt-S02P03-MATRIX-ADOPT-ADAPT-REJECT-COMPLETE]" time="0.000" />
    <testcase classname="tests.S02.P03_test" name="test_reuse_matrix_tampering_fails_closed[reject_overlap-S02P03-MATRIX-ADOPT-ADAPT-REJECT-COMPLETE]" time="0.000" />
    <testcase classname="tests.S02.P03_test" name="test_reuse_matrix_tampering_fails_closed[api_url-S02P03-MATRIX-OFFICIAL-PINNED-URLS]" time="0.000" />
    <testcase classname="tests.S02.P03_test" name="test_reuse_matrix_tampering_fails_closed[global_copy-S02P03-MATRIX-GLOBAL-CONTROLS]" time="0.000" />
    <testcase classname="tests.S02.P03_test" name="test_reuse_matrix_tampering_fails_closed[silent_omission-S02P03-MATRIX-COVERAGE-NO-SILENT-OMISSION]" time="0.000" />
    <testcase classname="tests.S02.P03_test" name="test_reuse_matrix_tampering_fails_closed[cash-S02P03-MATRIX-NO-EXTERNAL-EFFECT]" time="0.000" />
    <testcase classname="tests.S02.P03_test" name="test_reuse_matrix_tampering_fails_closed[baseline_adopt-S02P03-MATRIX-BASELINE-CONTINUITY]" time="0.000" />
    <testcase classname="tests.S02.P03_test" name="test_reuse_matrix_tampering_fails_closed[flumine_order-S02P03-FLUMINE-ORDER-CAPABILITY-REJECTED]" time="0.000" />
    <testcase classname="tests.S02.P03_test" name="test_reuse_matrix_tampering_fails_closed[harvester_proxy-S02P03-ODDSHARVESTER-NO-BYPASS-OR-LIVE-SOURCE]" time="0.000" />
    <testcase classname="tests.S02.P03_test" name="test_reuse_matrix_tampering_fails_closed[unlicensed_copy-S02P03-UNLICENSED-CODE-REUSE-REJECTED]" time="0.000" />
    <testcase classname="tests.S02.P03_test" name="test_reuse_matrix_tampering_fails_closed[ml_return-S02P03-ML-DEMO-NO-MODEL-OR-RETURN-EVIDENCE]" time="0.000" />
    <testcase classname="tests.S02.P03_test" name="test_reuse_matrix_tampering_fails_closed[odds_service-S02P03-ODDS-API-CODE-SERVICE-SEPARATION]" time="0.000" />
    <testcase classname="tests.S02.P03_test" name="test_license_inventory_tampering_fails_closed[legal_advice-S02P03-LICENSE-POLICY-FAIL-CLOSED]" time="0.000" />
    <testcase classname="tests.S02.P03_test" name="test_license_inventory_tampering_fails_closed[class_controls-S02P03-LICENSE-CLASS-CONTROLS]" time="0.000" />
    <testcase classname="tests.S02.P03_test" name="test_license_inventory_tampering_fails_closed[duplicate-S02P03-LICENSE-ENTRY-COVERAGE]" time="0.000" />
    <testcase classname="tests.S02.P03_test" name="test_license_inventory_tampering_fails_closed[spdx-S02P03-LICENSE-PINS-EXACT]" time="0.000" />
    <testcase classname="tests.S02.P03_test" name="test_license_inventory_tampering_fails_closed[license_hash-S02P03-LICENSE-PINS-EXACT]" time="0.000" />
    <testcase classname="tests.S02.P03_test" name="test_license_inventory_tampering_fails_closed[license_blob-S02P03-LICENSE-PINS-EXACT]" time="0.000" />
    <testcase classname="tests.S02.P03_test" name="test_license_inventory_tampering_fails_closed[noassertion_path-S02P03-LICENSE-PINS-EXACT]" time="0.000" />
    <testcase classname="tests.S02.P03_test" name="test_license_inventory_tampering_fails_closed[noassertion_disposition-S02P03-LICENSE-NOASSERTION-REJECTS-COPY]" time="0.000" />
    <testcase classname="tests.S02.P03_test" name="test_license_inventory_tampering_fails_closed[apache_scope-S02P03-LICENSE-APACHE-CODE-SERVICE-BOUNDARY]" time="0.000" />
    <testcase classname="tests.S02.P03_test" name="test_license_inventory_tampering_fails_closed[mit_disposition-S02P03-LICENSE-MIT-NOTICE-AND-NO-P03-COPY]" time="0.000" />
    <testcase classname="tests.S02.P03_test" name="test_license_inventory_tampering_fails_closed[summary-S02P03-LICENSE-SUMMARY-EXACT]" time="0.000" />
    <testcase classname="tests.S02.P03_test" name="test_license_inventory_tampering_fails_closed[effects-S02P03-LICENSE-NO-EXTERNAL-EFFECT]" time="0.000" />
    <testcase classname="tests.S02.P03_test" name="test_strict_json_duplicate_keys_fail_closed[relative0]" time="0.000" />
    <testcase classname="tests.S02.P03_test" name="test_strict_json_duplicate_keys_fail_closed[relative1]" time="0.000" />
    <testcase classname="tests.S02.P03_test" name="test_strict_json_duplicate_keys_fail_closed[relative2]" time="0.000" />
    <testcase classname="tests.S02.P03_test" name="test_nonfinite_json_numbers_fail_closed[relative0-NaN]" time="0.000" />
    <testcase classname="tests.S02.P03_test" name="test_nonfinite_json_numbers_fail_closed[relative0-Infinity]" time="0.000" />
    <testcase classname="tests.S02.P03_test" name="test_nonfinite_json_numbers_fail_closed[relative0--Infinity]" time="0.000" />
    <testcase classname="tests.S02.P03_test" name="test_nonfinite_json_numbers_fail_closed[relative1-NaN]" time="0.000" />
    <testcase classname="tests.S02.P03_test" name="test_nonfinite_json_numbers_fail_closed[relative1-Infinity]" time="0.000" />
    <testcase classname="tests.S02.P03_test" name="test_nonfinite_json_numbers_fail_closed[relative1--Infinity]" time="0.000" />
    <testcase classname="tests.S02.P03_test" name="test_binary_float_in_authoritative_artifacts_fails_closed[relative0-project_count]" time="0.000" />
    <testcase classname="tests.S02.P03_test" name="test_binary_float_in_authoritative_artifacts_fails_closed[relative1-projects]" time="0.000" />
    <testcase classname="tests.S02.P03_test" name="test_binary_float_in_authoritative_artifacts_fails_closed[relative2-minimum_targeted_pytest_cases]" time="0.000" />
    <testcase classname="tests.S02.P03_test" name="test_p02_receipt_tamper_breaks_immutable_prerequisite" time="0.000" />
    <testcase classname="tests.S02.P03_test" name="test_p02_rollback_tamper_breaks_immutable_prerequisite" time="0.000" />
    <testcase classname="tests.S02.P03_test" name="test_any_p04_artifact_fails_current_phase_guard[research_gaps.json]" time="0.000" />
    <testcase classname="tests.S02.P03_test" name="test_any_p04_artifact_fails_current_phase_guard[counterevidence.json]" time="0.000" />
    <testcase classname="tests.S02.P03_test" name="test_any_p04_artifact_fails_current_phase_guard[review_schedule.json]" time="0.000" />
    <testcase classname="tests.S02.P03_test" name="test_any_p04_artifact_fails_current_phase_guard[tests/S02/P04_test.py]" time="0.000" />
    <testcase classname="tests.S02.P03_test" name="test_any_p04_artifact_fails_current_phase_guard[machine/tests/fixtures/S02_P04.json]" time="0.000" />
    <testcase classname="tests.S02.P03_test" name="test_any_p04_artifact_fails_current_phase_guard[machine/evidence/EVD-S02-P04.json]" time="0.000" />
    <testcase classname="tests.S02.P03_test" name="test_any_p04_artifact_fails_current_phase_guard[machine/evidence/EVD-S02-P04_rollback.json]" time="0.000" />
    <testcase classname="tests.S02.P03_test" name="test_evidence_index_p04_must_remain_planned" time="0.000" />
    <testcase classname="tests.S02.P03_test" name="test_rollback_drill_restores_all_eight_signed_artifacts_without_external_state" time="0.000" />
    <testcase classname="tests.S02.P03_test" name="test_rollback_drill_covers_exact_required_artifact[research_reuse_matrix.json]" time="0.000" />
    <testcase classname="tests.S02.P03_test" name="test_rollback_drill_covers_exact_required_artifact[license_inventory.json]" time="0.000" />
    <testcase classname="tests.S02.P03_test" name="test_rollback_drill_covers_exact_required_artifact[machine/tests/fixtures/S02_P03.json]" time="0.000" />
    <testcase classname="tests.S02.P03_test" name="test_rollback_drill_covers_exact_required_artifact[machine/evidence/EVD-S02-P02.json]" time="0.000" />
    <testcase classname="tests.S02.P03_test" name="test_rollback_drill_covers_exact_required_artifact[machine/evidence/EVD-S02-P02_rollback.json]" time="0.000" />
    <testcase classname="tests.S02.P03_test" name="test_rollback_drill_covers_exact_required_artifact[machine/facts/research_reuse_matrix.json]" time="0.000" />
    <testcase classname="tests.S02.P03_test" name="test_rollback_drill_covers_exact_required_artifact[machine/facts/sources.json]" time="0.000" />
    <testcase classname="tests.S02.P03_test" name="test_rollback_drill_covers_exact_required_artifact[.github/workflows/abd-stage0-validation.yml]" time="0.000" />
    <testcase classname="tests.S02.P03_test" name="test_evidence_build_is_deterministic_without_external_reports" time="0.000" />
    <testcase classname="tests.S02.P03_test" name="test_evidence_build_records_no_clone_install_account_api_order_model_cash_or_return_effect" time="0.000" />
    <testcase classname="tests.S02.P03_test" name="test_evidence_and_artifacts_contain_no_absolute_local_paths" time="0.000" />
    <testcase classname="tests.S02.P03_test" name="test_github_license_detection_is_not_legal_or_service_clearance" time="0.000" />
    <testcase classname="tests.S02.P03_test" name="test_unlicensed_repository_is_visible_but_not_reusable" time="0.000" />
    <testcase classname="tests.S02.P03_test" name="test_code_license_never_becomes_source_access_or_market_coverage_proof" time="0.000" />
    <testcase classname="tests.S02.P03_test" name="test_p03_evidence_paths_are_reserved_and_p04_remains_absent" time="0.000" />
  </testsuite>
</testsuites>
