<?xml version='1.0' encoding='utf-8'?>
<testsuites name="pytest tests">
  <testsuite name="pytest" errors="0" failures="0" skipped="0" tests="171" time="0.000" timestamp="2026-07-19T00:00:00+10:00">
    <testcase classname="tests.S05.P03_test" name="test_baseline_contract_passes_without_external_reports" time="0.000" />
    <testcase classname="tests.S05.P03_test" name="test_signed_p02_is_exact_phase_prerequisite" time="0.000" />
    <testcase classname="tests.S05.P03_test" name="test_phase_artifact_hash_matches_pin[cadence_tests.json]" time="0.000" />
    <testcase classname="tests.S05.P03_test" name="test_phase_artifact_hash_matches_pin[machine/tests/fixtures/S05_P03.json]" time="0.000" />
    <testcase classname="tests.S05.P03_test" name="test_phase_artifact_hash_matches_pin[rate_budget.json]" time="0.000" />
    <testcase classname="tests.S05.P03_test" name="test_phase_artifact_hash_matches_pin[scheduler.py]" time="0.000" />
    <testcase classname="tests.S05.P03_test" name="test_phase_artifact_hash_matches_pin[tests/S05/P03_test.py]" time="0.000" />
    <testcase classname="tests.S05.P03_test" name="test_baseline_artifact_hash_matches_pin[machine/evidence/EVD-S05-P02.json]" time="0.000" />
    <testcase classname="tests.S05.P03_test" name="test_baseline_artifact_hash_matches_pin[machine/evidence/EVD-S05-P02_rollback.json]" time="0.000" />
    <testcase classname="tests.S05.P03_test" name="test_baseline_artifact_hash_matches_pin[machine/facts/acceptance_contracts.json]" time="0.000" />
    <testcase classname="tests.S05.P03_test" name="test_baseline_artifact_hash_matches_pin[machine/facts/canonical_facts.json]" time="0.000" />
    <testcase classname="tests.S05.P03_test" name="test_baseline_artifact_hash_matches_pin[machine/facts/costs.json]" time="0.000" />
    <testcase classname="tests.S05.P03_test" name="test_baseline_artifact_hash_matches_pin[machine/facts/model_system_card.json]" time="0.000" />
    <testcase classname="tests.S05.P03_test" name="test_baseline_artifact_hash_matches_pin[machine/facts/parameters.json]" time="0.000" />
    <testcase classname="tests.S05.P03_test" name="test_baseline_artifact_hash_matches_pin[machine/facts/requirements.json]" time="0.000" />
    <testcase classname="tests.S05.P03_test" name="test_baseline_artifact_hash_matches_pin[machine/facts/roadmap.json]" time="0.000" />
    <testcase classname="tests.S05.P03_test" name="test_baseline_artifact_hash_matches_pin[machine/facts/task_graph.json]" time="0.000" />
    <testcase classname="tests.S05.P03_test" name="test_baseline_artifact_hash_matches_pin[machine/facts/traceability_matrix.json]" time="0.000" />
    <testcase classname="tests.S05.P03_test" name="test_baseline_artifact_hash_matches_pin[machine/tests/fixtures/schedule_boundary_vectors.json]" time="0.000" />
    <testcase classname="tests.S05.P03_test" name="test_baseline_artifact_hash_matches_pin[provider_contracts.json]" time="0.000" />
    <testcase classname="tests.S05.P03_test" name="test_baseline_artifact_hash_matches_pin[source_capabilities.json]" time="0.000" />
    <testcase classname="tests.S05.P03_test" name="test_oracle_source_has_normalized_structural_integrity" time="0.000" />
    <testcase classname="tests.S05.P03_test" name="test_artifact_identity_and_taskpack_binding_are_exact" time="0.000" />
    <testcase classname="tests.S05.P03_test" name="test_scheduler_artifact_is_offline_stdlib_only" time="0.000" />
    <testcase classname="tests.S05.P03_test" name="test_parse_timestamp_requires_an_explicit_offset" time="0.000" />
    <testcase classname="tests.S05.P03_test" name="test_each_cadence_band_matches_machine_parameters[more_than_24h]" time="0.000" />
    <testcase classname="tests.S05.P03_test" name="test_each_cadence_band_matches_machine_parameters[2h_to_24h]" time="0.000" />
    <testcase classname="tests.S05.P03_test" name="test_each_cadence_band_matches_machine_parameters[15m_to_2h]" time="0.000" />
    <testcase classname="tests.S05.P03_test" name="test_each_cadence_band_matches_machine_parameters[0_to_15m]" time="0.000" />
    <testcase classname="tests.S05.P03_test" name="test_each_cadence_band_matches_machine_parameters[live]" time="0.000" />
    <testcase classname="tests.S05.P03_test" name="test_cadence_order_and_recalculation_clock_are_exact" time="0.000" />
    <testcase classname="tests.S05.P03_test" name="test_declared_cadence_vector[MORE-THAN-24H]" time="0.000" />
    <testcase classname="tests.S05.P03_test" name="test_declared_cadence_vector[EXACT-24H-ADVERSE]" time="0.000" />
    <testcase classname="tests.S05.P03_test" name="test_declared_cadence_vector[ABOVE-2H]" time="0.000" />
    <testcase classname="tests.S05.P03_test" name="test_declared_cadence_vector[EXACT-2H-ADVERSE]" time="0.000" />
    <testcase classname="tests.S05.P03_test" name="test_declared_cadence_vector[ABOVE-15M]" time="0.000" />
    <testcase classname="tests.S05.P03_test" name="test_declared_cadence_vector[EXACT-15M-ADVERSE]" time="0.000" />
    <testcase classname="tests.S05.P03_test" name="test_declared_cadence_vector[LIVE-SUPPORTED]" time="0.000" />
    <testcase classname="tests.S05.P03_test" name="test_declared_cadence_vector[LIVE-UNSUPPORTED]" time="0.000" />
    <testcase classname="tests.S05.P03_test" name="test_original_taskpack_schedule_boundary_vector[vector0]" time="0.000" />
    <testcase classname="tests.S05.P03_test" name="test_original_taskpack_schedule_boundary_vector[vector1]" time="0.000" />
    <testcase classname="tests.S05.P03_test" name="test_original_taskpack_schedule_boundary_vector[vector2]" time="0.000" />
    <testcase classname="tests.S05.P03_test" name="test_original_taskpack_schedule_boundary_vector[vector3]" time="0.000" />
    <testcase classname="tests.S05.P03_test" name="test_original_taskpack_schedule_boundary_vector[vector4]" time="0.000" />
    <testcase classname="tests.S05.P03_test" name="test_original_taskpack_schedule_boundary_vector[vector5]" time="0.000" />
    <testcase classname="tests.S05.P03_test" name="test_original_taskpack_schedule_boundary_vector[vector6]" time="0.000" />
    <testcase classname="tests.S05.P03_test" name="test_original_taskpack_schedule_boundary_vector[vector7]" time="0.000" />
    <testcase classname="tests.S05.P03_test" name="test_adverse_time_boundary_classification[86401-more_than_24h]" time="0.000" />
    <testcase classname="tests.S05.P03_test" name="test_adverse_time_boundary_classification[86400-2h_to_24h]" time="0.000" />
    <testcase classname="tests.S05.P03_test" name="test_adverse_time_boundary_classification[7201-2h_to_24h]" time="0.000" />
    <testcase classname="tests.S05.P03_test" name="test_adverse_time_boundary_classification[7200-15m_to_2h]" time="0.000" />
    <testcase classname="tests.S05.P03_test" name="test_adverse_time_boundary_classification[901-15m_to_2h]" time="0.000" />
    <testcase classname="tests.S05.P03_test" name="test_adverse_time_boundary_classification[900-0_to_15m]" time="0.000" />
    <testcase classname="tests.S05.P03_test" name="test_adverse_time_boundary_classification[1-0_to_15m]" time="0.000" />
    <testcase classname="tests.S05.P03_test" name="test_invalid_or_started_prematch_time_fails_closed[0]" time="0.000" />
    <testcase classname="tests.S05.P03_test" name="test_invalid_or_started_prematch_time_fails_closed[-1]" time="0.000" />
    <testcase classname="tests.S05.P03_test" name="test_invalid_or_started_prematch_time_fails_closed[True]" time="0.000" />
    <testcase classname="tests.S05.P03_test" name="test_invalid_or_started_prematch_time_fails_closed[900]" time="0.000" />
    <testcase classname="tests.S05.P03_test" name="test_invalid_or_started_prematch_time_fails_closed[None]" time="0.000" />
    <testcase classname="tests.S05.P03_test" name="test_dispatch_deviation_gate[EARLY-EXACT-TWO-SECONDS]" time="0.000" />
    <testcase classname="tests.S05.P03_test" name="test_dispatch_deviation_gate[ON-CLOCK]" time="0.000" />
    <testcase classname="tests.S05.P03_test" name="test_dispatch_deviation_gate[LATE-EXACT-TWO-SECONDS]" time="0.000" />
    <testcase classname="tests.S05.P03_test" name="test_dispatch_deviation_gate[LATE-THREE-SECONDS]" time="0.000" />
    <testcase classname="tests.S05.P03_test" name="test_invalid_dispatch_timestamp_fails_closed[bad]" time="0.000" />
    <testcase classname="tests.S05.P03_test" name="test_invalid_dispatch_timestamp_fails_closed[2026-07-23T18:00:00]" time="0.000" />
    <testcase classname="tests.S05.P03_test" name="test_invalid_dispatch_timestamp_fails_closed[None]" time="0.000" />
    <testcase classname="tests.S05.P03_test" name="test_invalid_dispatch_timestamp_fails_closed[True]" time="0.000" />
    <testcase classname="tests.S05.P03_test" name="test_declared_freshness_vector[ADVICE-EXACT-LIMIT]" time="0.000" />
    <testcase classname="tests.S05.P03_test" name="test_declared_freshness_vector[ADVICE-ONE-SECOND-STALE]" time="0.000" />
    <testcase classname="tests.S05.P03_test" name="test_declared_freshness_vector[QUOTE-ONE-SECOND-STALE]" time="0.000" />
    <testcase classname="tests.S05.P03_test" name="test_exact_advice_age_is_eligible_but_one_microsecond_older_is_blocked[more_than_24h]" time="0.000" />
    <testcase classname="tests.S05.P03_test" name="test_exact_advice_age_is_eligible_but_one_microsecond_older_is_blocked[2h_to_24h]" time="0.000" />
    <testcase classname="tests.S05.P03_test" name="test_exact_advice_age_is_eligible_but_one_microsecond_older_is_blocked[15m_to_2h]" time="0.000" />
    <testcase classname="tests.S05.P03_test" name="test_exact_advice_age_is_eligible_but_one_microsecond_older_is_blocked[0_to_15m]" time="0.000" />
    <testcase classname="tests.S05.P03_test" name="test_exact_advice_age_is_eligible_but_one_microsecond_older_is_blocked[live]" time="0.000" />
    <testcase classname="tests.S05.P03_test" name="test_exact_quote_age_is_usable_but_one_microsecond_older_is_blocked[more_than_24h]" time="0.000" />
    <testcase classname="tests.S05.P03_test" name="test_exact_quote_age_is_usable_but_one_microsecond_older_is_blocked[2h_to_24h]" time="0.000" />
    <testcase classname="tests.S05.P03_test" name="test_exact_quote_age_is_usable_but_one_microsecond_older_is_blocked[15m_to_2h]" time="0.000" />
    <testcase classname="tests.S05.P03_test" name="test_exact_quote_age_is_usable_but_one_microsecond_older_is_blocked[0_to_15m]" time="0.000" />
    <testcase classname="tests.S05.P03_test" name="test_exact_quote_age_is_usable_but_one_microsecond_older_is_blocked[live]" time="0.000" />
    <testcase classname="tests.S05.P03_test" name="test_older_of_source_and_observation_timestamps_controls_freshness" time="0.000" />
    <testcase classname="tests.S05.P03_test" name="test_freshness_fault_fails_closed[UNTRUSTED-CLOCK]" time="0.000" />
    <testcase classname="tests.S05.P03_test" name="test_freshness_fault_fails_closed[MISSING-HASH]" time="0.000" />
    <testcase classname="tests.S05.P03_test" name="test_freshness_fault_fails_closed[MALFORMED-HASH]" time="0.000" />
    <testcase classname="tests.S05.P03_test" name="test_freshness_fault_fails_closed[FUTURE-SOURCE-TIME]" time="0.000" />
    <testcase classname="tests.S05.P03_test" name="test_freshness_fault_fails_closed[FUTURE-OBSERVED-TIME]" time="0.000" />
    <testcase classname="tests.S05.P03_test" name="test_freshness_fault_fails_closed[NAIVE-SOURCE-TIME]" time="0.000" />
    <testcase classname="tests.S05.P03_test" name="test_freshness_fault_fails_closed[UNKNOWN-BAND]" time="0.000" />
    <testcase classname="tests.S05.P03_test" name="test_advice_age_itself_is_also_bounded" time="0.000" />
    <testcase classname="tests.S05.P03_test" name="test_real_budget_matrix_exactly_covers_signed_p02_capabilities" time="0.000" />
    <testcase classname="tests.S05.P03_test" name="test_every_real_capability_budget_remains_zero_and_disabled[CAP-TAB-PUBLIC_BROWSER]" time="0.000" />
    <testcase classname="tests.S05.P03_test" name="test_every_real_capability_budget_remains_zero_and_disabled[CAP-TAB-FILE_OR_STATIC_DATA]" time="0.000" />
    <testcase classname="tests.S05.P03_test" name="test_every_real_capability_budget_remains_zero_and_disabled[CAP-TAB-FREE_ENDPOINT]" time="0.000" />
    <testcase classname="tests.S05.P03_test" name="test_every_real_capability_budget_remains_zero_and_disabled[CAP-TAB-AUTHENTICATED_OBSERVER]" time="0.000" />
    <testcase classname="tests.S05.P03_test" name="test_every_real_capability_budget_remains_zero_and_disabled[CAP-TAB-OWNER_DEVICE_OVERLAY]" time="0.000" />
    <testcase classname="tests.S05.P03_test" name="test_every_real_capability_budget_remains_zero_and_disabled[CAP-SPORTSBET-PUBLIC_BROWSER]" time="0.000" />
    <testcase classname="tests.S05.P03_test" name="test_every_real_capability_budget_remains_zero_and_disabled[CAP-SPORTSBET-FILE_OR_STATIC_DATA]" time="0.000" />
    <testcase classname="tests.S05.P03_test" name="test_every_real_capability_budget_remains_zero_and_disabled[CAP-SPORTSBET-FREE_ENDPOINT]" time="0.000" />
    <testcase classname="tests.S05.P03_test" name="test_every_real_capability_budget_remains_zero_and_disabled[CAP-SPORTSBET-AUTHENTICATED_OBSERVER]" time="0.000" />
    <testcase classname="tests.S05.P03_test" name="test_every_real_capability_budget_remains_zero_and_disabled[CAP-SPORTSBET-OWNER_DEVICE_OVERLAY]" time="0.000" />
    <testcase classname="tests.S05.P03_test" name="test_every_real_capability_budget_remains_zero_and_disabled[CAP-OTHER_OBSERVABLE_PROVIDER-PUBLIC_BROWSER]" time="0.000" />
    <testcase classname="tests.S05.P03_test" name="test_every_real_capability_budget_remains_zero_and_disabled[CAP-OTHER_OBSERVABLE_PROVIDER-FILE_OR_STATIC_DATA]" time="0.000" />
    <testcase classname="tests.S05.P03_test" name="test_every_real_capability_budget_remains_zero_and_disabled[CAP-OTHER_OBSERVABLE_PROVIDER-FREE_ENDPOINT]" time="0.000" />
    <testcase classname="tests.S05.P03_test" name="test_every_real_capability_budget_remains_zero_and_disabled[CAP-OTHER_OBSERVABLE_PROVIDER-AUTHENTICATED_OBSERVER]" time="0.000" />
    <testcase classname="tests.S05.P03_test" name="test_every_real_capability_budget_remains_zero_and_disabled[CAP-OTHER_OBSERVABLE_PROVIDER-OWNER_DEVICE_OVERLAY]" time="0.000" />
    <testcase classname="tests.S05.P03_test" name="test_even_forged_allow_decision_cannot_plan_a_real_capability[CAP-TAB-PUBLIC_BROWSER]" time="0.000" />
    <testcase classname="tests.S05.P03_test" name="test_even_forged_allow_decision_cannot_plan_a_real_capability[CAP-TAB-FILE_OR_STATIC_DATA]" time="0.000" />
    <testcase classname="tests.S05.P03_test" name="test_even_forged_allow_decision_cannot_plan_a_real_capability[CAP-TAB-FREE_ENDPOINT]" time="0.000" />
    <testcase classname="tests.S05.P03_test" name="test_even_forged_allow_decision_cannot_plan_a_real_capability[CAP-TAB-AUTHENTICATED_OBSERVER]" time="0.000" />
    <testcase classname="tests.S05.P03_test" name="test_even_forged_allow_decision_cannot_plan_a_real_capability[CAP-TAB-OWNER_DEVICE_OVERLAY]" time="0.000" />
    <testcase classname="tests.S05.P03_test" name="test_even_forged_allow_decision_cannot_plan_a_real_capability[CAP-SPORTSBET-PUBLIC_BROWSER]" time="0.000" />
    <testcase classname="tests.S05.P03_test" name="test_even_forged_allow_decision_cannot_plan_a_real_capability[CAP-SPORTSBET-FILE_OR_STATIC_DATA]" time="0.000" />
    <testcase classname="tests.S05.P03_test" name="test_even_forged_allow_decision_cannot_plan_a_real_capability[CAP-SPORTSBET-FREE_ENDPOINT]" time="0.000" />
    <testcase classname="tests.S05.P03_test" name="test_even_forged_allow_decision_cannot_plan_a_real_capability[CAP-SPORTSBET-AUTHENTICATED_OBSERVER]" time="0.000" />
    <testcase classname="tests.S05.P03_test" name="test_even_forged_allow_decision_cannot_plan_a_real_capability[CAP-SPORTSBET-OWNER_DEVICE_OVERLAY]" time="0.000" />
    <testcase classname="tests.S05.P03_test" name="test_even_forged_allow_decision_cannot_plan_a_real_capability[CAP-OTHER_OBSERVABLE_PROVIDER-PUBLIC_BROWSER]" time="0.000" />
    <testcase classname="tests.S05.P03_test" name="test_even_forged_allow_decision_cannot_plan_a_real_capability[CAP-OTHER_OBSERVABLE_PROVIDER-FILE_OR_STATIC_DATA]" time="0.000" />
    <testcase classname="tests.S05.P03_test" name="test_even_forged_allow_decision_cannot_plan_a_real_capability[CAP-OTHER_OBSERVABLE_PROVIDER-FREE_ENDPOINT]" time="0.000" />
    <testcase classname="tests.S05.P03_test" name="test_even_forged_allow_decision_cannot_plan_a_real_capability[CAP-OTHER_OBSERVABLE_PROVIDER-AUTHENTICATED_OBSERVER]" time="0.000" />
    <testcase classname="tests.S05.P03_test" name="test_even_forged_allow_decision_cannot_plan_a_real_capability[CAP-OTHER_OBSERVABLE_PROVIDER-OWNER_DEVICE_OVERLAY]" time="0.000" />
    <testcase classname="tests.S05.P03_test" name="test_frozen_synthetic_budget_is_only_positive_planning_path" time="0.000" />
    <testcase classname="tests.S05.P03_test" name="test_declared_schedule_fault_fails_closed[SOURCE-GATE-DENIED]" time="0.000" />
    <testcase classname="tests.S05.P03_test" name="test_declared_schedule_fault_fails_closed[FIXTURE-IN-PRODUCTION]" time="0.000" />
    <testcase classname="tests.S05.P03_test" name="test_declared_schedule_fault_fails_closed[POSITIVE-CASH]" time="0.000" />
    <testcase classname="tests.S05.P03_test" name="test_declared_schedule_fault_fails_closed[UNKNOWN-CASH]" time="0.000" />
    <testcase classname="tests.S05.P03_test" name="test_declared_schedule_fault_fails_closed[UNKNOWN-CAPABILITY]" time="0.000" />
    <testcase classname="tests.S05.P03_test" name="test_declared_schedule_fault_fails_closed[BUDGET-EXHAUSTED]" time="0.000" />
    <testcase classname="tests.S05.P03_test" name="test_declared_schedule_fault_fails_closed[BOOLEAN-DISPATCH-COUNT]" time="0.000" />
    <testcase classname="tests.S05.P03_test" name="test_declared_schedule_fault_fails_closed[UNKNOWN-STATUS]" time="0.000" />
    <testcase classname="tests.S05.P03_test" name="test_declared_schedule_fault_fails_closed[BOOLEAN-TIME]" time="0.000" />
    <testcase classname="tests.S05.P03_test" name="test_declared_schedule_fault_fails_closed[STARTED-WITHOUT-LIVE]" time="0.000" />
    <testcase classname="tests.S05.P03_test" name="test_declared_schedule_fault_fails_closed[LIVE-UNSUPPORTED]" time="0.000" />
    <testcase classname="tests.S05.P03_test" name="test_declared_schedule_fault_fails_closed[DISPATCH-LATE]" time="0.000" />
    <testcase classname="tests.S05.P03_test" name="test_declared_schedule_fault_fails_closed[NAIVE-DISPATCH-TIME]" time="0.000" />
    <testcase classname="tests.S05.P03_test" name="test_declared_schedule_fault_fails_closed[NEGATIVE-FAILURE-COUNT]" time="0.000" />
    <testcase classname="tests.S05.P03_test" name="test_declared_schedule_fault_fails_closed[MISSING-CAPABILITY]" time="0.000" />
    <testcase classname="tests.S05.P03_test" name="test_backoff_vector_is_deterministic_and_capped[vector0]" time="0.000" />
    <testcase classname="tests.S05.P03_test" name="test_backoff_vector_is_deterministic_and_capped[vector1]" time="0.000" />
    <testcase classname="tests.S05.P03_test" name="test_backoff_vector_is_deterministic_and_capped[vector2]" time="0.000" />
    <testcase classname="tests.S05.P03_test" name="test_backoff_vector_is_deterministic_and_capped[vector3]" time="0.000" />
    <testcase classname="tests.S05.P03_test" name="test_backoff_vector_is_deterministic_and_capped[vector4]" time="0.000" />
    <testcase classname="tests.S05.P03_test" name="test_backoff_vector_is_deterministic_and_capped[vector5]" time="0.000" />
    <testcase classname="tests.S05.P03_test" name="test_backoff_vector_is_deterministic_and_capped[vector6]" time="0.000" />
    <testcase classname="tests.S05.P03_test" name="test_backoff_vector_is_deterministic_and_capped[vector7]" time="0.000" />
    <testcase classname="tests.S05.P03_test" name="test_backoff_vector_is_deterministic_and_capped[vector8]" time="0.000" />
    <testcase classname="tests.S05.P03_test" name="test_invalid_backoff_count_is_rejected[-1]" time="0.000" />
    <testcase classname="tests.S05.P03_test" name="test_invalid_backoff_count_is_rejected[True]" time="0.000" />
    <testcase classname="tests.S05.P03_test" name="test_invalid_backoff_count_is_rejected[1]" time="0.000" />
    <testcase classname="tests.S05.P03_test" name="test_invalid_backoff_count_is_rejected[None]" time="0.000" />
    <testcase classname="tests.S05.P03_test" name="test_failed_dispatch_uses_later_of_cadence_and_backoff" time="0.000" />
    <testcase classname="tests.S05.P03_test" name="test_ten_thousandth_and_adverse_odds_tick_do_not_relax_time_or_source_gates[-0.0001]" time="0.000" />
    <testcase classname="tests.S05.P03_test" name="test_ten_thousandth_and_adverse_odds_tick_do_not_relax_time_or_source_gates[0]" time="0.000" />
    <testcase classname="tests.S05.P03_test" name="test_ten_thousandth_and_adverse_odds_tick_do_not_relax_time_or_source_gates[0.0001]" time="0.000" />
    <testcase classname="tests.S05.P03_test" name="test_schedule_replay_is_byte_deterministic" time="0.000" />
    <testcase classname="tests.S05.P03_test" name="test_enabling_one_real_budget_fails_candidate" time="0.000" />
    <testcase classname="tests.S05.P03_test" name="test_removing_one_real_budget_fails_candidate" time="0.000" />
    <testcase classname="tests.S05.P03_test" name="test_relaxing_advice_freshness_fails_candidate" time="0.000" />
    <testcase classname="tests.S05.P03_test" name="test_scheduler_source_mutation_fails_hash_pin" time="0.000" />
    <testcase classname="tests.S05.P03_test" name="test_p04_remains_planned_and_unstarted" time="0.000" />
    <testcase classname="tests.S05.P03_test" name="test_partial_p04_candidate_fails_closed" time="0.000" />
    <testcase classname="tests.S05.P03_test" name="test_evidence_build_is_deterministic_without_external_reports" time="0.000" />
    <testcase classname="tests.S05.P03_test" name="test_rollback_drill_restores_every_changed_artifact" time="0.000" />
    <testcase classname="tests.S05.P03_test" name="test_external_report_mode_fails_closed_when_reports_are_absent" time="0.000" />
    <testcase classname="tests.S05.P03_test" name="test_write_evidence_rejects_path_outside_project" time="0.000" />
    <testcase classname="tests.S05.P03_test" name="test_oracle_cli_is_wired_to_exact_contract" time="0.000" />
    <testcase classname="tests.S05.P03_test" name="test_readme_init_and_cli_reference_p03_contract" time="0.000" />
    <testcase classname="tests.S05.P03_test" name="test_signed_receipt_is_fail_closed_when_absent_or_verifiable" time="0.000" />
    <testcase classname="tests.S05.P03_test" name="test_candidate_preflight_does_not_recursively_verify_p02" time="0.000" />
    <testcase classname="tests.S05.P03_test" name="test_artifacts_contain_no_secret_or_machine_specific_path" time="0.000" />
    <testcase classname="tests.S05.P03_test" name="test_external_effect_boundary_matches_fixture_and_has_no_runtime_claim" time="0.000" />
    <testcase classname="tests.S05.P03_test" name="test_canonical_financial_order_and_target_boundaries_are_unchanged" time="0.000" />
  </testsuite>
</testsuites>
