<?xml version='1.0' encoding='utf-8'?>
<testsuites name="pytest tests">
  <testsuite name="pytest" errors="0" failures="0" skipped="0" tests="38" time="0.000" timestamp="2026-07-19T00:00:00+10:00">
    <testcase classname="tests.S17.P03_test" name="test_fixture_is_exact_s17_p03_contract" time="0.000" />
    <testcase classname="tests.S17.P03_test" name="test_chaos_policy_keeps_stale_data_and_actions_disabled" time="0.000" />
    <testcase classname="tests.S17.P03_test" name="test_each_frozen_scenario_replays_to_its_pinned_result[BASELINE_HEALTHY_CURRENT]" time="0.000" />
    <testcase classname="tests.S17.P03_test" name="test_each_frozen_scenario_replays_to_its_pinned_result[PROCESS_EXIT_FAIL_CLOSED]" time="0.000" />
    <testcase classname="tests.S17.P03_test" name="test_each_frozen_scenario_replays_to_its_pinned_result[DNS_FAILURE_FAIL_CLOSED]" time="0.000" />
    <testcase classname="tests.S17.P03_test" name="test_each_frozen_scenario_replays_to_its_pinned_result[NETWORK_FAILURE_FAIL_CLOSED]" time="0.000" />
    <testcase classname="tests.S17.P03_test" name="test_each_frozen_scenario_replays_to_its_pinned_result[PAGE_SCHEMA_CHANGE_FAIL_CLOSED]" time="0.000" />
    <testcase classname="tests.S17.P03_test" name="test_each_frozen_scenario_replays_to_its_pinned_result[DISK_PRESSURE_FAIL_CLOSED]" time="0.000" />
    <testcase classname="tests.S17.P03_test" name="test_each_frozen_scenario_replays_to_its_pinned_result[MEMORY_PRESSURE_FAIL_CLOSED]" time="0.000" />
    <testcase classname="tests.S17.P03_test" name="test_each_frozen_scenario_replays_to_its_pinned_result[CLOCK_SKEW_FAIL_CLOSED]" time="0.000" />
    <testcase classname="tests.S17.P03_test" name="test_each_frozen_scenario_replays_to_its_pinned_result[MODEL_ARTIFACT_CORRUPTION_FAIL_CLOSED]" time="0.000" />
    <testcase classname="tests.S17.P03_test" name="test_all_required_fault_classes_are_included_once" time="0.000" />
    <testcase classname="tests.S17.P03_test" name="test_every_error_auto_degrades_and_rejects_stale_data" time="0.000" />
    <testcase classname="tests.S17.P03_test" name="test_healthy_frozen_current_snapshot_never_turns_on_action" time="0.000" />
    <testcase classname="tests.S17.P03_test" name="test_plus_minus_one_in_ten_thousand_and_adverse_tick_stay_fail_closed" time="0.000" />
    <testcase classname="tests.S17.P03_test" name="test_report_aggregate_and_stale_gate_are_exact" time="0.000" />
    <testcase classname="tests.S17.P03_test" name="test_structured_fault_log_is_complete_and_local_only" time="0.000" />
    <testcase classname="tests.S17.P03_test" name="test_artifact_is_deterministic_across_two_builds" time="0.000" />
    <testcase classname="tests.S17.P03_test" name="test_current_generated_report_replays_exactly" time="0.000" />
    <testcase classname="tests.S17.P03_test" name="test_generator_source_hash_is_bound_into_report" time="0.000" />
    <testcase classname="tests.S17.P03_test" name="test_current_report_is_machine_readable" time="0.000" />
    <testcase classname="tests.S17.P03_test" name="test_invalid_product_version_fixture_fails_closed" time="0.000" />
    <testcase classname="tests.S17.P03_test" name="test_missing_fault_vector_fixture_fails_closed" time="0.000" />
    <testcase classname="tests.S17.P03_test" name="test_wrong_stale_data_policy_fixture_fails_closed" time="0.000" />
    <testcase classname="tests.S17.P03_test" name="test_wrong_predecessor_hash_fixture_fails_closed" time="0.000" />
    <testcase classname="tests.S17.P03_test" name="test_unapproved_fault_mutation_cannot_replay" time="0.000" />
    <testcase classname="tests.S17.P03_test" name="test_out_of_range_probability_boundary_fixture_fails_closed" time="0.000" />
    <testcase classname="tests.S17.P03_test" name="test_all_records_keep_recommendation_and_order_disabled" time="0.000" />
    <testcase classname="tests.S17.P03_test" name="test_claim_boundary_excludes_live_faults_runtime_and_soak" time="0.000" />
    <testcase classname="tests.S17.P03_test" name="test_execution_policy_excludes_actual_faults_and_real_time_soak" time="0.000" />
    <testcase classname="tests.S17.P03_test" name="test_p02_predecessor_is_bound_in_report" time="0.000" />
    <testcase classname="tests.S17.P03_test" name="test_p01_signed_receipt_remains_verifiable_after_shared_dispatcher_growth" time="0.000" />
    <testcase classname="tests.S17.P03_test" name="test_p02_signed_receipt_remains_verifiable_after_shared_dispatcher_growth" time="0.000" />
    <testcase classname="tests.S17.P03_test" name="test_candidate_preflight_passes_before_signing" time="0.000" />
    <testcase classname="tests.S17.P03_test" name="test_full_acceptance_preflight_has_expected_number_of_checks" time="0.000" />
    <testcase classname="tests.S17.P03_test" name="test_cli_has_the_exact_p03_writer_and_verifier_mapping" time="0.000" />
    <testcase classname="tests.S17.P03_test" name="test_legacy_successor_chain_stays_exact_without_allow_list_expansion" time="0.000" />
    <testcase classname="tests.S17.P03_test" name="test_rollback_drill_is_local_and_preserves_predecessor" time="0.000" />
  </testsuite>
</testsuites>
