<?xml version='1.0' encoding='utf-8'?>
<testsuites name="pytest tests">
  <testsuite name="pytest" errors="0" failures="0" skipped="0" tests="235" time="0.000" timestamp="2026-07-19T00:00:00+10:00">
    <testcase classname="tests.S03.P02_test" name="test_baseline_advice_card_contract_passes_without_runtime_reports" time="0.000" />
    <testcase classname="tests.S03.P02_test" name="test_p01_delivery_is_exact_start_prerequisite" time="0.000" />
    <testcase classname="tests.S03.P02_test" name="test_frozen_phase_artifact_hashes_match_oracle_pins[advice_card_fixtures.json]" time="0.000" />
    <testcase classname="tests.S03.P02_test" name="test_frozen_phase_artifact_hashes_match_oracle_pins[advice_card_schema.json]" time="0.000" />
    <testcase classname="tests.S03.P02_test" name="test_frozen_phase_artifact_hashes_match_oracle_pins[machine/tests/fixtures/S03_P02.json]" time="0.000" />
    <testcase classname="tests.S03.P02_test" name="test_frozen_phase_artifact_hashes_match_oracle_pins[tests/S03/P02_test.py]" time="0.000" />
    <testcase classname="tests.S03.P02_test" name="test_frozen_baseline_hashes_match_oracle_pins[forbidden_ui_terms.json]" time="0.000" />
    <testcase classname="tests.S03.P02_test" name="test_frozen_baseline_hashes_match_oracle_pins[glossary_zh.json]" time="0.000" />
    <testcase classname="tests.S03.P02_test" name="test_frozen_baseline_hashes_match_oracle_pins[machine/evidence/EVD-S03-P01.json]" time="0.000" />
    <testcase classname="tests.S03.P02_test" name="test_frozen_baseline_hashes_match_oracle_pins[machine/evidence/EVD-S03-P01_rollback.json]" time="0.000" />
    <testcase classname="tests.S03.P02_test" name="test_frozen_baseline_hashes_match_oracle_pins[machine/facts/acceptance_contracts.json]" time="0.000" />
    <testcase classname="tests.S03.P02_test" name="test_frozen_baseline_hashes_match_oracle_pins[machine/facts/canonical_facts.json]" time="0.000" />
    <testcase classname="tests.S03.P02_test" name="test_frozen_baseline_hashes_match_oracle_pins[machine/facts/model_system_card.json]" time="0.000" />
    <testcase classname="tests.S03.P02_test" name="test_frozen_baseline_hashes_match_oracle_pins[machine/facts/parameters.json]" time="0.000" />
    <testcase classname="tests.S03.P02_test" name="test_frozen_baseline_hashes_match_oracle_pins[machine/facts/requirements.json]" time="0.000" />
    <testcase classname="tests.S03.P02_test" name="test_frozen_baseline_hashes_match_oracle_pins[machine/facts/task_graph.json]" time="0.000" />
    <testcase classname="tests.S03.P02_test" name="test_frozen_baseline_hashes_match_oracle_pins[machine/facts/traceability_matrix.json]" time="0.000" />
    <testcase classname="tests.S03.P02_test" name="test_frozen_baseline_hashes_match_oracle_pins[tests/S03/P01_test.py]" time="0.000" />
    <testcase classname="tests.S03.P02_test" name="test_oracle_source_has_normalized_structural_integrity" time="0.000" />
    <testcase classname="tests.S03.P02_test" name="test_current_taskpack_report_matches_exact_external_gate_shape" time="0.000" />
    <testcase classname="tests.S03.P02_test" name="test_taskpack_report_gate_fails_closed_on_summary_mutation[status-FAIL]" time="0.000" />
    <testcase classname="tests.S03.P02_test" name="test_taskpack_report_gate_fails_closed_on_summary_mutation[summary.checks-48]" time="0.000" />
    <testcase classname="tests.S03.P02_test" name="test_taskpack_report_gate_fails_closed_on_summary_mutation[summary.passed-48]" time="0.000" />
    <testcase classname="tests.S03.P02_test" name="test_taskpack_report_gate_fails_closed_on_summary_mutation[summary.failed-1]" time="0.000" />
    <testcase classname="tests.S03.P02_test" name="test_current_paid_dependency_scan_matches_exact_external_gate_shape" time="0.000" />
    <testcase classname="tests.S03.P02_test" name="test_paid_dependency_scan_gate_fails_closed_when_required_line_is_missing[STATUS: PASS]" time="0.000" />
    <testcase classname="tests.S03.P02_test" name="test_paid_dependency_scan_gate_fails_closed_when_required_line_is_missing[MAX_INCREMENTAL_CASH_AUD: 0.00]" time="0.000" />
    <testcase classname="tests.S03.P02_test" name="test_paid_dependency_scan_gate_fails_closed_when_required_line_is_missing[PAID_OR_UNKNOWN_DEPENDENCIES: 0]" time="0.000" />
    <testcase classname="tests.S03.P02_test" name="test_paid_dependency_scan_gate_fails_closed_when_required_line_is_missing[EXTERNAL_NETWORK_ACCESS_PERFORMED: false]" time="0.000" />
    <testcase classname="tests.S03.P02_test" name="test_paid_dependency_scan_gate_fails_closed_when_required_line_is_missing[EXTERNAL_ACCOUNT_OR_BILLING_ACCESS_PERFORMED: false]" time="0.000" />
    <testcase classname="tests.S03.P02_test" name="test_schema_is_valid_draft_2020_12" time="0.000" />
    <testcase classname="tests.S03.P02_test" name="test_every_root_field_is_declared_and_required[schema_version]" time="0.000" />
    <testcase classname="tests.S03.P02_test" name="test_every_root_field_is_declared_and_required[card_id]" time="0.000" />
    <testcase classname="tests.S03.P02_test" name="test_every_root_field_is_declared_and_required[sydney_date]" time="0.000" />
    <testcase classname="tests.S03.P02_test" name="test_every_root_field_is_declared_and_required[timezone]" time="0.000" />
    <testcase classname="tests.S03.P02_test" name="test_every_root_field_is_declared_and_required[generated_at]" time="0.000" />
    <testcase classname="tests.S03.P02_test" name="test_every_root_field_is_declared_and_required[status]" time="0.000" />
    <testcase classname="tests.S03.P02_test" name="test_every_root_field_is_declared_and_required[status_label_zh]" time="0.000" />
    <testcase classname="tests.S03.P02_test" name="test_every_root_field_is_declared_and_required[status_symbol]" time="0.000" />
    <testcase classname="tests.S03.P02_test" name="test_every_root_field_is_declared_and_required[status_color]" time="0.000" />
    <testcase classname="tests.S03.P02_test" name="test_every_root_field_is_declared_and_required[headline_zh]" time="0.000" />
    <testcase classname="tests.S03.P02_test" name="test_every_root_field_is_declared_and_required[summary_zh]" time="0.000" />
    <testcase classname="tests.S03.P02_test" name="test_every_root_field_is_declared_and_required[display_order]" time="0.000" />
    <testcase classname="tests.S03.P02_test" name="test_every_root_field_is_declared_and_required[action]" time="0.000" />
    <testcase classname="tests.S03.P02_test" name="test_every_root_field_is_declared_and_required[countdown]" time="0.000" />
    <testcase classname="tests.S03.P02_test" name="test_every_root_field_is_declared_and_required[reasons]" time="0.000" />
    <testcase classname="tests.S03.P02_test" name="test_every_root_field_is_declared_and_required[evidence]" time="0.000" />
    <testcase classname="tests.S03.P02_test" name="test_every_root_field_is_declared_and_required[invalidation]" time="0.000" />
    <testcase classname="tests.S03.P02_test" name="test_every_root_field_is_declared_and_required[safety]" time="0.000" />
    <testcase classname="tests.S03.P02_test" name="test_every_root_field_is_declared_and_required[provenance]" time="0.000" />
    <testcase classname="tests.S03.P02_test" name="test_every_action_field_is_declared_and_required[action_type]" time="0.000" />
    <testcase classname="tests.S03.P02_test" name="test_every_action_field_is_declared_and_required[platform_zh]" time="0.000" />
    <testcase classname="tests.S03.P02_test" name="test_every_action_field_is_declared_and_required[event_zh]" time="0.000" />
    <testcase classname="tests.S03.P02_test" name="test_every_action_field_is_declared_and_required[market_zh]" time="0.000" />
    <testcase classname="tests.S03.P02_test" name="test_every_action_field_is_declared_and_required[selection_zh]" time="0.000" />
    <testcase classname="tests.S03.P02_test" name="test_every_action_field_is_declared_and_required[stake_cents]" time="0.000" />
    <testcase classname="tests.S03.P02_test" name="test_every_action_field_is_declared_and_required[stake_display_zh]" time="0.000" />
    <testcase classname="tests.S03.P02_test" name="test_every_action_field_is_declared_and_required[observed_odds_decimal]" time="0.000" />
    <testcase classname="tests.S03.P02_test" name="test_every_action_field_is_declared_and_required[observed_odds_display_zh]" time="0.000" />
    <testcase classname="tests.S03.P02_test" name="test_every_action_field_is_declared_and_required[minimum_odds_decimal]" time="0.000" />
    <testcase classname="tests.S03.P02_test" name="test_every_action_field_is_declared_and_required[minimum_odds_display_zh]" time="0.000" />
    <testcase classname="tests.S03.P02_test" name="test_every_action_field_is_declared_and_required[user_instruction_zh]" time="0.000" />
    <testcase classname="tests.S03.P02_test" name="test_display_order_is_exact_and_action_is_second[1-status]" time="0.000" />
    <testcase classname="tests.S03.P02_test" name="test_display_order_is_exact_and_action_is_second[2-action]" time="0.000" />
    <testcase classname="tests.S03.P02_test" name="test_display_order_is_exact_and_action_is_second[3-countdown]" time="0.000" />
    <testcase classname="tests.S03.P02_test" name="test_display_order_is_exact_and_action_is_second[4-reasons]" time="0.000" />
    <testcase classname="tests.S03.P02_test" name="test_display_order_is_exact_and_action_is_second[5-evidence]" time="0.000" />
    <testcase classname="tests.S03.P02_test" name="test_display_order_is_exact_and_action_is_second[6-invalidation]" time="0.000" />
    <testcase classname="tests.S03.P02_test" name="test_display_order_is_exact_and_action_is_second[7-safety]" time="0.000" />
    <testcase classname="tests.S03.P02_test" name="test_every_frozen_color_pair_has_text_contrast[status_palette-RECOMMENDATION]" time="0.000" />
    <testcase classname="tests.S03.P02_test" name="test_every_frozen_color_pair_has_text_contrast[status_palette-NO_RECOMMENDATION]" time="0.000" />
    <testcase classname="tests.S03.P02_test" name="test_every_frozen_color_pair_has_text_contrast[countdown_palette-ACTIVE]" time="0.000" />
    <testcase classname="tests.S03.P02_test" name="test_every_frozen_color_pair_has_text_contrast[countdown_palette-EXPIRING]" time="0.000" />
    <testcase classname="tests.S03.P02_test" name="test_every_frozen_color_pair_has_text_contrast[countdown_palette-EXPIRED]" time="0.000" />
    <testcase classname="tests.S03.P02_test" name="test_four_primary_questions_have_unique_direct_pointers[0-WHAT]" time="0.000" />
    <testcase classname="tests.S03.P02_test" name="test_four_primary_questions_have_unique_direct_pointers[1-WHERE]" time="0.000" />
    <testcase classname="tests.S03.P02_test" name="test_four_primary_questions_have_unique_direct_pointers[2-AMOUNT]" time="0.000" />
    <testcase classname="tests.S03.P02_test" name="test_four_primary_questions_have_unique_direct_pointers[3-MINIMUM_ODDS]" time="0.000" />
    <testcase classname="tests.S03.P02_test" name="test_base_recommendation_contains_every_frozen_root_field[schema_version]" time="0.000" />
    <testcase classname="tests.S03.P02_test" name="test_base_recommendation_contains_every_frozen_root_field[card_id]" time="0.000" />
    <testcase classname="tests.S03.P02_test" name="test_base_recommendation_contains_every_frozen_root_field[sydney_date]" time="0.000" />
    <testcase classname="tests.S03.P02_test" name="test_base_recommendation_contains_every_frozen_root_field[timezone]" time="0.000" />
    <testcase classname="tests.S03.P02_test" name="test_base_recommendation_contains_every_frozen_root_field[generated_at]" time="0.000" />
    <testcase classname="tests.S03.P02_test" name="test_base_recommendation_contains_every_frozen_root_field[status]" time="0.000" />
    <testcase classname="tests.S03.P02_test" name="test_base_recommendation_contains_every_frozen_root_field[status_label_zh]" time="0.000" />
    <testcase classname="tests.S03.P02_test" name="test_base_recommendation_contains_every_frozen_root_field[status_symbol]" time="0.000" />
    <testcase classname="tests.S03.P02_test" name="test_base_recommendation_contains_every_frozen_root_field[status_color]" time="0.000" />
    <testcase classname="tests.S03.P02_test" name="test_base_recommendation_contains_every_frozen_root_field[headline_zh]" time="0.000" />
    <testcase classname="tests.S03.P02_test" name="test_base_recommendation_contains_every_frozen_root_field[summary_zh]" time="0.000" />
    <testcase classname="tests.S03.P02_test" name="test_base_recommendation_contains_every_frozen_root_field[display_order]" time="0.000" />
    <testcase classname="tests.S03.P02_test" name="test_base_recommendation_contains_every_frozen_root_field[action]" time="0.000" />
    <testcase classname="tests.S03.P02_test" name="test_base_recommendation_contains_every_frozen_root_field[countdown]" time="0.000" />
    <testcase classname="tests.S03.P02_test" name="test_base_recommendation_contains_every_frozen_root_field[reasons]" time="0.000" />
    <testcase classname="tests.S03.P02_test" name="test_base_recommendation_contains_every_frozen_root_field[evidence]" time="0.000" />
    <testcase classname="tests.S03.P02_test" name="test_base_recommendation_contains_every_frozen_root_field[invalidation]" time="0.000" />
    <testcase classname="tests.S03.P02_test" name="test_base_recommendation_contains_every_frozen_root_field[safety]" time="0.000" />
    <testcase classname="tests.S03.P02_test" name="test_base_recommendation_contains_every_frozen_root_field[provenance]" time="0.000" />
    <testcase classname="tests.S03.P02_test" name="test_base_recommendation_contains_every_action_field[action_type]" time="0.000" />
    <testcase classname="tests.S03.P02_test" name="test_base_recommendation_contains_every_action_field[platform_zh]" time="0.000" />
    <testcase classname="tests.S03.P02_test" name="test_base_recommendation_contains_every_action_field[event_zh]" time="0.000" />
    <testcase classname="tests.S03.P02_test" name="test_base_recommendation_contains_every_action_field[market_zh]" time="0.000" />
    <testcase classname="tests.S03.P02_test" name="test_base_recommendation_contains_every_action_field[selection_zh]" time="0.000" />
    <testcase classname="tests.S03.P02_test" name="test_base_recommendation_contains_every_action_field[stake_cents]" time="0.000" />
    <testcase classname="tests.S03.P02_test" name="test_base_recommendation_contains_every_action_field[stake_display_zh]" time="0.000" />
    <testcase classname="tests.S03.P02_test" name="test_base_recommendation_contains_every_action_field[observed_odds_decimal]" time="0.000" />
    <testcase classname="tests.S03.P02_test" name="test_base_recommendation_contains_every_action_field[observed_odds_display_zh]" time="0.000" />
    <testcase classname="tests.S03.P02_test" name="test_base_recommendation_contains_every_action_field[minimum_odds_decimal]" time="0.000" />
    <testcase classname="tests.S03.P02_test" name="test_base_recommendation_contains_every_action_field[minimum_odds_display_zh]" time="0.000" />
    <testcase classname="tests.S03.P02_test" name="test_base_recommendation_contains_every_action_field[user_instruction_zh]" time="0.000" />
    <testcase classname="tests.S03.P02_test" name="test_primary_answers_are_directly_extractable[what_zh-\u6f14\u793a\u7532\u961f \u5bf9 \u6f14\u793a\u4e59\u961f\uff5c\u5168\u573a\u80dc\u8d1f\uff5c\u6f14\u793a\u7532\u961f\u83b7\u80dc]" time="0.000" />
    <testcase classname="tests.S03.P02_test" name="test_primary_answers_are_directly_extractable[where_zh-\u6f14\u793a\u5e73\u53f0]" time="0.000" />
    <testcase classname="tests.S03.P02_test" name="test_primary_answers_are_directly_extractable[amount_zh-A$4.50]" time="0.000" />
    <testcase classname="tests.S03.P02_test" name="test_primary_answers_are_directly_extractable[minimum_odds_zh-\u6700\u4f4e\u53ef\u63a5\u53d7\u8d54\u73872.050000]" time="0.000" />
    <testcase classname="tests.S03.P02_test" name="test_recommendation_visible_text_passes_p01_chinese_gate" time="0.000" />
    <testcase classname="tests.S03.P02_test" name="test_every_invalidation_condition_is_visible_and_frozen[\u5f53\u524d\u8d54\u7387\u4f4e\u4e8e\u6700\u4f4e\u53ef\u63a5\u53d7\u8d54\u7387]" time="0.000" />
    <testcase classname="tests.S03.P02_test" name="test_every_invalidation_condition_is_visible_and_frozen[\u8d5b\u4e8b\u3001\u76d8\u53e3\u3001\u9009\u62e9\u6216\u7ed3\u7b97\u89c4\u5219\u4e0e\u5361\u7247\u4e0d\u4e00\u81f4]" time="0.000" />
    <testcase classname="tests.S03.P02_test" name="test_every_invalidation_condition_is_visible_and_frozen[\u5012\u8ba1\u65f6\u7ed3\u675f\u6216\u62a5\u4ef7\u8fc7\u671f]" time="0.000" />
    <testcase classname="tests.S03.P02_test" name="test_every_invalidation_condition_is_visible_and_frozen[\u8bc1\u636e\u3001\u6765\u6e90\u3001\u6a21\u578b\u3001\u7a33\u5b9a\u6027\u6216\u98ce\u9669\u95e8\u4e0d\u518d\u901a\u8fc7]" time="0.000" />
    <testcase classname="tests.S03.P02_test" name="test_every_invalidation_condition_is_visible_and_frozen[\u5e73\u53f0\u9875\u9762\u65e0\u6cd5\u6838\u5bf9\u6216\u52a8\u4f5c\u901a\u9053\u4e0d\u660e\u786e]" time="0.000" />
    <testcase classname="tests.S03.P02_test" name="test_every_boundary_vector_is_deterministic_and_fail_closed[ODDS-AT-MINIMUM]" time="0.000" />
    <testcase classname="tests.S03.P02_test" name="test_every_boundary_vector_is_deterministic_and_fail_closed[ODDS-ONE-TICK-BELOW]" time="0.000" />
    <testcase classname="tests.S03.P02_test" name="test_every_boundary_vector_is_deterministic_and_fail_closed[DELTA-MINUS-STABLE]" time="0.000" />
    <testcase classname="tests.S03.P02_test" name="test_every_boundary_vector_is_deterministic_and_fail_closed[DELTA-ZERO-STABLE]" time="0.000" />
    <testcase classname="tests.S03.P02_test" name="test_every_boundary_vector_is_deterministic_and_fail_closed[DELTA-PLUS-STABLE]" time="0.000" />
    <testcase classname="tests.S03.P02_test" name="test_every_boundary_vector_is_deterministic_and_fail_closed[DELTA-MINUS-FLIP]" time="0.000" />
    <testcase classname="tests.S03.P02_test" name="test_every_boundary_vector_is_deterministic_and_fail_closed[DELTA-PLUS-FLIP]" time="0.000" />
    <testcase classname="tests.S03.P02_test" name="test_every_boundary_vector_is_deterministic_and_fail_closed[ADVERSE-ODDS-TICK-FLIP]" time="0.000" />
    <testcase classname="tests.S03.P02_test" name="test_every_boundary_vector_is_deterministic_and_fail_closed[COUNTDOWN-SIXTY-SECONDS]" time="0.000" />
    <testcase classname="tests.S03.P02_test" name="test_every_boundary_vector_is_deterministic_and_fail_closed[COUNTDOWN-ONE-SECOND]" time="0.000" />
    <testcase classname="tests.S03.P02_test" name="test_every_boundary_vector_is_deterministic_and_fail_closed[COUNTDOWN-EXACTLY-EXPIRED]" time="0.000" />
    <testcase classname="tests.S03.P02_test" name="test_every_boundary_vector_is_deterministic_and_fail_closed[COUNTDOWN-PAST]" time="0.000" />
    <testcase classname="tests.S03.P02_test" name="test_every_failed_upstream_gate_downgrades_to_no_recommendation[IDENTITY-FAIL]" time="0.000" />
    <testcase classname="tests.S03.P02_test" name="test_every_failed_upstream_gate_downgrades_to_no_recommendation[QUOTE-STALE]" time="0.000" />
    <testcase classname="tests.S03.P02_test" name="test_every_failed_upstream_gate_downgrades_to_no_recommendation[EVIDENCE-FAIL]" time="0.000" />
    <testcase classname="tests.S03.P02_test" name="test_every_failed_upstream_gate_downgrades_to_no_recommendation[RISK-FAIL]" time="0.000" />
    <testcase classname="tests.S03.P02_test" name="test_every_failed_upstream_gate_downgrades_to_no_recommendation[STABILITY-FAIL]" time="0.000" />
    <testcase classname="tests.S03.P02_test" name="test_every_failed_upstream_gate_downgrades_to_no_recommendation[ACTION-CHANNEL-FAIL]" time="0.000" />
    <testcase classname="tests.S03.P02_test" name="test_every_failed_upstream_gate_downgrades_to_no_recommendation[PROVIDER-CONTRACT-FAIL]" time="0.000" />
    <testcase classname="tests.S03.P02_test" name="test_every_malformed_input_is_strictly_rejected[MISSING-PLATFORM]" time="0.000" />
    <testcase classname="tests.S03.P02_test" name="test_every_malformed_input_is_strictly_rejected[MULTIPLE-PLATFORMS]" time="0.000" />
    <testcase classname="tests.S03.P02_test" name="test_every_malformed_input_is_strictly_rejected[NEGATIVE-STAKE]" time="0.000" />
    <testcase classname="tests.S03.P02_test" name="test_every_malformed_input_is_strictly_rejected[FLOAT-STAKE]" time="0.000" />
    <testcase classname="tests.S03.P02_test" name="test_every_malformed_input_is_strictly_rejected[SCIENTIFIC-ODDS]" time="0.000" />
    <testcase classname="tests.S03.P02_test" name="test_every_malformed_input_is_strictly_rejected[NAN-ODDS]" time="0.000" />
    <testcase classname="tests.S03.P02_test" name="test_every_malformed_input_is_strictly_rejected[FLOAT-ODDS]" time="0.000" />
    <testcase classname="tests.S03.P02_test" name="test_every_malformed_input_is_strictly_rejected[UNKNOWN-STATUS]" time="0.000" />
    <testcase classname="tests.S03.P02_test" name="test_every_malformed_input_is_strictly_rejected[UNKNOWN-DELTA]" time="0.000" />
    <testcase classname="tests.S03.P02_test" name="test_every_malformed_input_is_strictly_rejected[INVALID-TIMESTAMP]" time="0.000" />
    <testcase classname="tests.S03.P02_test" name="test_every_malformed_input_is_strictly_rejected[RAW-MACHINE-UI-TEXT]" time="0.000" />
    <testcase classname="tests.S03.P02_test" name="test_every_malformed_input_is_strictly_rejected[EMPTY-REASONS]" time="0.000" />
    <testcase classname="tests.S03.P02_test" name="test_every_malformed_input_has_a_valid_safe_no_recommendation[MISSING-PLATFORM]" time="0.000" />
    <testcase classname="tests.S03.P02_test" name="test_every_malformed_input_has_a_valid_safe_no_recommendation[MULTIPLE-PLATFORMS]" time="0.000" />
    <testcase classname="tests.S03.P02_test" name="test_every_malformed_input_has_a_valid_safe_no_recommendation[NEGATIVE-STAKE]" time="0.000" />
    <testcase classname="tests.S03.P02_test" name="test_every_malformed_input_has_a_valid_safe_no_recommendation[FLOAT-STAKE]" time="0.000" />
    <testcase classname="tests.S03.P02_test" name="test_every_malformed_input_has_a_valid_safe_no_recommendation[SCIENTIFIC-ODDS]" time="0.000" />
    <testcase classname="tests.S03.P02_test" name="test_every_malformed_input_has_a_valid_safe_no_recommendation[NAN-ODDS]" time="0.000" />
    <testcase classname="tests.S03.P02_test" name="test_every_malformed_input_has_a_valid_safe_no_recommendation[FLOAT-ODDS]" time="0.000" />
    <testcase classname="tests.S03.P02_test" name="test_every_malformed_input_has_a_valid_safe_no_recommendation[UNKNOWN-STATUS]" time="0.000" />
    <testcase classname="tests.S03.P02_test" name="test_every_malformed_input_has_a_valid_safe_no_recommendation[UNKNOWN-DELTA]" time="0.000" />
    <testcase classname="tests.S03.P02_test" name="test_every_malformed_input_has_a_valid_safe_no_recommendation[INVALID-TIMESTAMP]" time="0.000" />
    <testcase classname="tests.S03.P02_test" name="test_every_malformed_input_has_a_valid_safe_no_recommendation[RAW-MACHINE-UI-TEXT]" time="0.000" />
    <testcase classname="tests.S03.P02_test" name="test_every_malformed_input_has_a_valid_safe_no_recommendation[EMPTY-REASONS]" time="0.000" />
    <testcase classname="tests.S03.P02_test" name="test_every_invalid_rendered_card_mutation_is_rejected[AUTO-ORDER-TRUE]" time="0.000" />
    <testcase classname="tests.S03.P02_test" name="test_every_invalid_rendered_card_mutation_is_rejected[GUARANTEED-RETURN-TRUE]" time="0.000" />
    <testcase classname="tests.S03.P02_test" name="test_every_invalid_rendered_card_mutation_is_rejected[RELAX-GATE-TRUE]" time="0.000" />
    <testcase classname="tests.S03.P02_test" name="test_every_invalid_rendered_card_mutation_is_rejected[WRONG-FIELD-ORDER]" time="0.000" />
    <testcase classname="tests.S03.P02_test" name="test_every_invalid_rendered_card_mutation_is_rejected[SECOND-PLATFORM-AS-LIST]" time="0.000" />
    <testcase classname="tests.S03.P02_test" name="test_every_invalid_rendered_card_mutation_is_rejected[MINIMUM-ODDS-HIDDEN]" time="0.000" />
    <testcase classname="tests.S03.P02_test" name="test_every_invalid_rendered_card_mutation_is_rejected[EXPIRED-STILL-RECOMMENDS]" time="0.000" />
    <testcase classname="tests.S03.P02_test" name="test_every_invalid_rendered_card_mutation_is_rejected[RAW-UI-TOKEN]" time="0.000" />
    <testcase classname="tests.S03.P02_test" name="test_every_invalid_rendered_card_mutation_is_rejected[ARTIFACT-HASH-TAMPER]" time="0.000" />
    <testcase classname="tests.S03.P02_test" name="test_replay_is_stable_across_distinct_synthetic_input_ids[0]" time="0.000" />
    <testcase classname="tests.S03.P02_test" name="test_replay_is_stable_across_distinct_synthetic_input_ids[1]" time="0.000" />
    <testcase classname="tests.S03.P02_test" name="test_replay_is_stable_across_distinct_synthetic_input_ids[2]" time="0.000" />
    <testcase classname="tests.S03.P02_test" name="test_replay_is_stable_across_distinct_synthetic_input_ids[3]" time="0.000" />
    <testcase classname="tests.S03.P02_test" name="test_replay_is_stable_across_distinct_synthetic_input_ids[4]" time="0.000" />
    <testcase classname="tests.S03.P02_test" name="test_replay_is_stable_across_distinct_synthetic_input_ids[5]" time="0.000" />
    <testcase classname="tests.S03.P02_test" name="test_replay_is_stable_across_distinct_synthetic_input_ids[6]" time="0.000" />
    <testcase classname="tests.S03.P02_test" name="test_replay_is_stable_across_distinct_synthetic_input_ids[7]" time="0.000" />
    <testcase classname="tests.S03.P02_test" name="test_replay_is_stable_across_distinct_synthetic_input_ids[8]" time="0.000" />
    <testcase classname="tests.S03.P02_test" name="test_replay_is_stable_across_distinct_synthetic_input_ids[9]" time="0.000" />
    <testcase classname="tests.S03.P02_test" name="test_replay_is_stable_across_distinct_synthetic_input_ids[10]" time="0.000" />
    <testcase classname="tests.S03.P02_test" name="test_replay_is_stable_across_distinct_synthetic_input_ids[11]" time="0.000" />
    <testcase classname="tests.S03.P02_test" name="test_replay_is_stable_across_distinct_synthetic_input_ids[12]" time="0.000" />
    <testcase classname="tests.S03.P02_test" name="test_replay_is_stable_across_distinct_synthetic_input_ids[13]" time="0.000" />
    <testcase classname="tests.S03.P02_test" name="test_replay_is_stable_across_distinct_synthetic_input_ids[14]" time="0.000" />
    <testcase classname="tests.S03.P02_test" name="test_replay_is_stable_across_distinct_synthetic_input_ids[15]" time="0.000" />
    <testcase classname="tests.S03.P02_test" name="test_replay_is_stable_across_distinct_synthetic_input_ids[16]" time="0.000" />
    <testcase classname="tests.S03.P02_test" name="test_replay_is_stable_across_distinct_synthetic_input_ids[17]" time="0.000" />
    <testcase classname="tests.S03.P02_test" name="test_replay_is_stable_across_distinct_synthetic_input_ids[18]" time="0.000" />
    <testcase classname="tests.S03.P02_test" name="test_replay_is_stable_across_distinct_synthetic_input_ids[19]" time="0.000" />
    <testcase classname="tests.S03.P02_test" name="test_replay_is_stable_across_distinct_synthetic_input_ids[20]" time="0.000" />
    <testcase classname="tests.S03.P02_test" name="test_replay_is_stable_across_distinct_synthetic_input_ids[21]" time="0.000" />
    <testcase classname="tests.S03.P02_test" name="test_replay_is_stable_across_distinct_synthetic_input_ids[22]" time="0.000" />
    <testcase classname="tests.S03.P02_test" name="test_replay_is_stable_across_distinct_synthetic_input_ids[23]" time="0.000" />
    <testcase classname="tests.S03.P02_test" name="test_replay_is_stable_across_distinct_synthetic_input_ids[24]" time="0.000" />
    <testcase classname="tests.S03.P02_test" name="test_replay_is_stable_across_distinct_synthetic_input_ids[25]" time="0.000" />
    <testcase classname="tests.S03.P02_test" name="test_replay_is_stable_across_distinct_synthetic_input_ids[26]" time="0.000" />
    <testcase classname="tests.S03.P02_test" name="test_replay_is_stable_across_distinct_synthetic_input_ids[27]" time="0.000" />
    <testcase classname="tests.S03.P02_test" name="test_replay_is_stable_across_distinct_synthetic_input_ids[28]" time="0.000" />
    <testcase classname="tests.S03.P02_test" name="test_replay_is_stable_across_distinct_synthetic_input_ids[29]" time="0.000" />
    <testcase classname="tests.S03.P02_test" name="test_frozen_numeric_delta_representations_are_accepted[-0.0001]" time="0.000" />
    <testcase classname="tests.S03.P02_test" name="test_frozen_numeric_delta_representations_are_accepted[0]" time="0.000" />
    <testcase classname="tests.S03.P02_test" name="test_frozen_numeric_delta_representations_are_accepted[0.0001]" time="0.000" />
    <testcase classname="tests.S03.P02_test" name="test_non_frozen_numeric_delta_representations_are_rejected[0.0000]" time="0.000" />
    <testcase classname="tests.S03.P02_test" name="test_non_frozen_numeric_delta_representations_are_rejected[0.00010]" time="0.000" />
    <testcase classname="tests.S03.P02_test" name="test_non_frozen_numeric_delta_representations_are_rejected[1e-4]" time="0.000" />
    <testcase classname="tests.S03.P02_test" name="test_non_frozen_numeric_delta_representations_are_rejected[NaN]" time="0.000" />
    <testcase classname="tests.S03.P02_test" name="test_non_frozen_numeric_delta_representations_are_rejected[0.0001]" time="0.000" />
    <testcase classname="tests.S03.P02_test" name="test_non_frozen_numeric_delta_representations_are_rejected[None]" time="0.000" />
    <testcase classname="tests.S03.P02_test" name="test_gate_values_reject_non_boolean_truthy_inputs[identity_passed]" time="0.000" />
    <testcase classname="tests.S03.P02_test" name="test_gate_values_reject_non_boolean_truthy_inputs[quote_fresh]" time="0.000" />
    <testcase classname="tests.S03.P02_test" name="test_gate_values_reject_non_boolean_truthy_inputs[evidence_gate_passed]" time="0.000" />
    <testcase classname="tests.S03.P02_test" name="test_gate_values_reject_non_boolean_truthy_inputs[risk_gate_passed]" time="0.000" />
    <testcase classname="tests.S03.P02_test" name="test_gate_values_reject_non_boolean_truthy_inputs[stability_gate_passed]" time="0.000" />
    <testcase classname="tests.S03.P02_test" name="test_gate_values_reject_non_boolean_truthy_inputs[action_channel_verified]" time="0.000" />
    <testcase classname="tests.S03.P02_test" name="test_gate_values_reject_non_boolean_truthy_inputs[provider_contract_passed]" time="0.000" />
    <testcase classname="tests.S03.P02_test" name="test_no_recommendation_has_four_immediate_safe_answers" time="0.000" />
    <testcase classname="tests.S03.P02_test" name="test_daily_card_collection_rejects_duplicate_same_day_cards" time="0.000" />
    <testcase classname="tests.S03.P02_test" name="test_card_schema_and_fixture_state_only_two_outcomes" time="0.000" />
    <testcase classname="tests.S03.P02_test" name="test_contract_does_not_claim_human_timing_or_deployment" time="0.000" />
    <testcase classname="tests.S03.P02_test" name="test_synthetic_fixture_cannot_be_mistaken_for_real_advice" time="0.000" />
    <testcase classname="tests.S03.P02_test" name="test_owner_final_action_and_no_guarantee_are_schema_constants" time="0.000" />
    <testcase classname="tests.S03.P02_test" name="test_rollback_drill_restores_all_signed_card_inputs" time="0.000" />
    <testcase classname="tests.S03.P02_test" name="test_evidence_build_is_deterministic_without_runtime_reports" time="0.000" />
    <testcase classname="tests.S03.P02_test" name="test_existing_evidence_verifier_is_fail_closed_when_absent_or_current" time="0.000" />
    <testcase classname="tests.S03.P02_test" name="test_oracle_rejects_tampered_phase_or_prerequisite_artifacts[relative0-S03P02-HASH-ADVICE_CARD_SCHEMA-JSON]" time="0.000" />
    <testcase classname="tests.S03.P02_test" name="test_oracle_rejects_tampered_phase_or_prerequisite_artifacts[relative1-S03P02-HASH-ADVICE_CARD_FIXTURES-JSON]" time="0.000" />
    <testcase classname="tests.S03.P02_test" name="test_oracle_rejects_tampered_phase_or_prerequisite_artifacts[relative2-S03P02-HASH-MACHINE-TESTS-FIXTURES-S03_P02-JSON]" time="0.000" />
    <testcase classname="tests.S03.P02_test" name="test_oracle_rejects_tampered_phase_or_prerequisite_artifacts[relative3-S03P02-HASH-GLOSSARY_ZH-JSON]" time="0.000" />
    <testcase classname="tests.S03.P02_test" name="test_oracle_rejects_tampered_phase_or_prerequisite_artifacts[relative4-S03P02-HASH-MACHINE-EVIDENCE-EVD-S03-P01-JSON]" time="0.000" />
    <testcase classname="tests.S03.P02_test" name="test_oracle_rejects_its_own_source_tampering" time="0.000" />
    <testcase classname="tests.S03.P02_test" name="test_schema_rejects_unknown_root_and_action_fields" time="0.000" />
    <testcase classname="tests.S03.P02_test" name="test_external_effect_boundary_is_all_false_and_zero_cash" time="0.000" />
    <testcase classname="tests.S03.P02_test" name="test_p03_and_later_artifacts_are_not_started" time="0.000" />
  </testsuite>
</testsuites>
