<?xml version='1.0' encoding='utf-8'?>
<testsuites name="pytest tests">
  <testsuite name="pytest" errors="0" failures="0" skipped="0" tests="161" time="0.000" timestamp="2026-07-19T00:00:00+10:00">
    <testcase classname="tests.S02.P02_test" name="test_baseline_model_risk_research_contract_passes_without_runtime_reports" time="0.000" />
    <testcase classname="tests.S02.P02_test" name="test_p01_signed_receipt_is_the_exact_prerequisite_without_successor_recursion" time="0.000" />
    <testcase classname="tests.S02.P02_test" name="test_phase_artifact_hashes_match_oracle_pins[relative0]" time="0.000" />
    <testcase classname="tests.S02.P02_test" name="test_phase_artifact_hashes_match_oracle_pins[relative1]" time="0.000" />
    <testcase classname="tests.S02.P02_test" name="test_phase_artifact_hashes_match_oracle_pins[relative2]" time="0.000" />
    <testcase classname="tests.S02.P02_test" name="test_every_paper_has_exact_primary_identifier_url_date_level_and_limits[PAPER-S02-P02-001]" time="0.000" />
    <testcase classname="tests.S02.P02_test" name="test_every_paper_has_exact_primary_identifier_url_date_level_and_limits[PAPER-S02-P02-002]" time="0.000" />
    <testcase classname="tests.S02.P02_test" name="test_every_paper_has_exact_primary_identifier_url_date_level_and_limits[PAPER-S02-P02-003]" time="0.000" />
    <testcase classname="tests.S02.P02_test" name="test_every_paper_has_exact_primary_identifier_url_date_level_and_limits[PAPER-S02-P02-004]" time="0.000" />
    <testcase classname="tests.S02.P02_test" name="test_every_paper_has_exact_primary_identifier_url_date_level_and_limits[PAPER-S02-P02-005]" time="0.000" />
    <testcase classname="tests.S02.P02_test" name="test_every_paper_has_exact_primary_identifier_url_date_level_and_limits[PAPER-S02-P02-006]" time="0.000" />
    <testcase classname="tests.S02.P02_test" name="test_every_paper_has_exact_primary_identifier_url_date_level_and_limits[PAPER-S02-P02-007]" time="0.000" />
    <testcase classname="tests.S02.P02_test" name="test_every_paper_has_exact_primary_identifier_url_date_level_and_limits[PAPER-S02-P02-008]" time="0.000" />
    <testcase classname="tests.S02.P02_test" name="test_every_model_claim_is_explicitly_bounded_and_resolves_to_papers[CLM-S02-P02-001]" time="0.000" />
    <testcase classname="tests.S02.P02_test" name="test_every_model_claim_is_explicitly_bounded_and_resolves_to_papers[CLM-S02-P02-002]" time="0.000" />
    <testcase classname="tests.S02.P02_test" name="test_every_model_claim_is_explicitly_bounded_and_resolves_to_papers[CLM-S02-P02-003]" time="0.000" />
    <testcase classname="tests.S02.P02_test" name="test_every_model_claim_is_explicitly_bounded_and_resolves_to_papers[CLM-S02-P02-004]" time="0.000" />
    <testcase classname="tests.S02.P02_test" name="test_every_model_claim_is_explicitly_bounded_and_resolves_to_papers[CLM-S02-P02-005]" time="0.000" />
    <testcase classname="tests.S02.P02_test" name="test_every_model_claim_is_explicitly_bounded_and_resolves_to_papers[CLM-S02-P02-006]" time="0.000" />
    <testcase classname="tests.S02.P02_test" name="test_every_model_claim_is_explicitly_bounded_and_resolves_to_papers[CLM-S02-P02-007]" time="0.000" />
    <testcase classname="tests.S02.P02_test" name="test_every_model_claim_is_explicitly_bounded_and_resolves_to_papers[CLM-S02-P02-008]" time="0.000" />
    <testcase classname="tests.S02.P02_test" name="test_every_model_claim_is_explicitly_bounded_and_resolves_to_papers[CLM-S02-P02-009]" time="0.000" />
    <testcase classname="tests.S02.P02_test" name="test_every_model_claim_is_explicitly_bounded_and_resolves_to_papers[CLM-S02-P02-010]" time="0.000" />
    <testcase classname="tests.S02.P02_test" name="test_every_model_claim_is_explicitly_bounded_and_resolves_to_papers[CLM-S02-P02-011]" time="0.000" />
    <testcase classname="tests.S02.P02_test" name="test_every_model_claim_is_explicitly_bounded_and_resolves_to_papers[CLM-S02-P02-012]" time="0.000" />
    <testcase classname="tests.S02.P02_test" name="test_every_model_claim_is_explicitly_bounded_and_resolves_to_papers[CLM-S02-P02-013]" time="0.000" />
    <testcase classname="tests.S02.P02_test" name="test_every_model_claim_is_explicitly_bounded_and_resolves_to_papers[CLM-S02-P02-014]" time="0.000" />
    <testcase classname="tests.S02.P02_test" name="test_every_local_threshold_is_exactly_bound_to_parameters_and_not_paper_derived[expected0]" time="0.000" />
    <testcase classname="tests.S02.P02_test" name="test_every_local_threshold_is_exactly_bound_to_parameters_and_not_paper_derived[expected1]" time="0.000" />
    <testcase classname="tests.S02.P02_test" name="test_every_local_threshold_is_exactly_bound_to_parameters_and_not_paper_derived[expected2]" time="0.000" />
    <testcase classname="tests.S02.P02_test" name="test_every_local_threshold_is_exactly_bound_to_parameters_and_not_paper_derived[expected3]" time="0.000" />
    <testcase classname="tests.S02.P02_test" name="test_every_local_threshold_is_exactly_bound_to_parameters_and_not_paper_derived[expected4]" time="0.000" />
    <testcase classname="tests.S02.P02_test" name="test_every_local_threshold_is_exactly_bound_to_parameters_and_not_paper_derived[expected5]" time="0.000" />
    <testcase classname="tests.S02.P02_test" name="test_every_local_threshold_is_exactly_bound_to_parameters_and_not_paper_derived[expected6]" time="0.000" />
    <testcase classname="tests.S02.P02_test" name="test_every_local_threshold_is_exactly_bound_to_parameters_and_not_paper_derived[expected7]" time="0.000" />
    <testcase classname="tests.S02.P02_test" name="test_every_local_threshold_is_exactly_bound_to_parameters_and_not_paper_derived[expected8]" time="0.000" />
    <testcase classname="tests.S02.P02_test" name="test_every_local_threshold_is_exactly_bound_to_parameters_and_not_paper_derived[expected9]" time="0.000" />
    <testcase classname="tests.S02.P02_test" name="test_every_local_threshold_is_exactly_bound_to_parameters_and_not_paper_derived[expected10]" time="0.000" />
    <testcase classname="tests.S02.P02_test" name="test_every_local_threshold_is_exactly_bound_to_parameters_and_not_paper_derived[expected11]" time="0.000" />
    <testcase classname="tests.S02.P02_test" name="test_every_local_threshold_is_exactly_bound_to_parameters_and_not_paper_derived[expected12]" time="0.000" />
    <testcase classname="tests.S02.P02_test" name="test_every_local_threshold_is_exactly_bound_to_parameters_and_not_paper_derived[expected13]" time="0.000" />
    <testcase classname="tests.S02.P02_test" name="test_every_local_threshold_is_exactly_bound_to_parameters_and_not_paper_derived[expected14]" time="0.000" />
    <testcase classname="tests.S02.P02_test" name="test_every_local_threshold_is_exactly_bound_to_parameters_and_not_paper_derived[expected15]" time="0.000" />
    <testcase classname="tests.S02.P02_test" name="test_every_local_threshold_is_exactly_bound_to_parameters_and_not_paper_derived[expected16]" time="0.000" />
    <testcase classname="tests.S02.P02_test" name="test_every_local_threshold_is_exactly_bound_to_parameters_and_not_paper_derived[expected17]" time="0.000" />
    <testcase classname="tests.S02.P02_test" name="test_claim_admission_is_fail_closed_for_source_maturity_threshold_and_runtime_proof[case0]" time="0.000" />
    <testcase classname="tests.S02.P02_test" name="test_claim_admission_is_fail_closed_for_source_maturity_threshold_and_runtime_proof[case1]" time="0.000" />
    <testcase classname="tests.S02.P02_test" name="test_claim_admission_is_fail_closed_for_source_maturity_threshold_and_runtime_proof[case2]" time="0.000" />
    <testcase classname="tests.S02.P02_test" name="test_claim_admission_is_fail_closed_for_source_maturity_threshold_and_runtime_proof[case3]" time="0.000" />
    <testcase classname="tests.S02.P02_test" name="test_claim_admission_is_fail_closed_for_source_maturity_threshold_and_runtime_proof[case4]" time="0.000" />
    <testcase classname="tests.S02.P02_test" name="test_claim_admission_is_fail_closed_for_source_maturity_threshold_and_runtime_proof[case5]" time="0.000" />
    <testcase classname="tests.S02.P02_test" name="test_claim_admission_is_fail_closed_for_source_maturity_threshold_and_runtime_proof[case6]" time="0.000" />
    <testcase classname="tests.S02.P02_test" name="test_stability_contract_covers_exact_and_plus_minus_point_0001_boundaries[case0]" time="0.000" />
    <testcase classname="tests.S02.P02_test" name="test_stability_contract_covers_exact_and_plus_minus_point_0001_boundaries[case1]" time="0.000" />
    <testcase classname="tests.S02.P02_test" name="test_stability_contract_covers_exact_and_plus_minus_point_0001_boundaries[case2]" time="0.000" />
    <testcase classname="tests.S02.P02_test" name="test_stability_contract_covers_exact_and_plus_minus_point_0001_boundaries[case3]" time="0.000" />
    <testcase classname="tests.S02.P02_test" name="test_stability_contract_covers_exact_and_plus_minus_point_0001_boundaries[case4]" time="0.000" />
    <testcase classname="tests.S02.P02_test" name="test_stability_contract_covers_exact_and_plus_minus_point_0001_boundaries[case5]" time="0.000" />
    <testcase classname="tests.S02.P02_test" name="test_stability_contract_rejects_malformed_numeric_inputs[values0-REJECT_INVALID_STABILITY_INPUT]" time="0.000" />
    <testcase classname="tests.S02.P02_test" name="test_stability_contract_rejects_malformed_numeric_inputs[values1-REJECT_INVALID_STABILITY_INPUT]" time="0.000" />
    <testcase classname="tests.S02.P02_test" name="test_stability_contract_rejects_malformed_numeric_inputs[values2-REJECT_INVALID_STABILITY_INPUT]" time="0.000" />
    <testcase classname="tests.S02.P02_test" name="test_stability_contract_rejects_malformed_numeric_inputs[values3-REJECT_INVALID_STABILITY_INPUT]" time="0.000" />
    <testcase classname="tests.S02.P02_test" name="test_stability_contract_rejects_malformed_numeric_inputs[values4-REJECT_INVALID_STABILITY_INPUT]" time="0.000" />
    <testcase classname="tests.S02.P02_test" name="test_stability_contract_rejects_malformed_numeric_inputs[values5-REJECT_INVALID_STABILITY_INPUT]" time="0.000" />
    <testcase classname="tests.S02.P02_test" name="test_taskpack_contract_drift_fails_closed[roadmap_title-S02P02-ROADMAP-EXACT]" time="0.000" />
    <testcase classname="tests.S02.P02_test" name="test_taskpack_contract_drift_fails_closed[roadmap_output-S02P02-ROADMAP-EXACT]" time="0.000" />
    <testcase classname="tests.S02.P02_test" name="test_taskpack_contract_drift_fails_closed[requirement_target-S02P02-REQUIREMENT-EXACT]" time="0.000" />
    <testcase classname="tests.S02.P02_test" name="test_taskpack_contract_drift_fails_closed[acceptance_command-S02P02-ACCEPTANCE-CONTRACT-EXACT]" time="0.000" />
    <testcase classname="tests.S02.P02_test" name="test_taskpack_contract_drift_fails_closed[task_dependency-S02P02-TASK-CHAIN-EXACT]" time="0.000" />
    <testcase classname="tests.S02.P02_test" name="test_taskpack_contract_drift_fails_closed[task_output-S02P02-TASK-CHAIN-EXACT]" time="0.000" />
    <testcase classname="tests.S02.P02_test" name="test_taskpack_contract_drift_fails_closed[task_owner-S02P02-TASK-CHAIN-EXACT]" time="0.000" />
    <testcase classname="tests.S02.P02_test" name="test_taskpack_contract_drift_fails_closed[trace_evidence-S02P02-TRACEABILITY-EXACT]" time="0.000" />
    <testcase classname="tests.S02.P02_test" name="test_matrix_metadata_source_and_boundary_mutations_fail_closed[status-S02P02-MATRIX-TOP-LEVEL]" time="0.000" />
    <testcase classname="tests.S02.P02_test" name="test_matrix_metadata_source_and_boundary_mutations_fail_closed[paper_id-S02P02-PAPER-IDS-EXACT-UNIQUE]" time="0.000" />
    <testcase classname="tests.S02.P02_test" name="test_matrix_metadata_source_and_boundary_mutations_fail_closed[title-S02P02-PAPER-METADATA-COMPLETE]" time="0.000" />
    <testcase classname="tests.S02.P02_test" name="test_matrix_metadata_source_and_boundary_mutations_fail_closed[authors-S02P02-PAPER-METADATA-COMPLETE]" time="0.000" />
    <testcase classname="tests.S02.P02_test" name="test_matrix_metadata_source_and_boundary_mutations_fail_closed[year-S02P02-PAPER-METADATA-COMPLETE]" time="0.000" />
    <testcase classname="tests.S02.P02_test" name="test_matrix_metadata_source_and_boundary_mutations_fail_closed[publication_status-S02P02-PAPER-URL-DATE-LEVEL-EXACT]" time="0.000" />
    <testcase classname="tests.S02.P02_test" name="test_matrix_metadata_source_and_boundary_mutations_fail_closed[doi-S02P02-PAPER-IDENTIFIERS-EXACT]" time="0.000" />
    <testcase classname="tests.S02.P02_test" name="test_matrix_metadata_source_and_boundary_mutations_fail_closed[arxiv-S02P02-PAPER-IDENTIFIERS-EXACT]" time="0.000" />
    <testcase classname="tests.S02.P02_test" name="test_matrix_metadata_source_and_boundary_mutations_fail_closed[url-S02P02-PAPER-URL-DATE-LEVEL-EXACT]" time="0.000" />
    <testcase classname="tests.S02.P02_test" name="test_matrix_metadata_source_and_boundary_mutations_fail_closed[source_level-S02P02-PAPER-URL-DATE-LEVEL-EXACT]" time="0.000" />
    <testcase classname="tests.S02.P02_test" name="test_matrix_metadata_source_and_boundary_mutations_fail_closed[retrieved_on-S02P02-PAPER-URL-DATE-LEVEL-EXACT]" time="0.000" />
    <testcase classname="tests.S02.P02_test" name="test_matrix_metadata_source_and_boundary_mutations_fail_closed[category-S02P02-PAPER-CATEGORY-CLAIM-BINDINGS]" time="0.000" />
    <testcase classname="tests.S02.P02_test" name="test_matrix_metadata_source_and_boundary_mutations_fail_closed[claim_binding-S02P02-PAPER-CATEGORY-CLAIM-BINDINGS]" time="0.000" />
    <testcase classname="tests.S02.P02_test" name="test_matrix_metadata_source_and_boundary_mutations_fail_closed[finding-S02P02-PAPER-FINDING-INFERENCE-LIMITATIONS]" time="0.000" />
    <testcase classname="tests.S02.P02_test" name="test_matrix_metadata_source_and_boundary_mutations_fail_closed[inference-S02P02-PAPER-FINDING-INFERENCE-LIMITATIONS]" time="0.000" />
    <testcase classname="tests.S02.P02_test" name="test_matrix_metadata_source_and_boundary_mutations_fail_closed[limitations-S02P02-PAPER-FINDING-INFERENCE-LIMITATIONS]" time="0.000" />
    <testcase classname="tests.S02.P02_test" name="test_matrix_metadata_source_and_boundary_mutations_fail_closed[use_decision-S02P02-PAPER-FINDING-INFERENCE-LIMITATIONS]" time="0.000" />
    <testcase classname="tests.S02.P02_test" name="test_matrix_metadata_source_and_boundary_mutations_fail_closed[threshold_basis-S02P02-PAPER-FINDING-INFERENCE-LIMITATIONS]" time="0.000" />
    <testcase classname="tests.S02.P02_test" name="test_matrix_metadata_source_and_boundary_mutations_fail_closed[coverage-S02P02-CATEGORY-COVERAGE-CLOSED]" time="0.000" />
    <testcase classname="tests.S02.P02_test" name="test_matrix_metadata_source_and_boundary_mutations_fail_closed[boundary-S02P02-GLOBAL-CLAIM-BOUNDARIES]" time="0.000" />
    <testcase classname="tests.S02.P02_test" name="test_matrix_metadata_source_and_boundary_mutations_fail_closed[legacy-S02P02-LEGACY-BASELINE-RECONCILED-NONMUTATING]" time="0.000" />
    <testcase classname="tests.S02.P02_test" name="test_matrix_metadata_source_and_boundary_mutations_fail_closed[research_login-S02P02-READ-ONLY-RESEARCH-BOUNDARY]" time="0.000" />
    <testcase classname="tests.S02.P02_test" name="test_claim_citation_threshold_and_external_effect_mutations_fail_closed[status-S02P02-CLAIMS-TOP-LEVEL]" time="0.000" />
    <testcase classname="tests.S02.P02_test" name="test_claim_citation_threshold_and_external_effect_mutations_fail_closed[next-S02P02-CLAIMS-TOP-LEVEL]" time="0.000" />
    <testcase classname="tests.S02.P02_test" name="test_claim_citation_threshold_and_external_effect_mutations_fail_closed[duplicate_id-S02P02-CLAIM-IDS-EXACT-UNIQUE]" time="0.000" />
    <testcase classname="tests.S02.P02_test" name="test_claim_citation_threshold_and_external_effect_mutations_fail_closed[category-S02P02-CLAIM-FIELDS-AND-CLASSIFICATION]" time="0.000" />
    <testcase classname="tests.S02.P02_test" name="test_claim_citation_threshold_and_external_effect_mutations_fail_closed[short_claim-S02P02-CLAIM-FIELDS-AND-CLASSIFICATION]" time="0.000" />
    <testcase classname="tests.S02.P02_test" name="test_claim_citation_threshold_and_external_effect_mutations_fail_closed[classification-S02P02-CLAIM-FIELDS-AND-CLASSIFICATION]" time="0.000" />
    <testcase classname="tests.S02.P02_test" name="test_claim_citation_threshold_and_external_effect_mutations_fail_closed[direct_field-S02P02-CLAIM-FIELDS-AND-CLASSIFICATION]" time="0.000" />
    <testcase classname="tests.S02.P02_test" name="test_claim_citation_threshold_and_external_effect_mutations_fail_closed[runtime-S02P02-CLAIM-FIELDS-AND-CLASSIFICATION]" time="0.000" />
    <testcase classname="tests.S02.P02_test" name="test_claim_citation_threshold_and_external_effect_mutations_fail_closed[not_proven-S02P02-CLAIM-FIELDS-AND-CLASSIFICATION]" time="0.000" />
    <testcase classname="tests.S02.P02_test" name="test_claim_citation_threshold_and_external_effect_mutations_fail_closed[no_citations-S02P02-CLAIM-FIELDS-AND-CLASSIFICATION]" time="0.000" />
    <testcase classname="tests.S02.P02_test" name="test_claim_citation_threshold_and_external_effect_mutations_fail_closed[unknown_paper-S02P02-CITATIONS-RESOLVE-EXACTLY]" time="0.000" />
    <testcase classname="tests.S02.P02_test" name="test_claim_citation_threshold_and_external_effect_mutations_fail_closed[citation_relation-S02P02-CITATIONS-RESOLVE-EXACTLY]" time="0.000" />
    <testcase classname="tests.S02.P02_test" name="test_claim_citation_threshold_and_external_effect_mutations_fail_closed[citation_url-S02P02-CITATIONS-RESOLVE-EXACTLY]" time="0.000" />
    <testcase classname="tests.S02.P02_test" name="test_claim_citation_threshold_and_external_effect_mutations_fail_closed[citation_date-S02P02-CITATIONS-RESOLVE-EXACTLY]" time="0.000" />
    <testcase classname="tests.S02.P02_test" name="test_claim_citation_threshold_and_external_effect_mutations_fail_closed[citation_level-S02P02-CITATIONS-RESOLVE-EXACTLY]" time="0.000" />
    <testcase classname="tests.S02.P02_test" name="test_claim_citation_threshold_and_external_effect_mutations_fail_closed[local_overclaim-S02P02-LOCAL-THRESHOLDS-NOT-PAPER-OVERCLAIMED]" time="0.000" />
    <testcase classname="tests.S02.P02_test" name="test_claim_citation_threshold_and_external_effect_mutations_fail_closed[nonlocal_context_only-S02P02-LOCAL-THRESHOLDS-NOT-PAPER-OVERCLAIMED]" time="0.000" />
    <testcase classname="tests.S02.P02_test" name="test_claim_citation_threshold_and_external_effect_mutations_fail_closed[inventory_value-S02P02-LOCAL-THRESHOLD-INVENTORY-EXACT]" time="0.000" />
    <testcase classname="tests.S02.P02_test" name="test_claim_citation_threshold_and_external_effect_mutations_fail_closed[inventory_pointer-S02P02-LOCAL-THRESHOLD-INVENTORY-EXACT]" time="0.000" />
    <testcase classname="tests.S02.P02_test" name="test_claim_citation_threshold_and_external_effect_mutations_fail_closed[inventory_duplicate-S02P02-LOCAL-THRESHOLD-INVENTORY-EXACT]" time="0.000" />
    <testcase classname="tests.S02.P02_test" name="test_claim_citation_threshold_and_external_effect_mutations_fail_closed[inventory_claim-S02P02-LOCAL-THRESHOLD-INVENTORY-EXACT]" time="0.000" />
    <testcase classname="tests.S02.P02_test" name="test_claim_citation_threshold_and_external_effect_mutations_fail_closed[inventory_status-S02P02-LOCAL-THRESHOLD-INVENTORY-EXACT]" time="0.000" />
    <testcase classname="tests.S02.P02_test" name="test_claim_citation_threshold_and_external_effect_mutations_fail_closed[target_status-S02P02-TARGET-IS-UNVERIFIED-NON-GUARANTEE]" time="0.000" />
    <testcase classname="tests.S02.P02_test" name="test_claim_citation_threshold_and_external_effect_mutations_fail_closed[external_effect-S02P02-CLAIMS-NO-EXTERNAL-EFFECT]" time="0.000" />
    <testcase classname="tests.S02.P02_test" name="test_each_local_threshold_value_drift_fails_closed[0]" time="0.000" />
    <testcase classname="tests.S02.P02_test" name="test_each_local_threshold_value_drift_fails_closed[1]" time="0.000" />
    <testcase classname="tests.S02.P02_test" name="test_each_local_threshold_value_drift_fails_closed[2]" time="0.000" />
    <testcase classname="tests.S02.P02_test" name="test_each_local_threshold_value_drift_fails_closed[3]" time="0.000" />
    <testcase classname="tests.S02.P02_test" name="test_each_local_threshold_value_drift_fails_closed[4]" time="0.000" />
    <testcase classname="tests.S02.P02_test" name="test_each_local_threshold_value_drift_fails_closed[5]" time="0.000" />
    <testcase classname="tests.S02.P02_test" name="test_each_local_threshold_value_drift_fails_closed[6]" time="0.000" />
    <testcase classname="tests.S02.P02_test" name="test_each_local_threshold_value_drift_fails_closed[7]" time="0.000" />
    <testcase classname="tests.S02.P02_test" name="test_each_local_threshold_value_drift_fails_closed[8]" time="0.000" />
    <testcase classname="tests.S02.P02_test" name="test_each_local_threshold_value_drift_fails_closed[9]" time="0.000" />
    <testcase classname="tests.S02.P02_test" name="test_each_local_threshold_value_drift_fails_closed[10]" time="0.000" />
    <testcase classname="tests.S02.P02_test" name="test_each_local_threshold_value_drift_fails_closed[11]" time="0.000" />
    <testcase classname="tests.S02.P02_test" name="test_each_local_threshold_value_drift_fails_closed[12]" time="0.000" />
    <testcase classname="tests.S02.P02_test" name="test_each_local_threshold_value_drift_fails_closed[13]" time="0.000" />
    <testcase classname="tests.S02.P02_test" name="test_each_local_threshold_value_drift_fails_closed[14]" time="0.000" />
    <testcase classname="tests.S02.P02_test" name="test_each_local_threshold_value_drift_fails_closed[15]" time="0.000" />
    <testcase classname="tests.S02.P02_test" name="test_each_local_threshold_value_drift_fails_closed[16]" time="0.000" />
    <testcase classname="tests.S02.P02_test" name="test_each_local_threshold_value_drift_fails_closed[17]" time="0.000" />
    <testcase classname="tests.S02.P02_test" name="test_p01_prerequisite_tampering_blocks_p02[evidence_status]" time="0.000" />
    <testcase classname="tests.S02.P02_test" name="test_p01_prerequisite_tampering_blocks_p02[evidence_missing]" time="0.000" />
    <testcase classname="tests.S02.P02_test" name="test_p01_prerequisite_tampering_blocks_p02[rollback_status]" time="0.000" />
    <testcase classname="tests.S02.P02_test" name="test_p01_prerequisite_tampering_blocks_p02[rollback_missing]" time="0.000" />
    <testcase classname="tests.S02.P02_test" name="test_p01_prerequisite_tampering_blocks_p02[index]" time="0.000" />
    <testcase classname="tests.S02.P02_test" name="test_p01_prerequisite_tampering_blocks_p02[signed_parameter]" time="0.000" />
    <testcase classname="tests.S02.P02_test" name="test_s02_p03_cannot_start_inside_p02_run[research_reuse_matrix.json]" time="0.000" />
    <testcase classname="tests.S02.P02_test" name="test_s02_p03_cannot_start_inside_p02_run[license_inventory.json]" time="0.000" />
    <testcase classname="tests.S02.P02_test" name="test_s02_p03_cannot_start_inside_p02_run[tests/S02/P03_test.py]" time="0.000" />
    <testcase classname="tests.S02.P02_test" name="test_s02_p03_cannot_start_inside_p02_run[machine/tests/fixtures/S02_P03.json]" time="0.000" />
    <testcase classname="tests.S02.P02_test" name="test_s02_p03_cannot_start_inside_p02_run[machine/evidence/EVD-S02-P03.json]" time="0.000" />
    <testcase classname="tests.S02.P02_test" name="test_s02_p03_cannot_start_inside_p02_run[machine/evidence/EVD-S02-P03_rollback.json]" time="0.000" />
    <testcase classname="tests.S02.P02_test" name="test_s02_p03_index_cannot_advance_inside_p02_run" time="0.000" />
    <testcase classname="tests.S02.P02_test" name="test_duplicate_json_keys_fail_strict_parse[relative0]" time="0.000" />
    <testcase classname="tests.S02.P02_test" name="test_duplicate_json_keys_fail_strict_parse[relative1]" time="0.000" />
    <testcase classname="tests.S02.P02_test" name="test_duplicate_json_keys_fail_strict_parse[relative2]" time="0.000" />
    <testcase classname="tests.S02.P02_test" name="test_binary_float_in_authoritative_artifact_fails_closed[relative0]" time="0.000" />
    <testcase classname="tests.S02.P02_test" name="test_binary_float_in_authoritative_artifact_fails_closed[relative1]" time="0.000" />
    <testcase classname="tests.S02.P02_test" name="test_binary_float_in_authoritative_artifact_fails_closed[relative2]" time="0.000" />
    <testcase classname="tests.S02.P02_test" name="test_rollback_drill_restores_all_signed_inputs_without_external_effect" time="0.000" />
    <testcase classname="tests.S02.P02_test" name="test_evidence_build_is_deterministic_portable_and_research_only" time="0.000" />
    <testcase classname="tests.S02.P02_test" name="test_paper_claim_graph_is_closed_without_orphans" time="0.000" />
    <testcase classname="tests.S02.P02_test" name="test_legacy_source_overclaims_are_corrected_without_mutating_historical_baseline" time="0.000" />
    <testcase classname="tests.S02.P02_test" name="test_artifacts_make_no_training_backtest_account_deployment_order_or_return_claim" time="0.000" />
    <testcase classname="tests.S02.P02_test" name="test_evidence_paths_are_reserved_for_p02_and_p03_remains_absent" time="0.000" />
  </testsuite>
</testsuites>
