<?xml version='1.0' encoding='utf-8'?>
<testsuites name="pytest tests">
  <testsuite name="pytest" errors="0" failures="0" skipped="0" tests="73" time="0.000" timestamp="2026-07-19T00:00:00+10:00">
    <testcase classname="tests.S06.P01_test" name="test_candidate_preflight_passes_without_external_reports" time="0.000" />
    <testcase classname="tests.S06.P01_test" name="test_contract_passes_without_external_reports" time="0.000" />
    <testcase classname="tests.S06.P01_test" name="test_taskpack_identity_and_scope_are_exact" time="0.000" />
    <testcase classname="tests.S06.P01_test" name="test_phase_artifact_hash_matches_pin[abd_acceptance/gmail_oauth_core.py]" time="0.000" />
    <testcase classname="tests.S06.P01_test" name="test_phase_artifact_hash_matches_pin[gmail_oauth.py]" time="0.000" />
    <testcase classname="tests.S06.P01_test" name="test_phase_artifact_hash_matches_pin[machine/tests/fixtures/S06_P01.json]" time="0.000" />
    <testcase classname="tests.S06.P01_test" name="test_phase_artifact_hash_matches_pin[mail_query_rules.json]" time="0.000" />
    <testcase classname="tests.S06.P01_test" name="test_phase_artifact_hash_matches_pin[tests/S06/P01_test.py]" time="0.000" />
    <testcase classname="tests.S06.P01_test" name="test_phase_artifact_hash_matches_pin[token_storage.md]" time="0.000" />
    <testcase classname="tests.S06.P01_test" name="test_oracle_source_has_normalized_structural_integrity" time="0.000" />
    <testcase classname="tests.S06.P01_test" name="test_junit_normalization_accepts_fixed_metadata_only" time="0.000" />
    <testcase classname="tests.S06.P01_test" name="test_query_rule_document_is_exact_and_live_rules_remain_disabled" time="0.000" />
    <testcase classname="tests.S06.P01_test" name="test_token_storage_document_machine_contract_and_no_real_token" time="0.000" />
    <testcase classname="tests.S06.P01_test" name="test_oauth_request_is_exact_pkce_and_does_not_open_network" time="0.000" />
    <testcase classname="tests.S06.P01_test" name="test_invalid_oauth_client_configuration_is_rejected[client0]" time="0.000" />
    <testcase classname="tests.S06.P01_test" name="test_invalid_oauth_client_configuration_is_rejected[client1]" time="0.000" />
    <testcase classname="tests.S06.P01_test" name="test_invalid_oauth_client_configuration_is_rejected[client2]" time="0.000" />
    <testcase classname="tests.S06.P01_test" name="test_invalid_oauth_client_configuration_is_rejected[client3]" time="0.000" />
    <testcase classname="tests.S06.P01_test" name="test_invalid_oauth_client_configuration_is_rejected[client4]" time="0.000" />
    <testcase classname="tests.S06.P01_test" name="test_scope_expansion_or_mismatch_disables_callback[returned_scope0-SCOPE_NOT_EXACT]" time="0.000" />
    <testcase classname="tests.S06.P01_test" name="test_scope_expansion_or_mismatch_disables_callback[https://mail.google.com/-SCOPE_NOT_EXACT]" time="0.000" />
    <testcase classname="tests.S06.P01_test" name="test_scope_expansion_or_mismatch_disables_callback[returned_scope2-SCOPE_NOT_EXACT]" time="0.000" />
    <testcase classname="tests.S06.P01_test" name="test_scope_expansion_or_mismatch_disables_callback[returned_scope3-SCOPE_NOT_EXACT]" time="0.000" />
    <testcase classname="tests.S06.P01_test" name="test_callback_state_or_error_paths_fail_closed[CCCCCCCCCCCCCCCCCCCCCCCCCCCCCCCCCCCCCCCCCCC-None-STATE_MISMATCH]" time="0.000" />
    <testcase classname="tests.S06.P01_test" name="test_callback_state_or_error_paths_fail_closed[AAAAAAAAAAAAAAAAAAAAAAAAAAAAAAAAAAAAAAAAAAA-access_denied-OAUTH_ERROR_RETURNED]" time="0.000" />
    <testcase classname="tests.S06.P01_test" name="test_callback_state_or_error_paths_fail_closed[AAAAAAAAAAAAAAAAAAAAAAAAAAAAAAAAAAAAAAAAAAA-None-AUTHORIZATION_CODE_MALFORMED]" time="0.000" />
    <testcase classname="tests.S06.P01_test" name="test_ephemeral_material_has_valid_nonpersistent_shapes" time="0.000" />
    <testcase classname="tests.S06.P01_test" name="test_query_compilation_is_exact_and_input_order_independent" time="0.000" />
    <testcase classname="tests.S06.P01_test" name="test_query_rule_malformed_or_injected_input_is_rejected[sender_addresses-value0]" time="0.000" />
    <testcase classname="tests.S06.P01_test" name="test_query_rule_malformed_or_injected_input_is_rejected[sender_addresses-value1]" time="0.000" />
    <testcase classname="tests.S06.P01_test" name="test_query_rule_malformed_or_injected_input_is_rejected[sender_addresses-value2]" time="0.000" />
    <testcase classname="tests.S06.P01_test" name="test_query_rule_malformed_or_injected_input_is_rejected[subject_phrases-value3]" time="0.000" />
    <testcase classname="tests.S06.P01_test" name="test_query_rule_malformed_or_injected_input_is_rejected[subject_phrases-value4]" time="0.000" />
    <testcase classname="tests.S06.P01_test" name="test_query_rule_malformed_or_injected_input_is_rejected[attachment_extensions-value5]" time="0.000" />
    <testcase classname="tests.S06.P01_test" name="test_query_rule_malformed_or_injected_input_is_rejected[attachment_extensions-value6]" time="0.000" />
    <testcase classname="tests.S06.P01_test" name="test_query_rule_malformed_or_injected_input_is_rejected[bootstrap_days-30.0001]" time="0.000" />
    <testcase classname="tests.S06.P01_test" name="test_query_rule_requires_test_only_boolean_and_exact_fields" time="0.000" />
    <testcase classname="tests.S06.P01_test" name="test_first_scan_queues_each_synthetic_attachment_once" time="0.000" />
    <testcase classname="tests.S06.P01_test" name="test_repeated_scan_is_idempotent_and_order_independent" time="0.000" />
    <testcase classname="tests.S06.P01_test" name="test_archive_key_uses_message_attachment_and_hash" time="0.000" />
    <testcase classname="tests.S06.P01_test" name="test_cursor_integrity_faults_fail_closed[history_rewind]" time="0.000" />
    <testcase classname="tests.S06.P01_test" name="test_cursor_integrity_faults_fail_closed[content_hash_changed]" time="0.000" />
    <testcase classname="tests.S06.P01_test" name="test_cursor_integrity_faults_fail_closed[cursor_key_unsorted]" time="0.000" />
    <testcase classname="tests.S06.P01_test" name="test_cursor_integrity_faults_fail_closed[cursor_key_duplicate]" time="0.000" />
    <testcase classname="tests.S06.P01_test" name="test_cursor_integrity_faults_fail_closed[cursor_map_unbound]" time="0.000" />
    <testcase classname="tests.S06.P01_test" name="test_cursor_integrity_faults_fail_closed[malformed_message_id]" time="0.000" />
    <testcase classname="tests.S06.P01_test" name="test_cursor_integrity_faults_fail_closed[malformed_sha256]" time="0.000" />
    <testcase classname="tests.S06.P01_test" name="test_method_allowlist_is_exact_and_delete_is_denied" time="0.000" />
    <testcase classname="tests.S06.P01_test" name="test_all_disallowed_gmail_methods_are_rejected[users.drafts.create]" time="0.000" />
    <testcase classname="tests.S06.P01_test" name="test_all_disallowed_gmail_methods_are_rejected[users.drafts.send]" time="0.000" />
    <testcase classname="tests.S06.P01_test" name="test_all_disallowed_gmail_methods_are_rejected[users.messages.batchDelete]" time="0.000" />
    <testcase classname="tests.S06.P01_test" name="test_all_disallowed_gmail_methods_are_rejected[users.messages.delete]" time="0.000" />
    <testcase classname="tests.S06.P01_test" name="test_all_disallowed_gmail_methods_are_rejected[users.messages.import]" time="0.000" />
    <testcase classname="tests.S06.P01_test" name="test_all_disallowed_gmail_methods_are_rejected[users.messages.insert]" time="0.000" />
    <testcase classname="tests.S06.P01_test" name="test_all_disallowed_gmail_methods_are_rejected[users.messages.send]" time="0.000" />
    <testcase classname="tests.S06.P01_test" name="test_all_disallowed_gmail_methods_are_rejected[users.settings.*]" time="0.000" />
    <testcase classname="tests.S06.P01_test" name="test_all_disallowed_gmail_methods_are_rejected[users.threads.delete]" time="0.000" />
    <testcase classname="tests.S06.P01_test" name="test_token_encryptor_returns_only_age_ciphertext_and_not_plaintext" time="0.000" />
    <testcase classname="tests.S06.P01_test" name="test_encrypted_token_storage_writes_outside_repository_with_mode_0600" time="0.000" />
    <testcase classname="tests.S06.P01_test" name="test_token_storage_bad_config_or_encrypt_failure_is_rejected[configuration0-_success_age_runner]" time="0.000" />
    <testcase classname="tests.S06.P01_test" name="test_token_storage_bad_config_or_encrypt_failure_is_rejected[configuration1-_success_age_runner]" time="0.000" />
    <testcase classname="tests.S06.P01_test" name="test_token_storage_bad_config_or_encrypt_failure_is_rejected[configuration2-_success_age_runner]" time="0.000" />
    <testcase classname="tests.S06.P01_test" name="test_token_storage_bad_config_or_encrypt_failure_is_rejected[configuration3-&lt;lambda&gt;]" time="0.000" />
    <testcase classname="tests.S06.P01_test" name="test_no_real_time_soak_never_blocks_core_when_gmail_disabled" time="0.000" />
    <testcase classname="tests.S06.P01_test" name="test_stage4_and_stage5_delivery_receipts_pass" time="0.000" />
    <testcase classname="tests.S06.P01_test" name="test_stage5_receipt_mutation_fails_closed" time="0.000" />
    <testcase classname="tests.S06.P01_test" name="test_artifact_mutations_fail_closed[mail_query_rules.json-mutation0-S06P01-QUERY-RULES-CONTRACT-EXACT]" time="0.000" />
    <testcase classname="tests.S06.P01_test" name="test_artifact_mutations_fail_closed[machine/tests/fixtures/S06_P01.json-mutation1-S06P01-QUERY-COMPILATION-EXACT-ALLOWLIST]" time="0.000" />
    <testcase classname="tests.S06.P01_test" name="test_sensitive_token_pattern_in_document_fails_closed" time="0.000" />
    <testcase classname="tests.S06.P01_test" name="test_evidence_build_is_deterministic_without_external_reports" time="0.000" />
    <testcase classname="tests.S06.P01_test" name="test_rollback_drill_preserves_every_phase_artifact_and_never_waits" time="0.000" />
    <testcase classname="tests.S06.P01_test" name="test_external_report_mode_fails_closed_without_reports" time="0.000" />
    <testcase classname="tests.S06.P01_test" name="test_existing_receipt_is_fail_closed_when_absent_or_verifiable" time="0.000" />
  </testsuite>
</testsuites>
