<?xml version='1.0' encoding='utf-8'?>
<testsuites name="pytest tests">
  <testsuite name="pytest" errors="0" failures="0" skipped="0" tests="239" time="0.000" timestamp="2026-07-19T00:00:00+10:00">
    <testcase classname="tests.S01.P02_test" name="test_baseline_customer_faq_contract_passes_without_runtime_reports" time="0.000" />
    <testcase classname="tests.S01.P02_test" name="test_p01_immutable_receipt_and_git_ancestry_are_verified" time="0.000" />
    <testcase classname="tests.S01.P02_test" name="test_zero_budget_default_vectors[0.00]" time="0.000" />
    <testcase classname="tests.S01.P02_test" name="test_zero_budget_default_vectors[0.0000]" time="0.000" />
    <testcase classname="tests.S01.P02_test" name="test_zero_budget_default_vectors[0.0001]" time="0.000" />
    <testcase classname="tests.S01.P02_test" name="test_zero_budget_default_vectors[None]" time="0.000" />
    <testcase classname="tests.S01.P02_test" name="test_zero_budget_default_vectors[-0.0001]" time="0.000" />
    <testcase classname="tests.S01.P02_test" name="test_zero_budget_default_vectors[NaN]" time="0.000" />
    <testcase classname="tests.S01.P02_test" name="test_zero_budget_decimal_boundaries[0-CONTINUE_ZERO_INCREMENTAL_CASH_PATH]" time="0.000" />
    <testcase classname="tests.S01.P02_test" name="test_zero_budget_decimal_boundaries[0.000000-CONTINUE_ZERO_INCREMENTAL_CASH_PATH]" time="0.000" />
    <testcase classname="tests.S01.P02_test" name="test_zero_budget_decimal_boundaries[0.00009999-BLOCK_INCREMENTAL_CASH_BUDGET_EXCEEDED]" time="0.000" />
    <testcase classname="tests.S01.P02_test" name="test_zero_budget_decimal_boundaries[0.00010000-BLOCK_INCREMENTAL_CASH_BUDGET_EXCEEDED]" time="0.000" />
    <testcase classname="tests.S01.P02_test" name="test_zero_budget_decimal_boundaries[1-BLOCK_INCREMENTAL_CASH_BUDGET_EXCEEDED]" time="0.000" />
    <testcase classname="tests.S01.P02_test" name="test_zero_budget_decimal_boundaries[Infinity-FAIL_INVALID_COST_DATA]" time="0.000" />
    <testcase classname="tests.S01.P02_test" name="test_zero_budget_decimal_boundaries[not-a-number-FAIL_INVALID_COST_DATA]" time="0.000" />
    <testcase classname="tests.S01.P02_test" name="test_mail_archive_truth_table_fails_closed[values0]" time="0.000" />
    <testcase classname="tests.S01.P02_test" name="test_mail_archive_truth_table_fails_closed[values1]" time="0.000" />
    <testcase classname="tests.S01.P02_test" name="test_mail_archive_truth_table_fails_closed[values2]" time="0.000" />
    <testcase classname="tests.S01.P02_test" name="test_mail_archive_truth_table_fails_closed[values3]" time="0.000" />
    <testcase classname="tests.S01.P02_test" name="test_mail_archive_truth_table_fails_closed[values4]" time="0.000" />
    <testcase classname="tests.S01.P02_test" name="test_mail_archive_truth_table_fails_closed[values5]" time="0.000" />
    <testcase classname="tests.S01.P02_test" name="test_mail_archive_truth_table_fails_closed[values6]" time="0.000" />
    <testcase classname="tests.S01.P02_test" name="test_mail_archive_truth_table_fails_closed[values7]" time="0.000" />
    <testcase classname="tests.S01.P02_test" name="test_mail_archive_truth_table_fails_closed[values8]" time="0.000" />
    <testcase classname="tests.S01.P02_test" name="test_mail_archive_truth_table_fails_closed[values9]" time="0.000" />
    <testcase classname="tests.S01.P02_test" name="test_mail_archive_truth_table_fails_closed[values10]" time="0.000" />
    <testcase classname="tests.S01.P02_test" name="test_mail_archive_truth_table_fails_closed[values11]" time="0.000" />
    <testcase classname="tests.S01.P02_test" name="test_mail_archive_truth_table_fails_closed[values12]" time="0.000" />
    <testcase classname="tests.S01.P02_test" name="test_mail_archive_truth_table_fails_closed[values13]" time="0.000" />
    <testcase classname="tests.S01.P02_test" name="test_mail_archive_truth_table_fails_closed[values14]" time="0.000" />
    <testcase classname="tests.S01.P02_test" name="test_mail_archive_truth_table_fails_closed[values15]" time="0.000" />
    <testcase classname="tests.S01.P02_test" name="test_mail_archive_truth_table_fails_closed[values16]" time="0.000" />
    <testcase classname="tests.S01.P02_test" name="test_mail_archive_truth_table_fails_closed[values17]" time="0.000" />
    <testcase classname="tests.S01.P02_test" name="test_mail_archive_truth_table_fails_closed[values18]" time="0.000" />
    <testcase classname="tests.S01.P02_test" name="test_mail_archive_truth_table_fails_closed[values19]" time="0.000" />
    <testcase classname="tests.S01.P02_test" name="test_mail_archive_truth_table_fails_closed[values20]" time="0.000" />
    <testcase classname="tests.S01.P02_test" name="test_mail_archive_truth_table_fails_closed[values21]" time="0.000" />
    <testcase classname="tests.S01.P02_test" name="test_mail_archive_truth_table_fails_closed[values22]" time="0.000" />
    <testcase classname="tests.S01.P02_test" name="test_mail_archive_truth_table_fails_closed[values23]" time="0.000" />
    <testcase classname="tests.S01.P02_test" name="test_mail_archive_truth_table_fails_closed[values24]" time="0.000" />
    <testcase classname="tests.S01.P02_test" name="test_mail_archive_truth_table_fails_closed[values25]" time="0.000" />
    <testcase classname="tests.S01.P02_test" name="test_mail_archive_truth_table_fails_closed[values26]" time="0.000" />
    <testcase classname="tests.S01.P02_test" name="test_mail_archive_truth_table_fails_closed[values27]" time="0.000" />
    <testcase classname="tests.S01.P02_test" name="test_mail_archive_truth_table_fails_closed[values28]" time="0.000" />
    <testcase classname="tests.S01.P02_test" name="test_mail_archive_truth_table_fails_closed[values29]" time="0.000" />
    <testcase classname="tests.S01.P02_test" name="test_mail_archive_truth_table_fails_closed[values30]" time="0.000" />
    <testcase classname="tests.S01.P02_test" name="test_mail_archive_truth_table_fails_closed[values31]" time="0.000" />
    <testcase classname="tests.S01.P02_test" name="test_mail_archive_truth_table_fails_closed[values32]" time="0.000" />
    <testcase classname="tests.S01.P02_test" name="test_mail_archive_truth_table_fails_closed[values33]" time="0.000" />
    <testcase classname="tests.S01.P02_test" name="test_mail_archive_truth_table_fails_closed[values34]" time="0.000" />
    <testcase classname="tests.S01.P02_test" name="test_mail_archive_truth_table_fails_closed[values35]" time="0.000" />
    <testcase classname="tests.S01.P02_test" name="test_mail_archive_truth_table_fails_closed[values36]" time="0.000" />
    <testcase classname="tests.S01.P02_test" name="test_mail_archive_truth_table_fails_closed[values37]" time="0.000" />
    <testcase classname="tests.S01.P02_test" name="test_mail_archive_truth_table_fails_closed[values38]" time="0.000" />
    <testcase classname="tests.S01.P02_test" name="test_mail_archive_truth_table_fails_closed[values39]" time="0.000" />
    <testcase classname="tests.S01.P02_test" name="test_mail_archive_truth_table_fails_closed[values40]" time="0.000" />
    <testcase classname="tests.S01.P02_test" name="test_mail_archive_truth_table_fails_closed[values41]" time="0.000" />
    <testcase classname="tests.S01.P02_test" name="test_mail_archive_truth_table_fails_closed[values42]" time="0.000" />
    <testcase classname="tests.S01.P02_test" name="test_mail_archive_truth_table_fails_closed[values43]" time="0.000" />
    <testcase classname="tests.S01.P02_test" name="test_mail_archive_truth_table_fails_closed[values44]" time="0.000" />
    <testcase classname="tests.S01.P02_test" name="test_mail_archive_truth_table_fails_closed[values45]" time="0.000" />
    <testcase classname="tests.S01.P02_test" name="test_mail_archive_truth_table_fails_closed[values46]" time="0.000" />
    <testcase classname="tests.S01.P02_test" name="test_mail_archive_truth_table_fails_closed[values47]" time="0.000" />
    <testcase classname="tests.S01.P02_test" name="test_mail_archive_truth_table_fails_closed[values48]" time="0.000" />
    <testcase classname="tests.S01.P02_test" name="test_mail_archive_truth_table_fails_closed[values49]" time="0.000" />
    <testcase classname="tests.S01.P02_test" name="test_mail_archive_truth_table_fails_closed[values50]" time="0.000" />
    <testcase classname="tests.S01.P02_test" name="test_mail_archive_truth_table_fails_closed[values51]" time="0.000" />
    <testcase classname="tests.S01.P02_test" name="test_mail_archive_truth_table_fails_closed[values52]" time="0.000" />
    <testcase classname="tests.S01.P02_test" name="test_mail_archive_truth_table_fails_closed[values53]" time="0.000" />
    <testcase classname="tests.S01.P02_test" name="test_mail_archive_truth_table_fails_closed[values54]" time="0.000" />
    <testcase classname="tests.S01.P02_test" name="test_mail_archive_truth_table_fails_closed[values55]" time="0.000" />
    <testcase classname="tests.S01.P02_test" name="test_mail_archive_truth_table_fails_closed[values56]" time="0.000" />
    <testcase classname="tests.S01.P02_test" name="test_mail_archive_truth_table_fails_closed[values57]" time="0.000" />
    <testcase classname="tests.S01.P02_test" name="test_mail_archive_truth_table_fails_closed[values58]" time="0.000" />
    <testcase classname="tests.S01.P02_test" name="test_mail_archive_truth_table_fails_closed[values59]" time="0.000" />
    <testcase classname="tests.S01.P02_test" name="test_mail_archive_truth_table_fails_closed[values60]" time="0.000" />
    <testcase classname="tests.S01.P02_test" name="test_mail_archive_truth_table_fails_closed[values61]" time="0.000" />
    <testcase classname="tests.S01.P02_test" name="test_mail_archive_truth_table_fails_closed[values62]" time="0.000" />
    <testcase classname="tests.S01.P02_test" name="test_mail_archive_truth_table_fails_closed[values63]" time="0.000" />
    <testcase classname="tests.S01.P02_test" name="test_mail_archive_truth_table_fails_closed[values64]" time="0.000" />
    <testcase classname="tests.S01.P02_test" name="test_mail_archive_truth_table_fails_closed[values65]" time="0.000" />
    <testcase classname="tests.S01.P02_test" name="test_mail_archive_truth_table_fails_closed[values66]" time="0.000" />
    <testcase classname="tests.S01.P02_test" name="test_mail_archive_truth_table_fails_closed[values67]" time="0.000" />
    <testcase classname="tests.S01.P02_test" name="test_mail_archive_truth_table_fails_closed[values68]" time="0.000" />
    <testcase classname="tests.S01.P02_test" name="test_mail_archive_truth_table_fails_closed[values69]" time="0.000" />
    <testcase classname="tests.S01.P02_test" name="test_mail_archive_truth_table_fails_closed[values70]" time="0.000" />
    <testcase classname="tests.S01.P02_test" name="test_mail_archive_truth_table_fails_closed[values71]" time="0.000" />
    <testcase classname="tests.S01.P02_test" name="test_mail_archive_truth_table_fails_closed[values72]" time="0.000" />
    <testcase classname="tests.S01.P02_test" name="test_mail_archive_truth_table_fails_closed[values73]" time="0.000" />
    <testcase classname="tests.S01.P02_test" name="test_mail_archive_truth_table_fails_closed[values74]" time="0.000" />
    <testcase classname="tests.S01.P02_test" name="test_mail_archive_truth_table_fails_closed[values75]" time="0.000" />
    <testcase classname="tests.S01.P02_test" name="test_mail_archive_truth_table_fails_closed[values76]" time="0.000" />
    <testcase classname="tests.S01.P02_test" name="test_mail_archive_truth_table_fails_closed[values77]" time="0.000" />
    <testcase classname="tests.S01.P02_test" name="test_mail_archive_truth_table_fails_closed[values78]" time="0.000" />
    <testcase classname="tests.S01.P02_test" name="test_mail_archive_truth_table_fails_closed[values79]" time="0.000" />
    <testcase classname="tests.S01.P02_test" name="test_mail_archive_truth_table_fails_closed[values80]" time="0.000" />
    <testcase classname="tests.S01.P02_test" name="test_mail_archive_truth_table_fails_closed[values81]" time="0.000" />
    <testcase classname="tests.S01.P02_test" name="test_mail_archive_truth_table_fails_closed[values82]" time="0.000" />
    <testcase classname="tests.S01.P02_test" name="test_mail_archive_truth_table_fails_closed[values83]" time="0.000" />
    <testcase classname="tests.S01.P02_test" name="test_mail_archive_truth_table_fails_closed[values84]" time="0.000" />
    <testcase classname="tests.S01.P02_test" name="test_mail_archive_truth_table_fails_closed[values85]" time="0.000" />
    <testcase classname="tests.S01.P02_test" name="test_mail_archive_truth_table_fails_closed[values86]" time="0.000" />
    <testcase classname="tests.S01.P02_test" name="test_mail_archive_truth_table_fails_closed[values87]" time="0.000" />
    <testcase classname="tests.S01.P02_test" name="test_mail_archive_truth_table_fails_closed[values88]" time="0.000" />
    <testcase classname="tests.S01.P02_test" name="test_mail_archive_truth_table_fails_closed[values89]" time="0.000" />
    <testcase classname="tests.S01.P02_test" name="test_mail_archive_truth_table_fails_closed[values90]" time="0.000" />
    <testcase classname="tests.S01.P02_test" name="test_mail_archive_truth_table_fails_closed[values91]" time="0.000" />
    <testcase classname="tests.S01.P02_test" name="test_mail_archive_truth_table_fails_closed[values92]" time="0.000" />
    <testcase classname="tests.S01.P02_test" name="test_mail_archive_truth_table_fails_closed[values93]" time="0.000" />
    <testcase classname="tests.S01.P02_test" name="test_mail_archive_truth_table_fails_closed[values94]" time="0.000" />
    <testcase classname="tests.S01.P02_test" name="test_mail_archive_truth_table_fails_closed[values95]" time="0.000" />
    <testcase classname="tests.S01.P02_test" name="test_mail_archive_truth_table_fails_closed[values96]" time="0.000" />
    <testcase classname="tests.S01.P02_test" name="test_mail_archive_truth_table_fails_closed[values97]" time="0.000" />
    <testcase classname="tests.S01.P02_test" name="test_mail_archive_truth_table_fails_closed[values98]" time="0.000" />
    <testcase classname="tests.S01.P02_test" name="test_mail_archive_truth_table_fails_closed[values99]" time="0.000" />
    <testcase classname="tests.S01.P02_test" name="test_mail_archive_truth_table_fails_closed[values100]" time="0.000" />
    <testcase classname="tests.S01.P02_test" name="test_mail_archive_truth_table_fails_closed[values101]" time="0.000" />
    <testcase classname="tests.S01.P02_test" name="test_mail_archive_truth_table_fails_closed[values102]" time="0.000" />
    <testcase classname="tests.S01.P02_test" name="test_mail_archive_truth_table_fails_closed[values103]" time="0.000" />
    <testcase classname="tests.S01.P02_test" name="test_mail_archive_truth_table_fails_closed[values104]" time="0.000" />
    <testcase classname="tests.S01.P02_test" name="test_mail_archive_truth_table_fails_closed[values105]" time="0.000" />
    <testcase classname="tests.S01.P02_test" name="test_mail_archive_truth_table_fails_closed[values106]" time="0.000" />
    <testcase classname="tests.S01.P02_test" name="test_mail_archive_truth_table_fails_closed[values107]" time="0.000" />
    <testcase classname="tests.S01.P02_test" name="test_mail_archive_truth_table_fails_closed[values108]" time="0.000" />
    <testcase classname="tests.S01.P02_test" name="test_mail_archive_truth_table_fails_closed[values109]" time="0.000" />
    <testcase classname="tests.S01.P02_test" name="test_mail_archive_truth_table_fails_closed[values110]" time="0.000" />
    <testcase classname="tests.S01.P02_test" name="test_mail_archive_truth_table_fails_closed[values111]" time="0.000" />
    <testcase classname="tests.S01.P02_test" name="test_mail_archive_truth_table_fails_closed[values112]" time="0.000" />
    <testcase classname="tests.S01.P02_test" name="test_mail_archive_truth_table_fails_closed[values113]" time="0.000" />
    <testcase classname="tests.S01.P02_test" name="test_mail_archive_truth_table_fails_closed[values114]" time="0.000" />
    <testcase classname="tests.S01.P02_test" name="test_mail_archive_truth_table_fails_closed[values115]" time="0.000" />
    <testcase classname="tests.S01.P02_test" name="test_mail_archive_truth_table_fails_closed[values116]" time="0.000" />
    <testcase classname="tests.S01.P02_test" name="test_mail_archive_truth_table_fails_closed[values117]" time="0.000" />
    <testcase classname="tests.S01.P02_test" name="test_mail_archive_truth_table_fails_closed[values118]" time="0.000" />
    <testcase classname="tests.S01.P02_test" name="test_mail_archive_truth_table_fails_closed[values119]" time="0.000" />
    <testcase classname="tests.S01.P02_test" name="test_mail_archive_truth_table_fails_closed[values120]" time="0.000" />
    <testcase classname="tests.S01.P02_test" name="test_mail_archive_truth_table_fails_closed[values121]" time="0.000" />
    <testcase classname="tests.S01.P02_test" name="test_mail_archive_truth_table_fails_closed[values122]" time="0.000" />
    <testcase classname="tests.S01.P02_test" name="test_mail_archive_truth_table_fails_closed[values123]" time="0.000" />
    <testcase classname="tests.S01.P02_test" name="test_mail_archive_truth_table_fails_closed[values124]" time="0.000" />
    <testcase classname="tests.S01.P02_test" name="test_mail_archive_truth_table_fails_closed[values125]" time="0.000" />
    <testcase classname="tests.S01.P02_test" name="test_mail_archive_truth_table_fails_closed[values126]" time="0.000" />
    <testcase classname="tests.S01.P02_test" name="test_mail_archive_truth_table_fails_closed[values127]" time="0.000" />
    <testcase classname="tests.S01.P02_test" name="test_mail_archive_malformed_gate_sets_disable_gmail[gates0]" time="0.000" />
    <testcase classname="tests.S01.P02_test" name="test_mail_archive_malformed_gate_sets_disable_gmail[gates1]" time="0.000" />
    <testcase classname="tests.S01.P02_test" name="test_mail_archive_malformed_gate_sets_disable_gmail[gates2]" time="0.000" />
    <testcase classname="tests.S01.P02_test" name="test_mail_archive_malformed_gate_sets_disable_gmail[gates3]" time="0.000" />
    <testcase classname="tests.S01.P02_test" name="test_mail_archive_malformed_gate_sets_disable_gmail[gates4]" time="0.000" />
    <testcase classname="tests.S01.P02_test" name="test_recommendation_default_truth_table[values0]" time="0.000" />
    <testcase classname="tests.S01.P02_test" name="test_recommendation_default_truth_table[values1]" time="0.000" />
    <testcase classname="tests.S01.P02_test" name="test_recommendation_default_truth_table[values2]" time="0.000" />
    <testcase classname="tests.S01.P02_test" name="test_recommendation_default_truth_table[values3]" time="0.000" />
    <testcase classname="tests.S01.P02_test" name="test_recommendation_default_truth_table[values4]" time="0.000" />
    <testcase classname="tests.S01.P02_test" name="test_recommendation_default_truth_table[values5]" time="0.000" />
    <testcase classname="tests.S01.P02_test" name="test_recommendation_default_truth_table[values6]" time="0.000" />
    <testcase classname="tests.S01.P02_test" name="test_recommendation_default_truth_table[values7]" time="0.000" />
    <testcase classname="tests.S01.P02_test" name="test_recommendation_default_truth_table[values8]" time="0.000" />
    <testcase classname="tests.S01.P02_test" name="test_recommendation_default_truth_table[values9]" time="0.000" />
    <testcase classname="tests.S01.P02_test" name="test_recommendation_default_truth_table[values10]" time="0.000" />
    <testcase classname="tests.S01.P02_test" name="test_recommendation_default_truth_table[values11]" time="0.000" />
    <testcase classname="tests.S01.P02_test" name="test_recommendation_default_truth_table[values12]" time="0.000" />
    <testcase classname="tests.S01.P02_test" name="test_recommendation_default_truth_table[values13]" time="0.000" />
    <testcase classname="tests.S01.P02_test" name="test_recommendation_default_truth_table[values14]" time="0.000" />
    <testcase classname="tests.S01.P02_test" name="test_recommendation_default_truth_table[values15]" time="0.000" />
    <testcase classname="tests.S01.P02_test" name="test_taskpack_contract_semantics_cannot_drift[roadmap-S01P02-ROADMAP-EXACT]" time="0.000" />
    <testcase classname="tests.S01.P02_test" name="test_taskpack_contract_semantics_cannot_drift[requirement-S01P02-REQUIREMENT-EXACT]" time="0.000" />
    <testcase classname="tests.S01.P02_test" name="test_taskpack_contract_semantics_cannot_drift[acceptance-S01P02-ACCEPTANCE-CONTRACT-EXACT]" time="0.000" />
    <testcase classname="tests.S01.P02_test" name="test_taskpack_contract_semantics_cannot_drift[task_dependency-S01P02-TASK-CHAIN-EXACT]" time="0.000" />
    <testcase classname="tests.S01.P02_test" name="test_taskpack_contract_semantics_cannot_drift[task_output-S01P02-TASK-CHAIN-EXACT]" time="0.000" />
    <testcase classname="tests.S01.P02_test" name="test_taskpack_contract_semantics_cannot_drift[task_owner-S01P02-TASK-CHAIN-EXACT]" time="0.000" />
    <testcase classname="tests.S01.P02_test" name="test_taskpack_contract_semantics_cannot_drift[traceability-S01P02-TRACEABILITY-EXACT]" time="0.000" />
    <testcase classname="tests.S01.P02_test" name="test_faq_mutations_fail_customer_contract[second_h1-S01P02-FAQ-STRUCTURE]" time="0.000" />
    <testcase classname="tests.S01.P02_test" name="test_faq_mutations_fail_customer_contract[missing_question-S01P02-FAQ-STRUCTURE]" time="0.000" />
    <testcase classname="tests.S01.P02_test" name="test_faq_mutations_fail_customer_contract[duplicate_question-S01P02-FAQ-STRUCTURE]" time="0.000" />
    <testcase classname="tests.S01.P02_test" name="test_faq_mutations_fail_customer_contract[missing_answer-S01P02-FAQ-STRUCTURE]" time="0.000" />
    <testcase classname="tests.S01.P02_test" name="test_faq_mutations_fail_customer_contract[duplicate_default-S01P02-FAQ-STRUCTURE]" time="0.000" />
    <testcase classname="tests.S01.P02_test" name="test_faq_mutations_fail_customer_contract[missing_preamble-S01P02-FAQ-STRUCTURE]" time="0.000" />
    <testcase classname="tests.S01.P02_test" name="test_faq_mutations_fail_customer_contract[code_fence-S01P02-FAQ-STRUCTURE]" time="0.000" />
    <testcase classname="tests.S01.P02_test" name="test_faq_mutations_fail_customer_contract[url-S01P02-FAQ-STRUCTURE]" time="0.000" />
    <testcase classname="tests.S01.P02_test" name="test_faq_mutations_fail_customer_contract[too_short-S01P02-FAQ-CUSTOMER-LANGUAGE]" time="0.000" />
    <testcase classname="tests.S01.P02_test" name="test_faq_mutations_fail_customer_contract[false_deployment-S01P02-FAQ-NO-FALSE-CURRENT-CLAIMS]" time="0.000" />
    <testcase classname="tests.S01.P02_test" name="test_faq_mutations_fail_customer_contract[false_return-S01P02-FAQ-NO-FALSE-CURRENT-CLAIMS]" time="0.000" />
    <testcase classname="tests.S01.P02_test" name="test_faq_mutations_fail_customer_contract[missing_concept-S01P02-FAQ-REQUIRED-CONCEPTS]" time="0.000" />
    <testcase classname="tests.S01.P02_test" name="test_faq_mutations_fail_customer_contract[missing_evidence_path-S01P02-FAQ-DEFAULT-AND-EVIDENCE-PER-QUESTION]" time="0.000" />
    <testcase classname="tests.S01.P02_test" name="test_faq_mutations_fail_customer_contract[missing_boundary-S01P02-FAQ-STRUCTURE]" time="0.000" />
    <testcase classname="tests.S01.P02_test" name="test_assumption_register_mutations_fail_closed[status-S01P02-REGISTER-TOP-LEVEL]" time="0.000" />
    <testcase classname="tests.S01.P02_test" name="test_assumption_register_mutations_fail_closed[next-S01P02-REGISTER-TOP-LEVEL]" time="0.000" />
    <testcase classname="tests.S01.P02_test" name="test_assumption_register_mutations_fail_closed[source_binding-S01P02-REGISTER-SOURCE-BINDINGS]" time="0.000" />
    <testcase classname="tests.S01.P02_test" name="test_assumption_register_mutations_fail_closed[required_questions-S01P02-REGISTER-REQUIRED-QUESTIONS]" time="0.000" />
    <testcase classname="tests.S01.P02_test" name="test_assumption_register_mutations_fail_closed[duplicate_id-S01P02-REGISTER-ONE-ROW-PER-QUESTION]" time="0.000" />
    <testcase classname="tests.S01.P02_test" name="test_assumption_register_mutations_fail_closed[question_order-S01P02-REGISTER-ONE-ROW-PER-QUESTION]" time="0.000" />
    <testcase classname="tests.S01.P02_test" name="test_assumption_register_mutations_fail_closed[topic-S01P02-REGISTER-ONE-ROW-PER-QUESTION]" time="0.000" />
    <testcase classname="tests.S01.P02_test" name="test_assumption_register_mutations_fail_closed[safe_default-S01P02-REGISTER-ONE-ROW-PER-QUESTION]" time="0.000" />
    <testcase classname="tests.S01.P02_test" name="test_assumption_register_mutations_fail_closed[external_observed-S01P02-REGISTER-ONE-ROW-PER-QUESTION]" time="0.000" />
    <testcase classname="tests.S01.P02_test" name="test_assumption_register_mutations_fail_closed[empty_proof-S01P02-REGISTER-ONE-ROW-PER-QUESTION]" time="0.000" />
    <testcase classname="tests.S01.P02_test" name="test_assumption_register_mutations_fail_closed[missing_evidence-S01P02-REGISTER-EVIDENCE-POINTERS-RESOLVE]" time="0.000" />
    <testcase classname="tests.S01.P02_test" name="test_assumption_register_mutations_fail_closed[bogus_pointer-S01P02-REGISTER-EVIDENCE-POINTERS-RESOLVE]" time="0.000" />
    <testcase classname="tests.S01.P02_test" name="test_assumption_register_mutations_fail_closed[missing_support-S01P02-REGISTER-EVIDENCE-POINTERS-RESOLVE]" time="0.000" />
    <testcase classname="tests.S01.P02_test" name="test_assumption_register_mutations_fail_closed[target_status-S01P02-REGISTER-TARGET-DEFAULT]" time="0.000" />
    <testcase classname="tests.S01.P02_test" name="test_assumption_register_mutations_fail_closed[target_falsification-S01P02-REGISTER-TARGET-DEFAULT]" time="0.000" />
    <testcase classname="tests.S01.P02_test" name="test_assumption_register_mutations_fail_closed[guarantee-S01P02-REGISTER-NO-GUARANTEE-DEFAULT]" time="0.000" />
    <testcase classname="tests.S01.P02_test" name="test_assumption_register_mutations_fail_closed[budget-S01P02-REGISTER-ZERO-BUDGET-DEFAULT]" time="0.000" />
    <testcase classname="tests.S01.P02_test" name="test_assumption_register_mutations_fail_closed[coverage-S01P02-REGISTER-COVERAGE-DEFAULT]" time="0.000" />
    <testcase classname="tests.S01.P02_test" name="test_assumption_register_mutations_fail_closed[mail-S01P02-REGISTER-MAIL-DEFAULT]" time="0.000" />
    <testcase classname="tests.S01.P02_test" name="test_assumption_register_mutations_fail_closed[failure-S01P02-REGISTER-FAILURE-DEFAULT]" time="0.000" />
    <testcase classname="tests.S01.P02_test" name="test_assumption_register_mutations_fail_closed[privacy-S01P02-REGISTER-PRIVACY-DEFAULT]" time="0.000" />
    <testcase classname="tests.S01.P02_test" name="test_assumption_register_mutations_fail_closed[claim_boundary-S01P02-REGISTER-CLAIM-BOUNDARIES]" time="0.000" />
    <testcase classname="tests.S01.P02_test" name="test_frozen_fact_mutations_fail_semantic_oracle[target_guaranteed-S01P02-FACT-TARGET-NO-GUARANTEE]" time="0.000" />
    <testcase classname="tests.S01.P02_test" name="test_frozen_fact_mutations_fail_semantic_oracle[shortfall_relax-S01P02-FACT-TARGET-NO-GUARANTEE]" time="0.000" />
    <testcase classname="tests.S01.P02_test" name="test_frozen_fact_mutations_fail_semantic_oracle[cost_max-S01P02-FACT-ZERO-BUDGET-SEMANTICS]" time="0.000" />
    <testcase classname="tests.S01.P02_test" name="test_frozen_fact_mutations_fail_semantic_oracle[auto_purchase-S01P02-FACT-ZERO-BUDGET-SEMANTICS]" time="0.000" />
    <testcase classname="tests.S01.P02_test" name="test_frozen_fact_mutations_fail_semantic_oracle[silent_gap-S01P02-FACT-COVERAGE-AND-SAFE-DEFAULT]" time="0.000" />
    <testcase classname="tests.S01.P02_test" name="test_frozen_fact_mutations_fail_semantic_oracle[unstable_recommend-S01P02-FACT-COVERAGE-AND-SAFE-DEFAULT]" time="0.000" />
    <testcase classname="tests.S01.P02_test" name="test_frozen_fact_mutations_fail_semantic_oracle[gmail_active-S01P02-FACT-GMAIL-NOT-CONNECTED-SAFE-ARCHIVE]" time="0.000" />
    <testcase classname="tests.S01.P02_test" name="test_frozen_fact_mutations_fail_semantic_oracle[permanent_delete-S01P02-FACT-GMAIL-NOT-CONNECTED-SAFE-ARCHIVE]" time="0.000" />
    <testcase classname="tests.S01.P02_test" name="test_frozen_fact_mutations_fail_semantic_oracle[rollback_removed-S01P02-FACT-FAILURE-ROLLBACK]" time="0.000" />
    <testcase classname="tests.S01.P02_test" name="test_frozen_fact_mutations_fail_semantic_oracle[privacy_field_removed-S01P02-FACT-PRIVACY-AND-SECRETS]" time="0.000" />
    <testcase classname="tests.S01.P02_test" name="test_frozen_fact_mutations_fail_semantic_oracle[order_authorized-S01P02-NO-EXTERNAL-EFFECTS-OR-ORDER]" time="0.000" />
    <testcase classname="tests.S01.P02_test" name="test_frozen_fact_mutations_fail_semantic_oracle[gmail_called-S01P02-NO-EXTERNAL-EFFECTS-OR-ORDER]" time="0.000" />
    <testcase classname="tests.S01.P02_test" name="test_p01_prerequisite_mutations_block_p02[evidence_status-S01P02-P01-IMMUTABLE-RECEIPT]" time="0.000" />
    <testcase classname="tests.S01.P02_test" name="test_p01_prerequisite_mutations_block_p02[decision_hash-S01P02-P01-IMMUTABLE-RECEIPT]" time="0.000" />
    <testcase classname="tests.S01.P02_test" name="test_p01_prerequisite_mutations_block_p02[external_effect-S01P02-P01-IMMUTABLE-RECEIPT]" time="0.000" />
    <testcase classname="tests.S01.P02_test" name="test_p01_prerequisite_mutations_block_p02[rollback_status-S01P02-P01-IMMUTABLE-RECEIPT]" time="0.000" />
    <testcase classname="tests.S01.P02_test" name="test_p01_prerequisite_mutations_block_p02[p01_artifact-S01P02-P01-SIGNED-ARTIFACTS]" time="0.000" />
    <testcase classname="tests.S01.P02_test" name="test_p01_prerequisite_mutations_block_p02[index_status-S01P02-P01-EVIDENCE-INDEX]" time="0.000" />
    <testcase classname="tests.S01.P02_test" name="test_p01_prerequisite_mutations_block_p02[stage0_receipt-S01P02-STAGE0-DELIVERY-CHAIN]" time="0.000" />
    <testcase classname="tests.S01.P02_test" name="test_future_phase_cannot_start_in_p02_run[p03_evidence]" time="0.000" />
    <testcase classname="tests.S01.P02_test" name="test_future_phase_cannot_start_in_p02_run[p03_output]" time="0.000" />
    <testcase classname="tests.S01.P02_test" name="test_future_phase_cannot_start_in_p02_run[p04_output]" time="0.000" />
    <testcase classname="tests.S01.P02_test" name="test_continuous_workflow_mutations_fail_closed[floating_action]" time="0.000" />
    <testcase classname="tests.S01.P02_test" name="test_continuous_workflow_mutations_fail_closed[missing_regression]" time="0.000" />
    <testcase classname="tests.S01.P02_test" name="test_continuous_workflow_mutations_fail_closed[secret_reference]" time="0.000" />
    <testcase classname="tests.S01.P02_test" name="test_duplicate_json_keys_fail_closed[register]" time="0.000" />
    <testcase classname="tests.S01.P02_test" name="test_duplicate_json_keys_fail_closed[fixture]" time="0.000" />
    <testcase classname="tests.S01.P02_test" name="test_duplicate_json_keys_fail_closed[p01_evidence]" time="0.000" />
    <testcase classname="tests.S01.P02_test" name="test_evidence_is_deterministic_without_runtime_reports" time="0.000" />
    <testcase classname="tests.S01.P02_test" name="test_rollback_drill_restores_all_signed_phase_inputs" time="0.000" />
    <testcase classname="tests.S01.P02_test" name="test_evaluation_does_not_mutate_inputs" time="0.000" />
    <testcase classname="tests.S01.P02_test" name="test_external_reports_are_required_for_final_phase_evidence" time="0.000" />
  </testsuite>
</testsuites>
