<?xml version='1.0' encoding='utf-8'?>
<testsuites name="pytest tests">
  <testsuite name="pytest" errors="0" failures="0" skipped="0" tests="158" time="0.000" timestamp="2026-07-19T00:00:00+10:00">
    <testcase classname="tests.S02.P01_test" name="test_baseline_official_research_contract_passes_without_runtime_reports" time="0.000" />
    <testcase classname="tests.S02.P01_test" name="test_stage1_delivery_prerequisite_is_immutable_and_git_verified" time="0.000" />
    <testcase classname="tests.S02.P01_test" name="test_existing_p01_receipt_rehashes_signed_inputs_reports_and_code" time="0.000" />
    <testcase classname="tests.S02.P01_test" name="test_phase_artifact_hashes_match_frozen_fixture[relative0]" time="0.000" />
    <testcase classname="tests.S02.P01_test" name="test_phase_artifact_hashes_match_frozen_fixture[relative1]" time="0.000" />
    <testcase classname="tests.S02.P01_test" name="test_phase_artifact_hashes_match_frozen_fixture[relative2]" time="0.000" />
    <testcase classname="tests.S02.P01_test" name="test_incremental_cash_gate_covers_zero_and_point_0001_boundaries[case0]" time="0.000" />
    <testcase classname="tests.S02.P01_test" name="test_incremental_cash_gate_covers_zero_and_point_0001_boundaries[case1]" time="0.000" />
    <testcase classname="tests.S02.P01_test" name="test_incremental_cash_gate_covers_zero_and_point_0001_boundaries[case2]" time="0.000" />
    <testcase classname="tests.S02.P01_test" name="test_incremental_cash_gate_covers_zero_and_point_0001_boundaries[case3]" time="0.000" />
    <testcase classname="tests.S02.P01_test" name="test_malformed_incremental_cash_never_passes[0]" time="0.000" />
    <testcase classname="tests.S02.P01_test" name="test_malformed_incremental_cash_never_passes[0.0]" time="0.000" />
    <testcase classname="tests.S02.P01_test" name="test_malformed_incremental_cash_never_passes[True]" time="0.000" />
    <testcase classname="tests.S02.P01_test" name="test_malformed_incremental_cash_never_passes[malformed3]" time="0.000" />
    <testcase classname="tests.S02.P01_test" name="test_malformed_incremental_cash_never_passes[malformed4]" time="0.000" />
    <testcase classname="tests.S02.P01_test" name="test_malformed_incremental_cash_never_passes[]" time="0.000" />
    <testcase classname="tests.S02.P01_test" name="test_malformed_incremental_cash_never_passes[ 0.00]" time="0.000" />
    <testcase classname="tests.S02.P01_test" name="test_malformed_incremental_cash_never_passes[NaN]" time="0.000" />
    <testcase classname="tests.S02.P01_test" name="test_malformed_incremental_cash_never_passes[Infinity]" time="0.000" />
    <testcase classname="tests.S02.P01_test" name="test_malformed_incremental_cash_never_passes[AUD 0.00]" time="0.000" />
    <testcase classname="tests.S02.P01_test" name="test_source_freshness_vectors_fail_closed[case0]" time="0.000" />
    <testcase classname="tests.S02.P01_test" name="test_source_freshness_vectors_fail_closed[case1]" time="0.000" />
    <testcase classname="tests.S02.P01_test" name="test_source_freshness_vectors_fail_closed[case2]" time="0.000" />
    <testcase classname="tests.S02.P01_test" name="test_source_freshness_vectors_fail_closed[case3]" time="0.000" />
    <testcase classname="tests.S02.P01_test" name="test_malformed_source_dates_are_invalid[values0]" time="0.000" />
    <testcase classname="tests.S02.P01_test" name="test_malformed_source_dates_are_invalid[values1]" time="0.000" />
    <testcase classname="tests.S02.P01_test" name="test_malformed_source_dates_are_invalid[values2]" time="0.000" />
    <testcase classname="tests.S02.P01_test" name="test_malformed_source_dates_are_invalid[values3]" time="0.000" />
    <testcase classname="tests.S02.P01_test" name="test_malformed_source_dates_are_invalid[values4]" time="0.000" />
    <testcase classname="tests.S02.P01_test" name="test_malformed_source_dates_are_invalid[values5]" time="0.000" />
    <testcase classname="tests.S02.P01_test" name="test_taskpack_contract_semantics_cannot_drift[roadmap_objective-S02P01-ROADMAP-EXACT]" time="0.000" />
    <testcase classname="tests.S02.P01_test" name="test_taskpack_contract_semantics_cannot_drift[roadmap_outputs-S02P01-ROADMAP-EXACT]" time="0.000" />
    <testcase classname="tests.S02.P01_test" name="test_taskpack_contract_semantics_cannot_drift[requirement_target-S02P01-REQUIREMENT-EXACT]" time="0.000" />
    <testcase classname="tests.S02.P01_test" name="test_taskpack_contract_semantics_cannot_drift[acceptance_oracle-S02P01-ACCEPTANCE-CONTRACT-EXACT]" time="0.000" />
    <testcase classname="tests.S02.P01_test" name="test_taskpack_contract_semantics_cannot_drift[task_dependency-S02P01-TASK-CHAIN-EXACT]" time="0.000" />
    <testcase classname="tests.S02.P01_test" name="test_taskpack_contract_semantics_cannot_drift[task_output-S02P01-TASK-CHAIN-EXACT]" time="0.000" />
    <testcase classname="tests.S02.P01_test" name="test_taskpack_contract_semantics_cannot_drift[task_owner-S02P01-TASK-CHAIN-EXACT]" time="0.000" />
    <testcase classname="tests.S02.P01_test" name="test_taskpack_contract_semantics_cannot_drift[traceability-S02P01-TRACEABILITY-EXACT]" time="0.000" />
    <testcase classname="tests.S02.P01_test" name="test_source_catalog_mutations_fail_closed[status-S02P01-SOURCES-TOP-LEVEL]" time="0.000" />
    <testcase classname="tests.S02.P01_test" name="test_source_catalog_mutations_fail_closed[next-S02P01-SOURCES-TOP-LEVEL]" time="0.000" />
    <testcase classname="tests.S02.P01_test" name="test_source_catalog_mutations_fail_closed[network_mode-S02P01-READ-ONLY-NONEXHAUSTIVE-RESEARCH-MODE]" time="0.000" />
    <testcase classname="tests.S02.P01_test" name="test_source_catalog_mutations_fail_closed[login-S02P01-READ-ONLY-NONEXHAUSTIVE-RESEARCH-MODE]" time="0.000" />
    <testcase classname="tests.S02.P01_test" name="test_source_catalog_mutations_fail_closed[exhaustive-S02P01-READ-ONLY-NONEXHAUSTIVE-RESEARCH-MODE]" time="0.000" />
    <testcase classname="tests.S02.P01_test" name="test_source_catalog_mutations_fail_closed[allowed_level-S02P01-SOURCE-LEVEL-DEFINITIONS-EXACT]" time="0.000" />
    <testcase classname="tests.S02.P01_test" name="test_source_catalog_mutations_fail_closed[missing_source-S02P01-SOURCE-IDS-EXACT-UNIQUE]" time="0.000" />
    <testcase classname="tests.S02.P01_test" name="test_source_catalog_mutations_fail_closed[duplicate_id-S02P01-SOURCE-IDS-EXACT-UNIQUE]" time="0.000" />
    <testcase classname="tests.S02.P01_test" name="test_source_catalog_mutations_fail_closed[http-S02P01-SOURCE-URLS-OFFICIAL-HTTPS]" time="0.000" />
    <testcase classname="tests.S02.P01_test" name="test_source_catalog_mutations_fail_closed[foreign_host-S02P01-SOURCE-URLS-OFFICIAL-HTTPS]" time="0.000" />
    <testcase classname="tests.S02.P01_test" name="test_source_catalog_mutations_fail_closed[credentials-S02P01-SOURCE-URLS-OFFICIAL-HTTPS]" time="0.000" />
    <testcase classname="tests.S02.P01_test" name="test_source_catalog_mutations_fail_closed[fragment-S02P01-SOURCE-URLS-OFFICIAL-HTTPS]" time="0.000" />
    <testcase classname="tests.S02.P01_test" name="test_source_catalog_mutations_fail_closed[duplicate_url-S02P01-SOURCE-URLS-OFFICIAL-HTTPS]" time="0.000" />
    <testcase classname="tests.S02.P01_test" name="test_source_catalog_mutations_fail_closed[retrieval_date-S02P01-SOURCE-METADATA-COMPLETE]" time="0.000" />
    <testcase classname="tests.S02.P01_test" name="test_source_catalog_mutations_fail_closed[review_date-S02P01-SOURCE-METADATA-COMPLETE]" time="0.000" />
    <testcase classname="tests.S02.P01_test" name="test_source_catalog_mutations_fail_closed[source_level-S02P01-SOURCE-METADATA-COMPLETE]" time="0.000" />
    <testcase classname="tests.S02.P01_test" name="test_source_catalog_mutations_fail_closed[empty_claims-S02P01-SOURCE-CLAIM-MAPPINGS-NONEMPTY]" time="0.000" />
    <testcase classname="tests.S02.P01_test" name="test_source_catalog_mutations_fail_closed[duplicate_claim-S02P01-SOURCE-CLAIM-MAPPINGS-NONEMPTY]" time="0.000" />
    <testcase classname="tests.S02.P01_test" name="test_source_catalog_mutations_fail_closed[orphan_claim-S02P01-ALL-CLAIMS-HAVE-OFFICIAL-SOURCE]" time="0.000" />
    <testcase classname="tests.S02.P01_test" name="test_source_catalog_mutations_fail_closed[body_copy-S02P01-SOURCE-METADATA-COMPLETE]" time="0.000" />
    <testcase classname="tests.S02.P01_test" name="test_source_catalog_mutations_fail_closed[boundary_account-S02P01-SOURCES-NO-EXTERNAL-EFFECT]" time="0.000" />
    <testcase classname="tests.S02.P01_test" name="test_source_catalog_mutations_fail_closed[boundary_spend-S02P01-SOURCES-NO-EXTERNAL-EFFECT]" time="0.000" />
    <testcase classname="tests.S02.P01_test" name="test_source_catalog_mutations_fail_closed[limitation-S02P01-SOURCE-LIMITATIONS-EXPLICIT]" time="0.000" />
    <testcase classname="tests.S02.P01_test" name="test_source_catalog_mutations_fail_closed[binary_float-S02P01-NO-BINARY-FLOAT-IN-AUTHORITATIVE-ARTIFACTS]" time="0.000" />
    <testcase classname="tests.S02.P01_test" name="test_provider_fact_mutations_fail_closed[status-S02P01-PROVIDER-TOP-LEVEL]" time="0.000" />
    <testcase classname="tests.S02.P01_test" name="test_provider_fact_mutations_fail_closed[next-S02P01-PROVIDER-TOP-LEVEL]" time="0.000" />
    <testcase classname="tests.S02.P01_test" name="test_provider_fact_mutations_fail_closed[runtime_semantics-S02P01-FACT-SEMANTICS-FAIL-CLOSED]" time="0.000" />
    <testcase classname="tests.S02.P01_test" name="test_provider_fact_mutations_fail_closed[permission_semantics-S02P01-FACT-SEMANTICS-FAIL-CLOSED]" time="0.000" />
    <testcase classname="tests.S02.P01_test" name="test_provider_fact_mutations_fail_closed[provider_order-S02P01-PROVIDER-IDS-EXACT-UNIQUE]" time="0.000" />
    <testcase classname="tests.S02.P01_test" name="test_provider_fact_mutations_fail_closed[duplicate_provider-S02P01-PROVIDER-IDS-EXACT-UNIQUE]" time="0.000" />
    <testcase classname="tests.S02.P01_test" name="test_provider_fact_mutations_fail_closed[fake_capability-S02P01-PROVIDER-CAPABILITIES-NOT-FABRICATED]" time="0.000" />
    <testcase classname="tests.S02.P01_test" name="test_provider_fact_mutations_fail_closed[duplicate_fact-S02P01-PROVIDER-FACT-IDS-EXACT-UNIQUE]" time="0.000" />
    <testcase classname="tests.S02.P01_test" name="test_provider_fact_mutations_fail_closed[missing_field-S02P01-PROVIDER-FACT-ROWS-COMPLETE]" time="0.000" />
    <testcase classname="tests.S02.P01_test" name="test_provider_fact_mutations_fail_closed[empty_statement-S02P01-PROVIDER-FACT-ROWS-COMPLETE]" time="0.000" />
    <testcase classname="tests.S02.P01_test" name="test_provider_fact_mutations_fail_closed[citation_url-S02P01-PROVIDER-FACT-CITATIONS-RESOLVE]" time="0.000" />
    <testcase classname="tests.S02.P01_test" name="test_provider_fact_mutations_fail_closed[citation_date-S02P01-PROVIDER-FACT-CITATIONS-RESOLVE]" time="0.000" />
    <testcase classname="tests.S02.P01_test" name="test_provider_fact_mutations_fail_closed[citation_level-S02P01-PROVIDER-FACT-CITATIONS-RESOLVE]" time="0.000" />
    <testcase classname="tests.S02.P01_test" name="test_provider_fact_mutations_fail_closed[citation_source-S02P01-PROVIDER-FACT-CITATIONS-RESOLVE]" time="0.000" />
    <testcase classname="tests.S02.P01_test" name="test_provider_fact_mutations_fail_closed[empty_citations-S02P01-PROVIDER-FACT-CITATIONS-RESOLVE]" time="0.000" />
    <testcase classname="tests.S02.P01_test" name="test_provider_fact_mutations_fail_closed[dangerous_decision-S02P01-PROVIDER-DECISIONS-NO-ORDER-OR-SPEND]" time="0.000" />
    <testcase classname="tests.S02.P01_test" name="test_provider_fact_mutations_fail_closed[critical_default-S02P01-CRITICAL-SAFE-DEFAULTS-EXACT]" time="0.000" />
    <testcase classname="tests.S02.P01_test" name="test_provider_fact_mutations_fail_closed[tab_scrape-S02P01-TAB-ACCESS-CONTRACT-FAIL-CLOSED]" time="0.000" />
    <testcase classname="tests.S02.P01_test" name="test_provider_fact_mutations_fail_closed[tab_studio-S02P01-TAB-ACCESS-CONTRACT-FAIL-CLOSED]" time="0.000" />
    <testcase classname="tests.S02.P01_test" name="test_provider_fact_mutations_fail_closed[sportsbet_permission-S02P01-SPORTSBET-AUTOMATION-NOT-INVENTED]" time="0.000" />
    <testcase classname="tests.S02.P01_test" name="test_provider_fact_mutations_fail_closed[gmail_methods-S02P01-GMAIL-RESTRICTED-SCOPE-POLICY-GATE]" time="0.000" />
    <testcase classname="tests.S02.P01_test" name="test_provider_fact_mutations_fail_closed[gmail_policy-S02P01-GMAIL-RESTRICTED-SCOPE-POLICY-GATE]" time="0.000" />
    <testcase classname="tests.S02.P01_test" name="test_provider_fact_mutations_fail_closed[cloudflare_paid-S02P01-CLOUDFLARE-CHINA-AND-ZERO-CASH-GATE]" time="0.000" />
    <testcase classname="tests.S02.P01_test" name="test_provider_fact_mutations_fail_closed[cloudflare_china-S02P01-CLOUDFLARE-CHINA-AND-ZERO-CASH-GATE]" time="0.000" />
    <testcase classname="tests.S02.P01_test" name="test_provider_fact_mutations_fail_closed[cloudflare_pages-S02P01-CLOUDFLARE-CHINA-AND-ZERO-CASH-GATE]" time="0.000" />
    <testcase classname="tests.S02.P01_test" name="test_provider_fact_mutations_fail_closed[ovh_sla-S02P01-OVH-SLA-NOT-RUNTIME-PROOF]" time="0.000" />
    <testcase classname="tests.S02.P01_test" name="test_provider_fact_mutations_fail_closed[ovh_purchase-S02P01-OVH-SLA-NOT-RUNTIME-PROOF]" time="0.000" />
    <testcase classname="tests.S02.P01_test" name="test_provider_fact_mutations_fail_closed[boundary_account-S02P01-PROVIDER-NO-EXTERNAL-OR-PERFORMANCE-EFFECT]" time="0.000" />
    <testcase classname="tests.S02.P01_test" name="test_provider_fact_mutations_fail_closed[boundary_deploy-S02P01-PROVIDER-NO-EXTERNAL-OR-PERFORMANCE-EFFECT]" time="0.000" />
    <testcase classname="tests.S02.P01_test" name="test_provider_fact_mutations_fail_closed[boundary_order-S02P01-PROVIDER-NO-EXTERNAL-OR-PERFORMANCE-EFFECT]" time="0.000" />
    <testcase classname="tests.S02.P01_test" name="test_provider_fact_mutations_fail_closed[boundary_return-S02P01-PROVIDER-NO-EXTERNAL-OR-PERFORMANCE-EFFECT]" time="0.000" />
    <testcase classname="tests.S02.P01_test" name="test_provider_fact_mutations_fail_closed[boundary_p02-S02P01-PROVIDER-NO-EXTERNAL-OR-PERFORMANCE-EFFECT]" time="0.000" />
    <testcase classname="tests.S02.P01_test" name="test_provider_fact_mutations_fail_closed[binary_float-S02P01-NO-BINARY-FLOAT-IN-AUTHORITATIVE-ARTIFACTS]" time="0.000" />
    <testcase classname="tests.S02.P01_test" name="test_regulatory_matrix_mutations_fail_closed[status-S02P01-REGULATORY-TOP-LEVEL]" time="0.000" />
    <testcase classname="tests.S02.P01_test" name="test_regulatory_matrix_mutations_fail_closed[next-S02P01-REGULATORY-TOP-LEVEL]" time="0.000" />
    <testcase classname="tests.S02.P01_test" name="test_regulatory_matrix_mutations_fail_closed[legal_advice-S02P01-REGULATORY-NO-LEGAL-ADVICE-OR-CERTIFICATION]" time="0.000" />
    <testcase classname="tests.S02.P01_test" name="test_regulatory_matrix_mutations_fail_closed[certification-S02P01-REGULATORY-NO-LEGAL-ADVICE-OR-CERTIFICATION]" time="0.000" />
    <testcase classname="tests.S02.P01_test" name="test_regulatory_matrix_mutations_fail_closed[exhaustive-S02P01-REGULATORY-NO-LEGAL-ADVICE-OR-CERTIFICATION]" time="0.000" />
    <testcase classname="tests.S02.P01_test" name="test_regulatory_matrix_mutations_fail_closed[duplicate_rule-S02P01-REGULATORY-RULE-IDS-EXACT-UNIQUE]" time="0.000" />
    <testcase classname="tests.S02.P01_test" name="test_regulatory_matrix_mutations_fail_closed[missing_rule-S02P01-REGULATORY-RULE-IDS-EXACT-UNIQUE]" time="0.000" />
    <testcase classname="tests.S02.P01_test" name="test_regulatory_matrix_mutations_fail_closed[missing_field-S02P01-REGULATORY-RULES-COMPLETE]" time="0.000" />
    <testcase classname="tests.S02.P01_test" name="test_regulatory_matrix_mutations_fail_closed[empty_statement-S02P01-REGULATORY-RULES-COMPLETE]" time="0.000" />
    <testcase classname="tests.S02.P01_test" name="test_regulatory_matrix_mutations_fail_closed[citation_url-S02P01-REGULATORY-CITATIONS-RESOLVE]" time="0.000" />
    <testcase classname="tests.S02.P01_test" name="test_regulatory_matrix_mutations_fail_closed[citation_source-S02P01-REGULATORY-CITATIONS-RESOLVE]" time="0.000" />
    <testcase classname="tests.S02.P01_test" name="test_regulatory_matrix_mutations_fail_closed[empty_citations-S02P01-REGULATORY-CITATIONS-RESOLVE]" time="0.000" />
    <testcase classname="tests.S02.P01_test" name="test_regulatory_matrix_mutations_fail_closed[control-S02P01-REGULATORY-CONTROLS-EXACT]" time="0.000" />
    <testcase classname="tests.S02.P01_test" name="test_regulatory_matrix_mutations_fail_closed[in_play-S02P01-REGULATORY-CRITICAL-FAIL-CLOSED-BEHAVIOR]" time="0.000" />
    <testcase classname="tests.S02.P01_test" name="test_regulatory_matrix_mutations_fail_closed[payment-S02P01-REGULATORY-CRITICAL-FAIL-CLOSED-BEHAVIOR]" time="0.000" />
    <testcase classname="tests.S02.P01_test" name="test_regulatory_matrix_mutations_fail_closed[betstop-S02P01-REGULATORY-CRITICAL-FAIL-CLOSED-BEHAVIOR]" time="0.000" />
    <testcase classname="tests.S02.P01_test" name="test_regulatory_matrix_mutations_fail_closed[privacy-S02P01-REGULATORY-CRITICAL-FAIL-CLOSED-BEHAVIOR]" time="0.000" />
    <testcase classname="tests.S02.P01_test" name="test_regulatory_matrix_mutations_fail_closed[tab_scrape-S02P01-REGULATORY-CRITICAL-FAIL-CLOSED-BEHAVIOR]" time="0.000" />
    <testcase classname="tests.S02.P01_test" name="test_regulatory_matrix_mutations_fail_closed[kyc_verified-S02P01-REGULATORY-RUNTIME-PREREQUISITES-UNVERIFIED]" time="0.000" />
    <testcase classname="tests.S02.P01_test" name="test_regulatory_matrix_mutations_fail_closed[betstop_verified-S02P01-REGULATORY-RUNTIME-PREREQUISITES-UNVERIFIED]" time="0.000" />
    <testcase classname="tests.S02.P01_test" name="test_regulatory_matrix_mutations_fail_closed[runtime_default-S02P01-REGULATORY-RUNTIME-PREREQUISITES-UNVERIFIED]" time="0.000" />
    <testcase classname="tests.S02.P01_test" name="test_regulatory_matrix_mutations_fail_closed[conflict-S02P01-REGULATORY-CONFLICTS-HAVE-SAFE-DEFAULT]" time="0.000" />
    <testcase classname="tests.S02.P01_test" name="test_regulatory_matrix_mutations_fail_closed[unknown_questions-S02P01-REGULATORY-CONFLICTS-HAVE-SAFE-DEFAULT]" time="0.000" />
    <testcase classname="tests.S02.P01_test" name="test_regulatory_matrix_mutations_fail_closed[boundary_advice-S02P01-REGULATORY-NO-EXTERNAL-EFFECT]" time="0.000" />
    <testcase classname="tests.S02.P01_test" name="test_regulatory_matrix_mutations_fail_closed[boundary_account-S02P01-REGULATORY-NO-EXTERNAL-EFFECT]" time="0.000" />
    <testcase classname="tests.S02.P01_test" name="test_regulatory_matrix_mutations_fail_closed[boundary_deploy-S02P01-REGULATORY-NO-EXTERNAL-EFFECT]" time="0.000" />
    <testcase classname="tests.S02.P01_test" name="test_regulatory_matrix_mutations_fail_closed[boundary_order-S02P01-REGULATORY-NO-EXTERNAL-EFFECT]" time="0.000" />
    <testcase classname="tests.S02.P01_test" name="test_regulatory_matrix_mutations_fail_closed[boundary_spend-S02P01-REGULATORY-NO-EXTERNAL-EFFECT]" time="0.000" />
    <testcase classname="tests.S02.P01_test" name="test_regulatory_matrix_mutations_fail_closed[binary_float-S02P01-NO-BINARY-FLOAT-IN-AUTHORITATIVE-ARTIFACTS]" time="0.000" />
    <testcase classname="tests.S02.P01_test" name="test_stage1_delivery_mutations_block_s02[receipt_status-S01DELIVERY-RECEIPT-SHAPE]" time="0.000" />
    <testcase classname="tests.S02.P01_test" name="test_stage1_delivery_mutations_block_s02[receipt_checks-S01DELIVERY-MAIN-CHECKS-EXACT]" time="0.000" />
    <testcase classname="tests.S02.P01_test" name="test_stage1_delivery_mutations_block_s02[receipt_cost-S01DELIVERY-ZERO-CASH-DELIVERY-GATE]" time="0.000" />
    <testcase classname="tests.S02.P01_test" name="test_stage1_delivery_mutations_block_s02[receipt_effect-S01DELIVERY-EXTERNAL-EFFECTS-EXACT]" time="0.000" />
    <testcase classname="tests.S02.P01_test" name="test_stage1_delivery_mutations_block_s02[stage_evidence-S01DELIVERY-HISTORICAL-EVIDENCE-INTEGRITY]" time="0.000" />
    <testcase classname="tests.S02.P01_test" name="test_stage1_delivery_mutations_block_s02[rollback-S01DELIVERY-HISTORICAL-ROLLBACK-INTEGRITY]" time="0.000" />
    <testcase classname="tests.S02.P01_test" name="test_stage1_delivery_mutations_block_s02[index-S01DELIVERY-EVIDENCE-INDEX-BINDING]" time="0.000" />
    <testcase classname="tests.S02.P01_test" name="test_existing_p01_receipt_mutations_fail_closed[evidence_status-S02P01-RECEIPT-EVIDENCE-INTEGRITY]" time="0.000" />
    <testcase classname="tests.S02.P01_test" name="test_existing_p01_receipt_mutations_fail_closed[validation-S02P01-RECEIPT-VALIDATION-ALL-PASS]" time="0.000" />
    <testcase classname="tests.S02.P01_test" name="test_existing_p01_receipt_mutations_fail_closed[effect-S02P01-RECEIPT-NO-EXTERNAL-EFFECT]" time="0.000" />
    <testcase classname="tests.S02.P01_test" name="test_existing_p01_receipt_mutations_fail_closed[signed_input-S02P01-RECEIPT-SIGNED-INPUTS-CURRENT]" time="0.000" />
    <testcase classname="tests.S02.P01_test" name="test_existing_p01_receipt_mutations_fail_closed[report-S02P01-RECEIPT-REPORT-HASHES-CURRENT]" time="0.000" />
    <testcase classname="tests.S02.P01_test" name="test_existing_p01_receipt_mutations_fail_closed[code-S02P01-RECEIPT-CODE-HASH-CURRENT]" time="0.000" />
    <testcase classname="tests.S02.P01_test" name="test_existing_p01_receipt_mutations_fail_closed[rollback_binding-S02P01-RECEIPT-ROLLBACK-HASH-BINDING]" time="0.000" />
    <testcase classname="tests.S02.P01_test" name="test_existing_p01_receipt_mutations_fail_closed[absolute_path-S02P01-RECEIPT-NO-ABSOLUTE-LOCAL-PATH]" time="0.000" />
    <testcase classname="tests.S02.P01_test" name="test_existing_p01_receipt_mutations_fail_closed[rollback_status-S02P01-RECEIPT-ROLLBACK-INTEGRITY]" time="0.000" />
    <testcase classname="tests.S02.P01_test" name="test_existing_p01_receipt_mutations_fail_closed[index-S02P01-RECEIPT-EVIDENCE-INDEX-BINDING]" time="0.000" />
    <testcase classname="tests.S02.P01_test" name="test_verified_s02_p01_successor_does_not_invalidate_historical_s01_oracles" time="0.000" />
    <testcase classname="tests.S02.P01_test" name="test_s02_p02_artifacts_cannot_start_inside_p01_run[research_evidence_matrix.json]" time="0.000" />
    <testcase classname="tests.S02.P01_test" name="test_s02_p02_artifacts_cannot_start_inside_p01_run[model_claims.json]" time="0.000" />
    <testcase classname="tests.S02.P01_test" name="test_s02_p02_artifacts_cannot_start_inside_p01_run[tests/S02/P02_test.py]" time="0.000" />
    <testcase classname="tests.S02.P01_test" name="test_s02_p02_artifacts_cannot_start_inside_p01_run[machine/tests/fixtures/S02_P02.json]" time="0.000" />
    <testcase classname="tests.S02.P01_test" name="test_s02_p02_artifacts_cannot_start_inside_p01_run[machine/evidence/EVD-S02-P02.json]" time="0.000" />
    <testcase classname="tests.S02.P01_test" name="test_s02_p02_artifacts_cannot_start_inside_p01_run[machine/evidence/EVD-S02-P02_rollback.json]" time="0.000" />
    <testcase classname="tests.S02.P01_test" name="test_s02_p02_index_cannot_advance_inside_p01_run" time="0.000" />
    <testcase classname="tests.S02.P01_test" name="test_duplicate_json_keys_fail_strict_parse[relative0]" time="0.000" />
    <testcase classname="tests.S02.P01_test" name="test_duplicate_json_keys_fail_strict_parse[relative1]" time="0.000" />
    <testcase classname="tests.S02.P01_test" name="test_duplicate_json_keys_fail_strict_parse[relative2]" time="0.000" />
    <testcase classname="tests.S02.P01_test" name="test_duplicate_json_keys_fail_strict_parse[relative3]" time="0.000" />
    <testcase classname="tests.S02.P01_test" name="test_rollback_drill_restores_all_signed_inputs_without_external_effect" time="0.000" />
    <testcase classname="tests.S02.P01_test" name="test_evidence_build_is_deterministic_and_contains_no_absolute_paths" time="0.000" />
    <testcase classname="tests.S02.P01_test" name="test_artifacts_make_no_account_deployment_legal_or_return_claim" time="0.000" />
    <testcase classname="tests.S02.P01_test" name="test_all_claims_resolve_to_official_source_metadata" time="0.000" />
    <testcase classname="tests.S02.P01_test" name="test_evidence_path_is_reserved_for_current_phase_only" time="0.000" />
  </testsuite>
</testsuites>
