<?xml version='1.0' encoding='utf-8'?>
<testsuites name="pytest tests">
  <testsuite name="pytest" errors="0" failures="0" skipped="0" tests="94" time="0.000" timestamp="2026-07-19T00:00:00+10:00">
    <testcase classname="tests.S04.stage_review_test" name="test_candidate_preflight_passes_without_phase_recursion" time="0.000" />
    <testcase classname="tests.S04.stage_review_test" name="test_whole_stage_review_passes_without_external_reports" time="0.000" />
    <testcase classname="tests.S04.stage_review_test" name="test_contract_identity_scope_and_terminal_state_are_exact" time="0.000" />
    <testcase classname="tests.S04.stage_review_test" name="test_review_artifact_hash_matches_pin[machine/evidence/S04/STAGE_REVIEW/findings.json]" time="0.000" />
    <testcase classname="tests.S04.stage_review_test" name="test_review_artifact_hash_matches_pin[machine/facts/stage4_review_contract.json]" time="0.000" />
    <testcase classname="tests.S04.stage_review_test" name="test_review_artifact_hash_matches_pin[machine/tests/fixtures/S04_STAGE_REVIEW.json]" time="0.000" />
    <testcase classname="tests.S04.stage_review_test" name="test_review_artifact_hash_matches_pin[tests/S04/stage_review_test.py]" time="0.000" />
    <testcase classname="tests.S04.stage_review_test" name="test_oracle_source_has_normalized_structural_integrity" time="0.000" />
    <testcase classname="tests.S04.stage_review_test" name="test_each_phase_record_binds_immutable_evidence_and_rollback[P01]" time="0.000" />
    <testcase classname="tests.S04.stage_review_test" name="test_each_phase_record_binds_immutable_evidence_and_rollback[P02]" time="0.000" />
    <testcase classname="tests.S04.stage_review_test" name="test_each_phase_record_binds_immutable_evidence_and_rollback[P03]" time="0.000" />
    <testcase classname="tests.S04.stage_review_test" name="test_each_phase_record_binds_immutable_evidence_and_rollback[P04]" time="0.000" />
    <testcase classname="tests.S04.stage_review_test" name="test_each_phase_signed_receipt_remains_verifiable[P01]" time="0.000" />
    <testcase classname="tests.S04.stage_review_test" name="test_each_phase_signed_receipt_remains_verifiable[P02]" time="0.000" />
    <testcase classname="tests.S04.stage_review_test" name="test_each_phase_signed_receipt_remains_verifiable[P03]" time="0.000" />
    <testcase classname="tests.S04.stage_review_test" name="test_each_phase_signed_receipt_remains_verifiable[P04]" time="0.000" />
    <testcase classname="tests.S04.stage_review_test" name="test_active_profile_is_single_writer_loopback_and_hard_bounded" time="0.000" />
    <testcase classname="tests.S04.stage_review_test" name="test_shadow_profile_is_one_instance_read_only_loopback_and_hard_bounded" time="0.000" />
    <testcase classname="tests.S04.stage_review_test" name="test_compose_release_and_capacity_resource_budgets_are_identical" time="0.000" />
    <testcase classname="tests.S04.stage_review_test" name="test_active_edge_and_release_origins_align_while_shadow_ports_are_distinct" time="0.000" />
    <testcase classname="tests.S04.stage_review_test" name="test_cloudflared_unit_is_outbound_nonroot_and_hardened" time="0.000" />
    <testcase classname="tests.S04.stage_review_test" name="test_compose_cross_phase_drift_fails_closed[path0-2.00-S04REVIEW-ACTIVE-RUNTIME-BINDING]" time="0.000" />
    <testcase classname="tests.S04.stage_review_test" name="test_compose_cross_phase_drift_fails_closed[path1-0.0.0.0-S04REVIEW-ACTIVE-RUNTIME-BINDING]" time="0.000" />
    <testcase classname="tests.S04.stage_review_test" name="test_compose_cross_phase_drift_fails_closed[path2-1.50-S04REVIEW-SHADOW-RUNTIME-BINDING]" time="0.000" />
    <testcase classname="tests.S04.stage_review_test" name="test_compose_cross_phase_drift_fails_closed[path3-False-S04REVIEW-SHADOW-RUNTIME-BINDING]" time="0.000" />
    <testcase classname="tests.S04.stage_review_test" name="test_compose_cross_phase_drift_fails_closed[path4-true-S04REVIEW-SHADOW-RUNTIME-BINDING]" time="0.000" />
    <testcase classname="tests.S04.stage_review_test" name="test_release_profile_drift_fails_closed[path0-8081]" time="0.000" />
    <testcase classname="tests.S04.stage_review_test" name="test_release_profile_drift_fails_closed[path1-READ_ONLY]" time="0.000" />
    <testcase classname="tests.S04.stage_review_test" name="test_release_profile_drift_fails_closed[path2-value2]" time="0.000" />
    <testcase classname="tests.S04.stage_review_test" name="test_release_profile_drift_fails_closed[path3-2560]" time="0.000" />
    <testcase classname="tests.S04.stage_review_test" name="test_release_profile_drift_fails_closed[path4-2]" time="0.000" />
    <testcase classname="tests.S04.stage_review_test" name="test_cloudflared_lifecycle_mutation_fails_closed" time="0.000" />
    <testcase classname="tests.S04.stage_review_test" name="test_claim_boundary_mutation_fails_closed" time="0.000" />
    <testcase classname="tests.S04.stage_review_test" name="test_open_finding_fails_closed" time="0.000" />
    <testcase classname="tests.S04.stage_review_test" name="test_duplicate_json_key_is_rejected" time="0.000" />
    <testcase classname="tests.S04.stage_review_test" name="test_every_finding_is_resolved_and_has_a_unique_verification_gate" time="0.000" />
    <testcase classname="tests.S04.stage_review_test" name="test_every_runtime_claim_boundary_remains_false[china_mainland_reachability_or_acceleration_guaranteed]" time="0.000" />
    <testcase classname="tests.S04.stage_review_test" name="test_every_runtime_claim_boundary_remains_false[cloudflare_tunnel_or_access_applied]" time="0.000" />
    <testcase classname="tests.S04.stage_review_test" name="test_every_runtime_claim_boundary_remains_false[financial_target_verified_or_guaranteed]" time="0.000" />
    <testcase classname="tests.S04.stage_review_test" name="test_every_runtime_claim_boundary_remains_false[global_chinese_access_verified]" time="0.000" />
    <testcase classname="tests.S04.stage_review_test" name="test_every_runtime_claim_boundary_remains_false[ovh_7x24_runtime_verified]" time="0.000" />
    <testcase classname="tests.S04.stage_review_test" name="test_every_runtime_claim_boundary_remains_false[production_10x_throughput_verified]" time="0.000" />
    <testcase classname="tests.S04.stage_review_test" name="test_every_runtime_claim_boundary_remains_false[production_capacity_or_disk_verified]" time="0.000" />
    <testcase classname="tests.S04.stage_review_test" name="test_every_runtime_claim_boundary_remains_false[production_rto_rpo_verified]" time="0.000" />
    <testcase classname="tests.S04.stage_review_test" name="test_every_runtime_claim_boundary_remains_false[static_degraded_page_automatically_wired]" time="0.000" />
    <testcase classname="tests.S04.stage_review_test" name="test_every_external_effect_boundary_is_false_or_exact_zero[cloudflare_account_or_api_accessed-False]" time="0.000" />
    <testcase classname="tests.S04.stage_review_test" name="test_every_external_effect_boundary_is_false_or_exact_zero[docker_or_systemd_invoked-False]" time="0.000" />
    <testcase classname="tests.S04.stage_review_test" name="test_every_external_effect_boundary_is_false_or_exact_zero[evidence_numeric_risk_safety_or_source_gate_relaxed-False]" time="0.000" />
    <testcase classname="tests.S04.stage_review_test" name="test_every_external_effect_boundary_is_false_or_exact_zero[external_network_accessed_for_product_runtime-False]" time="0.000" />
    <testcase classname="tests.S04.stage_review_test" name="test_every_external_effect_boundary_is_false_or_exact_zero[github_upload_performed_by_local_review-False]" time="0.000" />
    <testcase classname="tests.S04.stage_review_test" name="test_every_external_effect_boundary_is_false_or_exact_zero[gmail_account_or_api_accessed-False]" time="0.000" />
    <testcase classname="tests.S04.stage_review_test" name="test_every_external_effect_boundary_is_false_or_exact_zero[incremental_cash_spent_aud-0.00]" time="0.000" />
    <testcase classname="tests.S04.stage_review_test" name="test_every_external_effect_boundary_is_false_or_exact_zero[model_or_strategy_executed-False]" time="0.000" />
    <testcase classname="tests.S04.stage_review_test" name="test_every_external_effect_boundary_is_false_or_exact_zero[order_submitted_or_retried-False]" time="0.000" />
    <testcase classname="tests.S04.stage_review_test" name="test_every_external_effect_boundary_is_false_or_exact_zero[ovh_account_or_host_accessed-False]" time="0.000" />
    <testcase classname="tests.S04.stage_review_test" name="test_every_external_effect_boundary_is_false_or_exact_zero[owner_final_order_only-True]" time="0.000" />
    <testcase classname="tests.S04.stage_review_test" name="test_every_external_effect_boundary_is_false_or_exact_zero[production_deployed_or_activated-False]" time="0.000" />
    <testcase classname="tests.S04.stage_review_test" name="test_every_external_effect_boundary_is_false_or_exact_zero[real_traffic_or_load_generated-False]" time="0.000" />
    <testcase classname="tests.S04.stage_review_test" name="test_every_external_effect_boundary_is_false_or_exact_zero[remote_ci_result_claimed_by_local_review-False]" time="0.000" />
    <testcase classname="tests.S04.stage_review_test" name="test_every_external_effect_boundary_is_false_or_exact_zero[secret_provisioned_or_read-False]" time="0.000" />
    <testcase classname="tests.S04.stage_review_test" name="test_every_rollback_artifact_is_regular_and_present[infra/compose.yml]" time="0.000" />
    <testcase classname="tests.S04.stage_review_test" name="test_every_rollback_artifact_is_regular_and_present[infra/systemd/abd.service]" time="0.000" />
    <testcase classname="tests.S04.stage_review_test" name="test_every_rollback_artifact_is_regular_and_present[infra/config.schema.json]" time="0.000" />
    <testcase classname="tests.S04.stage_review_test" name="test_every_rollback_artifact_is_regular_and_present[infra/rebuild.sh]" time="0.000" />
    <testcase classname="tests.S04.stage_review_test" name="test_every_rollback_artifact_is_regular_and_present[infra/cloudflared.yml]" time="0.000" />
    <testcase classname="tests.S04.stage_review_test" name="test_every_rollback_artifact_is_regular_and_present[access_policy.md]" time="0.000" />
    <testcase classname="tests.S04.stage_review_test" name="test_every_rollback_artifact_is_regular_and_present[degraded_page.html]" time="0.000" />
    <testcase classname="tests.S04.stage_review_test" name="test_every_rollback_artifact_is_regular_and_present[infra/systemd/abd-cloudflared.service]" time="0.000" />
    <testcase classname="tests.S04.stage_review_test" name="test_every_rollback_artifact_is_regular_and_present[release_slots.json]" time="0.000" />
    <testcase classname="tests.S04.stage_review_test" name="test_every_rollback_artifact_is_regular_and_present[feature_flags.json]" time="0.000" />
    <testcase classname="tests.S04.stage_review_test" name="test_every_rollback_artifact_is_regular_and_present[rollback.sh]" time="0.000" />
    <testcase classname="tests.S04.stage_review_test" name="test_every_rollback_artifact_is_regular_and_present[capacity_budget.json]" time="0.000" />
    <testcase classname="tests.S04.stage_review_test" name="test_every_rollback_artifact_is_regular_and_present[resource_shedding.json]" time="0.000" />
    <testcase classname="tests.S04.stage_review_test" name="test_every_rollback_artifact_is_regular_and_present[load_baseline.json]" time="0.000" />
    <testcase classname="tests.S04.stage_review_test" name="test_every_rollback_artifact_is_regular_and_present[machine/facts/stage4_review_contract.json]" time="0.000" />
    <testcase classname="tests.S04.stage_review_test" name="test_every_rollback_artifact_is_regular_and_present[machine/evidence/S04/STAGE_REVIEW/findings.json]" time="0.000" />
    <testcase classname="tests.S04.stage_review_test" name="test_every_rollback_artifact_is_regular_and_present[machine/tests/fixtures/S04_STAGE_REVIEW.json]" time="0.000" />
    <testcase classname="tests.S04.stage_review_test" name="test_every_rollback_artifact_is_regular_and_present[tests/S04/stage_review_test.py]" time="0.000" />
    <testcase classname="tests.S04.stage_review_test" name="test_rollback_drill_restores_every_signed_stage_artifact" time="0.000" />
    <testcase classname="tests.S04.stage_review_test" name="test_rollback_drill_is_deterministic" time="0.000" />
    <testcase classname="tests.S04.stage_review_test" name="test_evidence_build_is_deterministic_without_external_reports" time="0.000" />
    <testcase classname="tests.S04.stage_review_test" name="test_signed_receipt_is_fail_closed_when_absent_or_verifiable" time="0.000" />
    <testcase classname="tests.S04.stage_review_test" name="test_external_report_mode_fails_closed_when_reports_are_absent" time="0.000" />
    <testcase classname="tests.S04.stage_review_test" name="test_write_evidence_rejects_path_outside_project" time="0.000" />
    <testcase classname="tests.S04.stage_review_test" name="test_oracle_cli_is_wired_to_exact_contract" time="0.000" />
    <testcase classname="tests.S04.stage_review_test" name="test_taskpack_reports_and_source_receipts_are_exact" time="0.000" />
    <testcase classname="tests.S04.stage_review_test" name="test_canonical_financial_order_and_no_guarantee_boundaries_are_unchanged" time="0.000" />
    <testcase classname="tests.S04.stage_review_test" name="test_stage5_remains_planned_and_not_started" time="0.000" />
    <testcase classname="tests.S04.stage_review_test" name="test_review_artifacts_contain_no_secret_or_machine_specific_path" time="0.000" />
    <testcase classname="tests.S04.stage_review_test" name="test_numeric_stability_boundary_remains_exact[-0.0001]" time="0.000" />
    <testcase classname="tests.S04.stage_review_test" name="test_numeric_stability_boundary_remains_exact[0]" time="0.000" />
    <testcase classname="tests.S04.stage_review_test" name="test_numeric_stability_boundary_remains_exact[0.0001]" time="0.000" />
    <testcase classname="tests.S04.stage_review_test" name="test_degraded_page_is_static_and_not_claimed_as_automatic_fallback" time="0.000" />
    <testcase classname="tests.S04.stage_review_test" name="test_readme_and_cli_wiring_reference_stage_review_contract" time="0.000" />
  </testsuite>
</testsuites>
