<?xml version='1.0' encoding='utf-8'?>
<testsuites name="pytest tests">
  <testsuite name="pytest" errors="0" failures="0" skipped="0" tests="132" time="0.000" timestamp="2026-07-19T00:00:00+10:00">
    <testcase classname="tests.S01.P03_test" name="test_baseline_requirements_scope_contract_passes_without_runtime_reports" time="0.000" />
    <testcase classname="tests.S01.P03_test" name="test_p02_immutable_receipt_and_git_ancestry_are_verified" time="0.000" />
    <testcase classname="tests.S01.P03_test" name="test_each_requirement_has_exact_unique_route[ABD-PRD-REQ-001]" time="0.000" />
    <testcase classname="tests.S01.P03_test" name="test_each_requirement_has_exact_unique_route[ABD-PRD-REQ-002]" time="0.000" />
    <testcase classname="tests.S01.P03_test" name="test_each_requirement_has_exact_unique_route[ABD-PRD-REQ-003]" time="0.000" />
    <testcase classname="tests.S01.P03_test" name="test_each_requirement_has_exact_unique_route[ABD-PRD-REQ-004]" time="0.000" />
    <testcase classname="tests.S01.P03_test" name="test_each_requirement_has_exact_unique_route[ABD-PRD-REQ-005]" time="0.000" />
    <testcase classname="tests.S01.P03_test" name="test_each_requirement_has_exact_unique_route[ABD-PRD-REQ-006]" time="0.000" />
    <testcase classname="tests.S01.P03_test" name="test_each_requirement_has_exact_unique_route[ABD-PRD-REQ-007]" time="0.000" />
    <testcase classname="tests.S01.P03_test" name="test_each_requirement_has_exact_unique_route[ABD-PRD-REQ-008]" time="0.000" />
    <testcase classname="tests.S01.P03_test" name="test_each_requirement_has_exact_unique_route[ABD-PRD-REQ-009]" time="0.000" />
    <testcase classname="tests.S01.P03_test" name="test_each_requirement_has_exact_unique_route[ABD-PRD-REQ-010]" time="0.000" />
    <testcase classname="tests.S01.P03_test" name="test_each_requirement_has_exact_unique_route[ABD-PRD-REQ-011]" time="0.000" />
    <testcase classname="tests.S01.P03_test" name="test_each_requirement_has_exact_unique_route[ABD-PRD-REQ-012]" time="0.000" />
    <testcase classname="tests.S01.P03_test" name="test_each_requirement_has_exact_unique_route[ABD-PRD-REQ-013]" time="0.000" />
    <testcase classname="tests.S01.P03_test" name="test_each_requirement_has_exact_unique_route[ABD-PRD-REQ-014]" time="0.000" />
    <testcase classname="tests.S01.P03_test" name="test_each_requirement_has_exact_unique_route[ABD-PRD-REQ-015]" time="0.000" />
    <testcase classname="tests.S01.P03_test" name="test_each_requirement_has_exact_unique_route[ABD-PRD-REQ-016]" time="0.000" />
    <testcase classname="tests.S01.P03_test" name="test_each_requirement_has_exact_unique_route[ABD-PRD-REQ-017]" time="0.000" />
    <testcase classname="tests.S01.P03_test" name="test_each_requirement_has_exact_unique_route[ABD-PRD-REQ-018]" time="0.000" />
    <testcase classname="tests.S01.P03_test" name="test_each_requirement_has_exact_unique_route[ABD-PRD-REQ-019]" time="0.000" />
    <testcase classname="tests.S01.P03_test" name="test_each_requirement_has_exact_unique_route[ABD-PRD-REQ-020]" time="0.000" />
    <testcase classname="tests.S01.P03_test" name="test_each_requirement_has_exact_unique_route[ABD-PRD-REQ-021]" time="0.000" />
    <testcase classname="tests.S01.P03_test" name="test_trace_gate_truth_table_fails_closed[values0]" time="0.000" />
    <testcase classname="tests.S01.P03_test" name="test_trace_gate_truth_table_fails_closed[values1]" time="0.000" />
    <testcase classname="tests.S01.P03_test" name="test_trace_gate_truth_table_fails_closed[values2]" time="0.000" />
    <testcase classname="tests.S01.P03_test" name="test_trace_gate_truth_table_fails_closed[values3]" time="0.000" />
    <testcase classname="tests.S01.P03_test" name="test_trace_gate_truth_table_fails_closed[values4]" time="0.000" />
    <testcase classname="tests.S01.P03_test" name="test_trace_gate_truth_table_fails_closed[values5]" time="0.000" />
    <testcase classname="tests.S01.P03_test" name="test_trace_gate_truth_table_fails_closed[values6]" time="0.000" />
    <testcase classname="tests.S01.P03_test" name="test_trace_gate_truth_table_fails_closed[values7]" time="0.000" />
    <testcase classname="tests.S01.P03_test" name="test_trace_gate_truth_table_fails_closed[values8]" time="0.000" />
    <testcase classname="tests.S01.P03_test" name="test_trace_gate_truth_table_fails_closed[values9]" time="0.000" />
    <testcase classname="tests.S01.P03_test" name="test_trace_gate_truth_table_fails_closed[values10]" time="0.000" />
    <testcase classname="tests.S01.P03_test" name="test_trace_gate_truth_table_fails_closed[values11]" time="0.000" />
    <testcase classname="tests.S01.P03_test" name="test_trace_gate_truth_table_fails_closed[values12]" time="0.000" />
    <testcase classname="tests.S01.P03_test" name="test_trace_gate_truth_table_fails_closed[values13]" time="0.000" />
    <testcase classname="tests.S01.P03_test" name="test_trace_gate_truth_table_fails_closed[values14]" time="0.000" />
    <testcase classname="tests.S01.P03_test" name="test_trace_gate_truth_table_fails_closed[values15]" time="0.000" />
    <testcase classname="tests.S01.P03_test" name="test_trace_gate_truth_table_fails_closed[values16]" time="0.000" />
    <testcase classname="tests.S01.P03_test" name="test_trace_gate_truth_table_fails_closed[values17]" time="0.000" />
    <testcase classname="tests.S01.P03_test" name="test_trace_gate_truth_table_fails_closed[values18]" time="0.000" />
    <testcase classname="tests.S01.P03_test" name="test_trace_gate_truth_table_fails_closed[values19]" time="0.000" />
    <testcase classname="tests.S01.P03_test" name="test_trace_gate_truth_table_fails_closed[values20]" time="0.000" />
    <testcase classname="tests.S01.P03_test" name="test_trace_gate_truth_table_fails_closed[values21]" time="0.000" />
    <testcase classname="tests.S01.P03_test" name="test_trace_gate_truth_table_fails_closed[values22]" time="0.000" />
    <testcase classname="tests.S01.P03_test" name="test_trace_gate_truth_table_fails_closed[values23]" time="0.000" />
    <testcase classname="tests.S01.P03_test" name="test_trace_gate_truth_table_fails_closed[values24]" time="0.000" />
    <testcase classname="tests.S01.P03_test" name="test_trace_gate_truth_table_fails_closed[values25]" time="0.000" />
    <testcase classname="tests.S01.P03_test" name="test_trace_gate_truth_table_fails_closed[values26]" time="0.000" />
    <testcase classname="tests.S01.P03_test" name="test_trace_gate_truth_table_fails_closed[values27]" time="0.000" />
    <testcase classname="tests.S01.P03_test" name="test_trace_gate_truth_table_fails_closed[values28]" time="0.000" />
    <testcase classname="tests.S01.P03_test" name="test_trace_gate_truth_table_fails_closed[values29]" time="0.000" />
    <testcase classname="tests.S01.P03_test" name="test_trace_gate_truth_table_fails_closed[values30]" time="0.000" />
    <testcase classname="tests.S01.P03_test" name="test_trace_gate_truth_table_fails_closed[values31]" time="0.000" />
    <testcase classname="tests.S01.P03_test" name="test_malformed_trace_gate_sets_block[gates0]" time="0.000" />
    <testcase classname="tests.S01.P03_test" name="test_malformed_trace_gate_sets_block[gates1]" time="0.000" />
    <testcase classname="tests.S01.P03_test" name="test_malformed_trace_gate_sets_block[gates2]" time="0.000" />
    <testcase classname="tests.S01.P03_test" name="test_malformed_trace_gate_sets_block[gates3]" time="0.000" />
    <testcase classname="tests.S01.P03_test" name="test_malformed_trace_gate_sets_block[gates4]" time="0.000" />
    <testcase classname="tests.S01.P03_test" name="test_stability_vectors_fail_closed[STABLE_RECOMMENDATION]" time="0.000" />
    <testcase classname="tests.S01.P03_test" name="test_stability_vectors_fail_closed[STABLE_NO_RECOMMENDATION]" time="0.000" />
    <testcase classname="tests.S01.P03_test" name="test_stability_vectors_fail_closed[NO_RECOMMENDATION_UNSTABLE]" time="0.000" />
    <testcase classname="tests.S01.P03_test" name="test_stability_vectors_fail_closed[NO_RECOMMENDATION_MALFORMED_STABILITY_VECTOR0]" time="0.000" />
    <testcase classname="tests.S01.P03_test" name="test_stability_vectors_fail_closed[NO_RECOMMENDATION_MALFORMED_STABILITY_VECTOR1]" time="0.000" />
    <testcase classname="tests.S01.P03_test" name="test_malformed_stability_sequence_fails_closed[RECOMMENDATION]" time="0.000" />
    <testcase classname="tests.S01.P03_test" name="test_malformed_stability_sequence_fails_closed[NO_RECOMMENDATION]" time="0.000" />
    <testcase classname="tests.S01.P03_test" name="test_malformed_stability_sequence_fails_closed[malformed2]" time="0.000" />
    <testcase classname="tests.S01.P03_test" name="test_malformed_stability_sequence_fails_closed[malformed3]" time="0.000" />
    <testcase classname="tests.S01.P03_test" name="test_taskpack_contract_semantics_cannot_drift[roadmap-S01P03-ROADMAP-EXACT]" time="0.000" />
    <testcase classname="tests.S01.P03_test" name="test_taskpack_contract_semantics_cannot_drift[requirement-S01P03-REQUIREMENT-EXACT]" time="0.000" />
    <testcase classname="tests.S01.P03_test" name="test_taskpack_contract_semantics_cannot_drift[acceptance-S01P03-ACCEPTANCE-CONTRACT-EXACT]" time="0.000" />
    <testcase classname="tests.S01.P03_test" name="test_taskpack_contract_semantics_cannot_drift[task_dependency-S01P03-TASK-CHAIN-EXACT]" time="0.000" />
    <testcase classname="tests.S01.P03_test" name="test_taskpack_contract_semantics_cannot_drift[task_output-S01P03-TASK-CHAIN-EXACT]" time="0.000" />
    <testcase classname="tests.S01.P03_test" name="test_taskpack_contract_semantics_cannot_drift[task_owner-S01P03-TASK-CHAIN-EXACT]" time="0.000" />
    <testcase classname="tests.S01.P03_test" name="test_taskpack_contract_semantics_cannot_drift[traceability-S01P03-TRACEABILITY-EXACT]" time="0.000" />
    <testcase classname="tests.S01.P03_test" name="test_requirement_mutations_fail_traceability_oracle[duplicate_id-S01P03-REQUIREMENT-IDS-UNIQUE-EXACT]" time="0.000" />
    <testcase classname="tests.S01.P03_test" name="test_requirement_mutations_fail_traceability_oracle[route-S01P03-REQUIREMENT-ROUTES-UNIQUE-EXACT]" time="0.000" />
    <testcase classname="tests.S01.P03_test" name="test_requirement_mutations_fail_traceability_oracle[duplicate_primary-S01P03-REQUIREMENT-ROUTES-UNIQUE-EXACT]" time="0.000" />
    <testcase classname="tests.S01.P03_test" name="test_requirement_mutations_fail_traceability_oracle[missing_title-S01P03-REQUIREMENT-ROWS-COMPLETE]" time="0.000" />
    <testcase classname="tests.S01.P03_test" name="test_requirement_mutations_fail_traceability_oracle[unknown_acceptance-S01P03-ACCEPTANCE-ROUTES-VALID-UNIQUE]" time="0.000" />
    <testcase classname="tests.S01.P03_test" name="test_requirement_mutations_fail_traceability_oracle[bogus_pointer-S01P03-SOURCE-POINTERS-RESOLVE]" time="0.000" />
    <testcase classname="tests.S01.P03_test" name="test_requirement_mutations_fail_traceability_oracle[unknown_source-S01P03-SOURCE-POINTERS-RESOLVE]" time="0.000" />
    <testcase classname="tests.S01.P03_test" name="test_requirement_mutations_fail_traceability_oracle[non_goals-S01P03-REQUIREMENTS-TOP-LEVEL]" time="0.000" />
    <testcase classname="tests.S01.P03_test" name="test_requirement_mutations_fail_traceability_oracle[claim-S01P03-REQUIREMENTS-NO-FALSE-CURRENT-CLAIMS]" time="0.000" />
    <testcase classname="tests.S01.P03_test" name="test_requirement_mutations_fail_traceability_oracle[semantic-S01P03-REQUIRED-SEMANTICS-PRESENT]" time="0.000" />
    <testcase classname="tests.S01.P03_test" name="test_requirement_mutations_fail_traceability_oracle[source_binding-S01P03-REQUIREMENTS-SOURCE-BINDINGS]" time="0.000" />
    <testcase classname="tests.S01.P03_test" name="test_requirement_mutations_fail_traceability_oracle[status-S01P03-REQUIREMENTS-TOP-LEVEL]" time="0.000" />
    <testcase classname="tests.S01.P03_test" name="test_scope_boundary_mutations_fail_closed[duplicate_line-S01P03-BUSINESS-LINES-MODULES-EXACT]" time="0.000" />
    <testcase classname="tests.S01.P03_test" name="test_scope_boundary_mutations_fail_closed[missing_module-S01P03-BUSINESS-LINES-MODULES-EXACT]" time="0.000" />
    <testcase classname="tests.S01.P03_test" name="test_scope_boundary_mutations_fail_closed[duplicate_assignment-S01P03-EACH-REQUIREMENT-EXACTLY-ONE-MODULE]" time="0.000" />
    <testcase classname="tests.S01.P03_test" name="test_scope_boundary_mutations_fail_closed[module_line-S01P03-BUSINESS-LINE-MODULE-HIERARCHY]" time="0.000" />
    <testcase classname="tests.S01.P03_test" name="test_scope_boundary_mutations_fail_closed[invariant_ref-S01P03-INVARIANTS-OUTSCOPE-CONDITIONAL-EXACT]" time="0.000" />
    <testcase classname="tests.S01.P03_test" name="test_scope_boundary_mutations_fail_closed[out_count-S01P03-INVARIANTS-OUTSCOPE-CONDITIONAL-EXACT]" time="0.000" />
    <testcase classname="tests.S01.P03_test" name="test_scope_boundary_mutations_fail_closed[prohibited-S01P03-EXPLICIT-NON-GOALS-FAIL-CLOSED]" time="0.000" />
    <testcase classname="tests.S01.P03_test" name="test_scope_boundary_mutations_fail_closed[conditional_count-S01P03-INVARIANTS-OUTSCOPE-CONDITIONAL-EXACT]" time="0.000" />
    <testcase classname="tests.S01.P03_test" name="test_scope_boundary_mutations_fail_closed[external-S01P03-SCOPE-NO-EXTERNAL-EFFECTS]" time="0.000" />
    <testcase classname="tests.S01.P03_test" name="test_scope_boundary_mutations_fail_closed[p04-S01P03-SCOPE-NO-EXTERNAL-EFFECTS]" time="0.000" />
    <testcase classname="tests.S01.P03_test" name="test_business_flow_mutations_fail_closed[duplicate_flow-S01P03-FLOW-ERROR-IDS-UNIQUE-EXACT]" time="0.000" />
    <testcase classname="tests.S01.P03_test" name="test_business_flow_mutations_fail_closed[duplicate_step-S01P03-FLOW-STEPS-TRACE-ALL-REQUIREMENTS]" time="0.000" />
    <testcase classname="tests.S01.P03_test" name="test_business_flow_mutations_fail_closed[unknown_requirement-S01P03-FLOW-STEPS-TRACE-ALL-REQUIREMENTS]" time="0.000" />
    <testcase classname="tests.S01.P03_test" name="test_business_flow_mutations_fail_closed[orphan_requirement-S01P03-FLOW-STEPS-TRACE-ALL-REQUIREMENTS]" time="0.000" />
    <testcase classname="tests.S01.P03_test" name="test_business_flow_mutations_fail_closed[terminal-S01P03-FLOW-STEPS-TRACE-ALL-REQUIREMENTS]" time="0.000" />
    <testcase classname="tests.S01.P03_test" name="test_business_flow_mutations_fail_closed[external-S01P03-FLOW-STEPS-TRACE-ALL-REQUIREMENTS]" time="0.000" />
    <testcase classname="tests.S01.P03_test" name="test_business_flow_mutations_fail_closed[missing_error-S01P03-FLOW-ERROR-IDS-UNIQUE-EXACT]" time="0.000" />
    <testcase classname="tests.S01.P03_test" name="test_business_flow_mutations_fail_closed[unknown_flow-S01P03-EVERY-FLOW-HAS-SAFE-ERROR-PATH]" time="0.000" />
    <testcase classname="tests.S01.P03_test" name="test_business_flow_mutations_fail_closed[unsafe_equals_forbidden-S01P03-EVERY-FLOW-HAS-SAFE-ERROR-PATH]" time="0.000" />
    <testcase classname="tests.S01.P03_test" name="test_business_flow_mutations_fail_closed[summary-S01P03-FLOW-TRACEABILITY-SUMMARY-EXACT]" time="0.000" />
    <testcase classname="tests.S01.P03_test" name="test_business_flow_mutations_fail_closed[boundary-S01P03-FLOWS-NO-RUNTIME-OR-EXTERNAL-EFFECT]" time="0.000" />
    <testcase classname="tests.S01.P03_test" name="test_business_flow_mutations_fail_closed[status-S01P03-FLOWS-TOP-LEVEL]" time="0.000" />
    <testcase classname="tests.S01.P03_test" name="test_p02_prerequisite_mutations_block_p03[evidence_status-S01P03-P02-IMMUTABLE-RECEIPT]" time="0.000" />
    <testcase classname="tests.S01.P03_test" name="test_p02_prerequisite_mutations_block_p03[decision_hash-S01P03-P02-IMMUTABLE-RECEIPT]" time="0.000" />
    <testcase classname="tests.S01.P03_test" name="test_p02_prerequisite_mutations_block_p03[external_effect-S01P03-P02-IMMUTABLE-RECEIPT]" time="0.000" />
    <testcase classname="tests.S01.P03_test" name="test_p02_prerequisite_mutations_block_p03[rollback_status-S01P03-P02-IMMUTABLE-RECEIPT]" time="0.000" />
    <testcase classname="tests.S01.P03_test" name="test_p02_prerequisite_mutations_block_p03[p02_artifact-S01P03-P02-SIGNED-ARTIFACTS]" time="0.000" />
    <testcase classname="tests.S01.P03_test" name="test_p02_prerequisite_mutations_block_p03[index_status-S01P03-P02-EVIDENCE-INDEX]" time="0.000" />
    <testcase classname="tests.S01.P03_test" name="test_p02_prerequisite_mutations_block_p03[stage0_receipt-S01P03-STAGE0-DELIVERY-CHAIN]" time="0.000" />
    <testcase classname="tests.S01.P03_test" name="test_p04_cannot_start_in_p03_run[p04_evidence]" time="0.000" />
    <testcase classname="tests.S01.P03_test" name="test_p04_cannot_start_in_p03_run[p04_output]" time="0.000" />
    <testcase classname="tests.S01.P03_test" name="test_p04_cannot_start_in_p03_run[p04_index]" time="0.000" />
    <testcase classname="tests.S01.P03_test" name="test_continuous_workflow_mutations_fail_closed[floating_action]" time="0.000" />
    <testcase classname="tests.S01.P03_test" name="test_continuous_workflow_mutations_fail_closed[missing_regression]" time="0.000" />
    <testcase classname="tests.S01.P03_test" name="test_continuous_workflow_mutations_fail_closed[secret_reference]" time="0.000" />
    <testcase classname="tests.S01.P03_test" name="test_duplicate_json_keys_fail_closed[requirements-S01P03-PRODUCT-REQUIREMENTS-STRICT-JSON]" time="0.000" />
    <testcase classname="tests.S01.P03_test" name="test_duplicate_json_keys_fail_closed[scope-S01P03-SCOPE-STRICT-JSON]" time="0.000" />
    <testcase classname="tests.S01.P03_test" name="test_duplicate_json_keys_fail_closed[flows-S01P03-FLOWS-STRICT-JSON]" time="0.000" />
    <testcase classname="tests.S01.P03_test" name="test_duplicate_json_keys_fail_closed[fixture-S01P03-FIXTURE-STRICT-JSON]" time="0.000" />
    <testcase classname="tests.S01.P03_test" name="test_duplicate_json_keys_fail_closed[p02_evidence-S01P03-SOURCE-EVD-S01-P02-STRICT-JSON]" time="0.000" />
    <testcase classname="tests.S01.P03_test" name="test_evidence_is_deterministic_without_runtime_reports" time="0.000" />
    <testcase classname="tests.S01.P03_test" name="test_rollback_drill_restores_all_signed_phase_inputs" time="0.000" />
    <testcase classname="tests.S01.P03_test" name="test_evaluation_does_not_mutate_inputs" time="0.000" />
    <testcase classname="tests.S01.P03_test" name="test_external_reports_are_required_for_final_phase_evidence" time="0.000" />
  </testsuite>
</testsuites>
