<?xml version='1.0' encoding='utf-8'?>
<testsuites name="pytest tests">
  <testsuite name="pytest" errors="0" failures="0" skipped="0" tests="164" time="0.000" timestamp="2026-07-19T00:00:00+10:00">
    <testcase classname="tests.S03.P01_test" name="test_baseline_terminology_contract_passes_without_runtime_reports" time="0.000" />
    <testcase classname="tests.S03.P01_test" name="test_stage2_github_delivery_is_exact_start_prerequisite" time="0.000" />
    <testcase classname="tests.S03.P01_test" name="test_frozen_phase_artifact_hashes_match_oracle_pins[relative0]" time="0.000" />
    <testcase classname="tests.S03.P01_test" name="test_frozen_phase_artifact_hashes_match_oracle_pins[relative1]" time="0.000" />
    <testcase classname="tests.S03.P01_test" name="test_frozen_phase_artifact_hashes_match_oracle_pins[relative2]" time="0.000" />
    <testcase classname="tests.S03.P01_test" name="test_frozen_phase_artifact_hashes_match_oracle_pins[relative3]" time="0.000" />
    <testcase classname="tests.S03.P01_test" name="test_frozen_baseline_and_delivery_hashes_match_oracle_pins[abd_acceptance/stage2_delivery.py]" time="0.000" />
    <testcase classname="tests.S03.P01_test" name="test_frozen_baseline_and_delivery_hashes_match_oracle_pins[machine/evidence/EVD-S02-STAGE-REVIEW.json]" time="0.000" />
    <testcase classname="tests.S03.P01_test" name="test_frozen_baseline_and_delivery_hashes_match_oracle_pins[machine/evidence/EVD-S02-STAGE-REVIEW_rollback.json]" time="0.000" />
    <testcase classname="tests.S03.P01_test" name="test_frozen_baseline_and_delivery_hashes_match_oracle_pins[machine/evidence/S02/STAGE_REVIEW/github_delivery_receipt.json]" time="0.000" />
    <testcase classname="tests.S03.P01_test" name="test_frozen_baseline_and_delivery_hashes_match_oracle_pins[machine/facts/acceptance_contracts.json]" time="0.000" />
    <testcase classname="tests.S03.P01_test" name="test_frozen_baseline_and_delivery_hashes_match_oracle_pins[machine/facts/canonical_facts.json]" time="0.000" />
    <testcase classname="tests.S03.P01_test" name="test_frozen_baseline_and_delivery_hashes_match_oracle_pins[machine/facts/costs.json]" time="0.000" />
    <testcase classname="tests.S03.P01_test" name="test_frozen_baseline_and_delivery_hashes_match_oracle_pins[machine/facts/glossary_zh.json]" time="0.000" />
    <testcase classname="tests.S03.P01_test" name="test_frozen_baseline_and_delivery_hashes_match_oracle_pins[machine/facts/model_system_card.json]" time="0.000" />
    <testcase classname="tests.S03.P01_test" name="test_frozen_baseline_and_delivery_hashes_match_oracle_pins[machine/facts/parameters.json]" time="0.000" />
    <testcase classname="tests.S03.P01_test" name="test_frozen_baseline_and_delivery_hashes_match_oracle_pins[machine/facts/requirements.json]" time="0.000" />
    <testcase classname="tests.S03.P01_test" name="test_frozen_baseline_and_delivery_hashes_match_oracle_pins[machine/facts/roadmap.json]" time="0.000" />
    <testcase classname="tests.S03.P01_test" name="test_frozen_baseline_and_delivery_hashes_match_oracle_pins[machine/facts/task_graph.json]" time="0.000" />
    <testcase classname="tests.S03.P01_test" name="test_frozen_baseline_and_delivery_hashes_match_oracle_pins[machine/facts/traceability_matrix.json]" time="0.000" />
    <testcase classname="tests.S03.P01_test" name="test_every_necessary_term_has_chinese_definition_and_machine_mapping[TERM-ABD]" time="0.000" />
    <testcase classname="tests.S03.P01_test" name="test_every_necessary_term_has_chinese_definition_and_machine_mapping[TERM-TTL]" time="0.000" />
    <testcase classname="tests.S03.P01_test" name="test_every_necessary_term_has_chinese_definition_and_machine_mapping[TERM-EV]" time="0.000" />
    <testcase classname="tests.S03.P01_test" name="test_every_necessary_term_has_chinese_definition_and_machine_mapping[TERM-CLV]" time="0.000" />
    <testcase classname="tests.S03.P01_test" name="test_every_necessary_term_has_chinese_definition_and_machine_mapping[TERM-ECE]" time="0.000" />
    <testcase classname="tests.S03.P01_test" name="test_every_necessary_term_has_chinese_definition_and_machine_mapping[TERM-LCB]" time="0.000" />
    <testcase classname="tests.S03.P01_test" name="test_every_necessary_term_has_chinese_definition_and_machine_mapping[TERM-FEATURE-FLAG]" time="0.000" />
    <testcase classname="tests.S03.P01_test" name="test_every_necessary_term_has_chinese_definition_and_machine_mapping[TERM-CANARY]" time="0.000" />
    <testcase classname="tests.S03.P01_test" name="test_every_necessary_term_has_chinese_definition_and_machine_mapping[TERM-BLUE-GREEN]" time="0.000" />
    <testcase classname="tests.S03.P01_test" name="test_every_necessary_term_has_chinese_definition_and_machine_mapping[TERM-SHADOW]" time="0.000" />
    <testcase classname="tests.S03.P01_test" name="test_every_necessary_term_has_chinese_definition_and_machine_mapping[TERM-ORACLE]" time="0.000" />
    <testcase classname="tests.S03.P01_test" name="test_every_necessary_term_has_chinese_definition_and_machine_mapping[TERM-DAG]" time="0.000" />
    <testcase classname="tests.S03.P01_test" name="test_every_necessary_term_has_chinese_definition_and_machine_mapping[TERM-SYSTEM-CARD]" time="0.000" />
    <testcase classname="tests.S03.P01_test" name="test_every_necessary_term_has_chinese_definition_and_machine_mapping[TERM-API]" time="0.000" />
    <testcase classname="tests.S03.P01_test" name="test_every_necessary_term_has_chinese_definition_and_machine_mapping[TERM-PWA]" time="0.000" />
    <testcase classname="tests.S03.P01_test" name="test_every_necessary_term_has_chinese_definition_and_machine_mapping[TERM-KELLY]" time="0.000" />
    <testcase classname="tests.S03.P01_test" name="test_every_necessary_term_has_chinese_definition_and_machine_mapping[TERM-ROI]" time="0.000" />
    <testcase classname="tests.S03.P01_test" name="test_every_necessary_term_has_chinese_definition_and_machine_mapping[TERM-TAB]" time="0.000" />
    <testcase classname="tests.S03.P01_test" name="test_every_necessary_term_has_chinese_definition_and_machine_mapping[TERM-GMAIL]" time="0.000" />
    <testcase classname="tests.S03.P01_test" name="test_every_necessary_term_has_chinese_definition_and_machine_mapping[TERM-KYC]" time="0.000" />
    <testcase classname="tests.S03.P01_test" name="test_every_necessary_term_has_chinese_definition_and_machine_mapping[TERM-OAUTH]" time="0.000" />
    <testcase classname="tests.S03.P01_test" name="test_every_necessary_term_has_chinese_definition_and_machine_mapping[TERM-OVH]" time="0.000" />
    <testcase classname="tests.S03.P01_test" name="test_every_necessary_term_has_chinese_definition_and_machine_mapping[TERM-CLOUDFLARE]" time="0.000" />
    <testcase classname="tests.S03.P01_test" name="test_every_necessary_term_has_chinese_definition_and_machine_mapping[TERM-CI]" time="0.000" />
    <testcase classname="tests.S03.P01_test" name="test_every_necessary_term_has_chinese_definition_and_machine_mapping[TERM-JSON]" time="0.000" />
    <testcase classname="tests.S03.P01_test" name="test_every_necessary_term_has_chinese_definition_and_machine_mapping[TERM-SHA256]" time="0.000" />
    <testcase classname="tests.S03.P01_test" name="test_every_necessary_term_has_chinese_definition_and_machine_mapping[TERM-PYTHON]" time="0.000" />
    <testcase classname="tests.S03.P01_test" name="test_every_necessary_term_has_chinese_definition_and_machine_mapping[TERM-SCHEMA]" time="0.000" />
    <testcase classname="tests.S03.P01_test" name="test_every_legacy_glossary_definition_is_preserved_exactly[TTL]" time="0.000" />
    <testcase classname="tests.S03.P01_test" name="test_every_legacy_glossary_definition_is_preserved_exactly[EV]" time="0.000" />
    <testcase classname="tests.S03.P01_test" name="test_every_legacy_glossary_definition_is_preserved_exactly[CLV]" time="0.000" />
    <testcase classname="tests.S03.P01_test" name="test_every_legacy_glossary_definition_is_preserved_exactly[ECE]" time="0.000" />
    <testcase classname="tests.S03.P01_test" name="test_every_legacy_glossary_definition_is_preserved_exactly[LCB]" time="0.000" />
    <testcase classname="tests.S03.P01_test" name="test_every_legacy_glossary_definition_is_preserved_exactly[Feature Flag]" time="0.000" />
    <testcase classname="tests.S03.P01_test" name="test_every_legacy_glossary_definition_is_preserved_exactly[Canary]" time="0.000" />
    <testcase classname="tests.S03.P01_test" name="test_every_legacy_glossary_definition_is_preserved_exactly[Blue-Green]" time="0.000" />
    <testcase classname="tests.S03.P01_test" name="test_every_legacy_glossary_definition_is_preserved_exactly[Shadow]" time="0.000" />
    <testcase classname="tests.S03.P01_test" name="test_every_legacy_glossary_definition_is_preserved_exactly[Oracle]" time="0.000" />
    <testcase classname="tests.S03.P01_test" name="test_every_legacy_glossary_definition_is_preserved_exactly[DAG]" time="0.000" />
    <testcase classname="tests.S03.P01_test" name="test_every_legacy_glossary_definition_is_preserved_exactly[System Card]" time="0.000" />
    <testcase classname="tests.S03.P01_test" name="test_every_legacy_glossary_definition_is_preserved_exactly[API]" time="0.000" />
    <testcase classname="tests.S03.P01_test" name="test_every_legacy_glossary_definition_is_preserved_exactly[PWA]" time="0.000" />
    <testcase classname="tests.S03.P01_test" name="test_every_legacy_glossary_definition_is_preserved_exactly[Kelly]" time="0.000" />
    <testcase classname="tests.S03.P01_test" name="test_every_glossary_term_has_one_closed_ui_rule[TERM-ABD]" time="0.000" />
    <testcase classname="tests.S03.P01_test" name="test_every_glossary_term_has_one_closed_ui_rule[TERM-TTL]" time="0.000" />
    <testcase classname="tests.S03.P01_test" name="test_every_glossary_term_has_one_closed_ui_rule[TERM-EV]" time="0.000" />
    <testcase classname="tests.S03.P01_test" name="test_every_glossary_term_has_one_closed_ui_rule[TERM-CLV]" time="0.000" />
    <testcase classname="tests.S03.P01_test" name="test_every_glossary_term_has_one_closed_ui_rule[TERM-ECE]" time="0.000" />
    <testcase classname="tests.S03.P01_test" name="test_every_glossary_term_has_one_closed_ui_rule[TERM-LCB]" time="0.000" />
    <testcase classname="tests.S03.P01_test" name="test_every_glossary_term_has_one_closed_ui_rule[TERM-FEATURE-FLAG]" time="0.000" />
    <testcase classname="tests.S03.P01_test" name="test_every_glossary_term_has_one_closed_ui_rule[TERM-CANARY]" time="0.000" />
    <testcase classname="tests.S03.P01_test" name="test_every_glossary_term_has_one_closed_ui_rule[TERM-BLUE-GREEN]" time="0.000" />
    <testcase classname="tests.S03.P01_test" name="test_every_glossary_term_has_one_closed_ui_rule[TERM-SHADOW]" time="0.000" />
    <testcase classname="tests.S03.P01_test" name="test_every_glossary_term_has_one_closed_ui_rule[TERM-ORACLE]" time="0.000" />
    <testcase classname="tests.S03.P01_test" name="test_every_glossary_term_has_one_closed_ui_rule[TERM-DAG]" time="0.000" />
    <testcase classname="tests.S03.P01_test" name="test_every_glossary_term_has_one_closed_ui_rule[TERM-SYSTEM-CARD]" time="0.000" />
    <testcase classname="tests.S03.P01_test" name="test_every_glossary_term_has_one_closed_ui_rule[TERM-API]" time="0.000" />
    <testcase classname="tests.S03.P01_test" name="test_every_glossary_term_has_one_closed_ui_rule[TERM-PWA]" time="0.000" />
    <testcase classname="tests.S03.P01_test" name="test_every_glossary_term_has_one_closed_ui_rule[TERM-KELLY]" time="0.000" />
    <testcase classname="tests.S03.P01_test" name="test_every_glossary_term_has_one_closed_ui_rule[TERM-ROI]" time="0.000" />
    <testcase classname="tests.S03.P01_test" name="test_every_glossary_term_has_one_closed_ui_rule[TERM-TAB]" time="0.000" />
    <testcase classname="tests.S03.P01_test" name="test_every_glossary_term_has_one_closed_ui_rule[TERM-GMAIL]" time="0.000" />
    <testcase classname="tests.S03.P01_test" name="test_every_glossary_term_has_one_closed_ui_rule[TERM-KYC]" time="0.000" />
    <testcase classname="tests.S03.P01_test" name="test_every_glossary_term_has_one_closed_ui_rule[TERM-OAUTH]" time="0.000" />
    <testcase classname="tests.S03.P01_test" name="test_every_glossary_term_has_one_closed_ui_rule[TERM-OVH]" time="0.000" />
    <testcase classname="tests.S03.P01_test" name="test_every_glossary_term_has_one_closed_ui_rule[TERM-CLOUDFLARE]" time="0.000" />
    <testcase classname="tests.S03.P01_test" name="test_every_glossary_term_has_one_closed_ui_rule[TERM-CI]" time="0.000" />
    <testcase classname="tests.S03.P01_test" name="test_every_glossary_term_has_one_closed_ui_rule[TERM-JSON]" time="0.000" />
    <testcase classname="tests.S03.P01_test" name="test_every_glossary_term_has_one_closed_ui_rule[TERM-SHA256]" time="0.000" />
    <testcase classname="tests.S03.P01_test" name="test_every_glossary_term_has_one_closed_ui_rule[TERM-PYTHON]" time="0.000" />
    <testcase classname="tests.S03.P01_test" name="test_every_glossary_term_has_one_closed_ui_rule[TERM-SCHEMA]" time="0.000" />
    <testcase classname="tests.S03.P01_test" name="test_allowed_daily_ui_samples_have_no_unexplained_term[PURE-ZH]" time="0.000" />
    <testcase classname="tests.S03.P01_test" name="test_allowed_daily_ui_samples_have_no_unexplained_term[ABD-CONTEXT]" time="0.000" />
    <testcase classname="tests.S03.P01_test" name="test_allowed_daily_ui_samples_have_no_unexplained_term[TTL-EXPLAINED]" time="0.000" />
    <testcase classname="tests.S03.P01_test" name="test_allowed_daily_ui_samples_have_no_unexplained_term[EV-EXPLAINED]" time="0.000" />
    <testcase classname="tests.S03.P01_test" name="test_allowed_daily_ui_samples_have_no_unexplained_term[CLV-EXPLAINED]" time="0.000" />
    <testcase classname="tests.S03.P01_test" name="test_allowed_daily_ui_samples_have_no_unexplained_term[ECE-EXPLAINED]" time="0.000" />
    <testcase classname="tests.S03.P01_test" name="test_allowed_daily_ui_samples_have_no_unexplained_term[LCB-EXPLAINED]" time="0.000" />
    <testcase classname="tests.S03.P01_test" name="test_allowed_daily_ui_samples_have_no_unexplained_term[PWA-EXPLAINED]" time="0.000" />
    <testcase classname="tests.S03.P01_test" name="test_allowed_daily_ui_samples_have_no_unexplained_term[ROI-EXPLAINED]" time="0.000" />
    <testcase classname="tests.S03.P01_test" name="test_allowed_daily_ui_samples_have_no_unexplained_term[TAB-CONTEXT]" time="0.000" />
    <testcase classname="tests.S03.P01_test" name="test_allowed_daily_ui_samples_have_no_unexplained_term[GMAIL-CONTEXT]" time="0.000" />
    <testcase classname="tests.S03.P01_test" name="test_allowed_daily_ui_samples_have_no_unexplained_term[NON-RENDERED-MACHINE]" time="0.000" />
    <testcase classname="tests.S03.P01_test" name="test_unexplained_or_machine_ui_samples_fail_closed[ABD-RAW]" time="0.000" />
    <testcase classname="tests.S03.P01_test" name="test_unexplained_or_machine_ui_samples_fail_closed[TTL-RAW]" time="0.000" />
    <testcase classname="tests.S03.P01_test" name="test_unexplained_or_machine_ui_samples_fail_closed[EV-RAW]" time="0.000" />
    <testcase classname="tests.S03.P01_test" name="test_unexplained_or_machine_ui_samples_fail_closed[KELLY-RAW]" time="0.000" />
    <testcase classname="tests.S03.P01_test" name="test_unexplained_or_machine_ui_samples_fail_closed[KYC-RAW]" time="0.000" />
    <testcase classname="tests.S03.P01_test" name="test_unexplained_or_machine_ui_samples_fail_closed[TAB-RAW]" time="0.000" />
    <testcase classname="tests.S03.P01_test" name="test_unexplained_or_machine_ui_samples_fail_closed[GMAIL-RAW]" time="0.000" />
    <testcase classname="tests.S03.P01_test" name="test_unexplained_or_machine_ui_samples_fail_closed[API-MACHINE]" time="0.000" />
    <testcase classname="tests.S03.P01_test" name="test_unexplained_or_machine_ui_samples_fail_closed[OAUTH-MACHINE]" time="0.000" />
    <testcase classname="tests.S03.P01_test" name="test_unexplained_or_machine_ui_samples_fail_closed[OVH-MACHINE]" time="0.000" />
    <testcase classname="tests.S03.P01_test" name="test_unexplained_or_machine_ui_samples_fail_closed[CLOUDFLARE-MACHINE]" time="0.000" />
    <testcase classname="tests.S03.P01_test" name="test_unexplained_or_machine_ui_samples_fail_closed[JSON-MACHINE]" time="0.000" />
    <testcase classname="tests.S03.P01_test" name="test_unexplained_or_machine_ui_samples_fail_closed[UNKNOWN-ACRONYM]" time="0.000" />
    <testcase classname="tests.S03.P01_test" name="test_unexplained_or_machine_ui_samples_fail_closed[INTERNAL-ID]" time="0.000" />
    <testcase classname="tests.S03.P01_test" name="test_unexplained_or_machine_ui_samples_fail_closed[MACHINE-FIELD]" time="0.000" />
    <testcase classname="tests.S03.P01_test" name="test_numeric_boundary_and_adverse_tick_never_relax_language_gate[DELTA-NEGATIVE]" time="0.000" />
    <testcase classname="tests.S03.P01_test" name="test_numeric_boundary_and_adverse_tick_never_relax_language_gate[DELTA-ZERO]" time="0.000" />
    <testcase classname="tests.S03.P01_test" name="test_numeric_boundary_and_adverse_tick_never_relax_language_gate[DELTA-POSITIVE]" time="0.000" />
    <testcase classname="tests.S03.P01_test" name="test_numeric_boundary_and_adverse_tick_never_relax_language_gate[ADVERSE-NEGATIVE]" time="0.000" />
    <testcase classname="tests.S03.P01_test" name="test_numeric_boundary_and_adverse_tick_never_relax_language_gate[ADVERSE-ZERO]" time="0.000" />
    <testcase classname="tests.S03.P01_test" name="test_numeric_boundary_and_adverse_tick_never_relax_language_gate[ADVERSE-POSITIVE]" time="0.000" />
    <testcase classname="tests.S03.P01_test" name="test_unknown_rendered_surface_fails_closed_but_machine_record_does_not" time="0.000" />
    <testcase classname="tests.S03.P01_test" name="test_non_frozen_numeric_boundary_representation_is_rejected[0.0000]" time="0.000" />
    <testcase classname="tests.S03.P01_test" name="test_non_frozen_numeric_boundary_representation_is_rejected[0.00010]" time="0.000" />
    <testcase classname="tests.S03.P01_test" name="test_non_frozen_numeric_boundary_representation_is_rejected[1e-4]" time="0.000" />
    <testcase classname="tests.S03.P01_test" name="test_non_frozen_numeric_boundary_representation_is_rejected[0.1]" time="0.000" />
    <testcase classname="tests.S03.P01_test" name="test_non_frozen_numeric_boundary_representation_is_rejected[NaN]" time="0.000" />
    <testcase classname="tests.S03.P01_test" name="test_boundary_inputs_reject_wrong_types" time="0.000" />
    <testcase classname="tests.S03.P01_test" name="test_policy_counts_and_generic_patterns_are_exact" time="0.000" />
    <testcase classname="tests.S03.P01_test" name="test_contract_only_scope_and_external_effect_boundary_are_explicit" time="0.000" />
    <testcase classname="tests.S03.P01_test" name="test_rollback_drill_restores_all_signed_terminology_inputs" time="0.000" />
    <testcase classname="tests.S03.P01_test" name="test_evidence_build_is_deterministic_without_runtime_reports" time="0.000" />
    <testcase classname="tests.S03.P01_test" name="test_existing_evidence_verifier_is_fail_closed_when_evidence_absent_or_current" time="0.000" />
    <testcase classname="tests.S03.P01_test" name="test_contract_mutations_fail_closed[missing_term-S03P01-GLOSSARY-TERM-SET-EXACT]" time="0.000" />
    <testcase classname="tests.S03.P01_test" name="test_contract_mutations_fail_closed[duplicate_term-S03P01-GLOSSARY-TERM-SET-EXACT]" time="0.000" />
    <testcase classname="tests.S03.P01_test" name="test_contract_mutations_fail_closed[unsafe_mapping-S03P01-GLOSSARY-MAPPING-TERM-TTL]" time="0.000" />
    <testcase classname="tests.S03.P01_test" name="test_contract_mutations_fail_closed[missing_mapping-S03P01-GLOSSARY-MAPPING-TERM-TTL]" time="0.000" />
    <testcase classname="tests.S03.P01_test" name="test_contract_mutations_fail_closed[legacy_definition_drift-S03P01-LEGACY-GLOSSARY-15-OF-15-PRESERVED]" time="0.000" />
    <testcase classname="tests.S03.P01_test" name="test_contract_mutations_fail_closed[bad_first_use-S03P01-GLOSSARY-ENTRY-TERM-EV]" time="0.000" />
    <testcase classname="tests.S03.P01_test" name="test_contract_mutations_fail_closed[missing_rule-S03P01-POLICY-TERM-SET-EXACT]" time="0.000" />
    <testcase classname="tests.S03.P01_test" name="test_contract_mutations_fail_closed[machine_term_allowed-S03P01-POLICY-RULE-TERM-API]" time="0.000" />
    <testcase classname="tests.S03.P01_test" name="test_contract_mutations_fail_closed[missing_generic_pattern-S03P01-POLICY-GENERIC-PATTERNS]" time="0.000" />
    <testcase classname="tests.S03.P01_test" name="test_contract_mutations_fail_closed[wide_machine_exemption-S03P01-POLICY-MACHINE-EXEMPTION-NON-RENDERED-ONLY]" time="0.000" />
    <testcase classname="tests.S03.P01_test" name="test_contract_mutations_fail_closed[external_effect-S03P01-POLICY-EXTERNAL-EFFECT-BOUNDARY]" time="0.000" />
    <testcase classname="tests.S03.P01_test" name="test_contract_mutations_fail_closed[absolute_local_path-S03P01-GLOSSARY-PORTABLE-NO-LOCAL-PATH]" time="0.000" />
    <testcase classname="tests.S03.P01_test" name="test_contract_mutations_fail_closed[p02_started-S03P01-SUCCESSOR-ARTIFACTS-NOT-STARTED]" time="0.000" />
    <testcase classname="tests.S03.P01_test" name="test_contract_mutations_fail_closed[p02_index_started-S03P01-SUCCESSOR-INDEX-PLANNED]" time="0.000" />
    <testcase classname="tests.S03.P01_test" name="test_contract_mutations_fail_closed[receipt_tamper-S03P01-S02-DELIVERY-PREREQUISITE]" time="0.000" />
    <testcase classname="tests.S03.P01_test" name="test_contract_mutations_fail_closed[bankroll_drift-S03P01-AUD300-AUD0-TARGET-BASELINE]" time="0.000" />
    <testcase classname="tests.S03.P01_test" name="test_contract_mutations_fail_closed[positive_cash-S03P01-COSTS-ZERO-INCREMENTAL-CASH]" time="0.000" />
    <testcase classname="tests.S03.P01_test" name="test_stage2_delivery_mutations_block_s03[receipt_status-S02DELIVERY-RECEIPT-SHAPE]" time="0.000" />
    <testcase classname="tests.S03.P01_test" name="test_stage2_delivery_mutations_block_s03[receipt_checks-S02DELIVERY-MAIN-CHECKS-EXACT]" time="0.000" />
    <testcase classname="tests.S03.P01_test" name="test_stage2_delivery_mutations_block_s03[receipt_cost-S02DELIVERY-ZERO-CASH-DELIVERY-GATE]" time="0.000" />
    <testcase classname="tests.S03.P01_test" name="test_stage2_delivery_mutations_block_s03[receipt_effect-S02DELIVERY-EXTERNAL-EFFECTS-EXACT]" time="0.000" />
    <testcase classname="tests.S03.P01_test" name="test_stage2_delivery_mutations_block_s03[stage_evidence-S02DELIVERY-HISTORICAL-EVIDENCE-INTEGRITY]" time="0.000" />
    <testcase classname="tests.S03.P01_test" name="test_stage2_delivery_mutations_block_s03[rollback-S02DELIVERY-HISTORICAL-ROLLBACK-INTEGRITY]" time="0.000" />
    <testcase classname="tests.S03.P01_test" name="test_stage2_delivery_mutations_block_s03[index-S02DELIVERY-EVIDENCE-INDEX-BINDING]" time="0.000" />
    <testcase classname="tests.S03.P01_test" name="test_malformed_inputs_fail_closed_without_crashing" time="0.000" />
    <testcase classname="tests.S03.P01_test" name="test_no_s03_p02_or_stage_review_artifact_exists" time="0.000" />
    <testcase classname="tests.S03.P01_test" name="test_no_artifact_contains_secret_or_absolute_local_path" time="0.000" />
    <testcase classname="tests.S03.P01_test" name="test_fixture_boundary_set_is_exact_and_no_float_is_serialized" time="0.000" />
  </testsuite>
</testsuites>
