<?xml version='1.0' encoding='utf-8'?>
<testsuites name="pytest tests">
  <testsuite name="pytest" errors="0" failures="0" skipped="0" tests="105" time="0.000" timestamp="2026-07-19T00:00:00+10:00">
    <testcase classname="tests.S05.P02_test" name="test_baseline_contract_passes_without_external_reports" time="0.000" />
    <testcase classname="tests.S05.P02_test" name="test_signed_p01_is_exact_phase_prerequisite" time="0.000" />
    <testcase classname="tests.S05.P02_test" name="test_phase_artifact_hash_matches_pin[machine/tests/fixtures/S05_P02.json]" time="0.000" />
    <testcase classname="tests.S05.P02_test" name="test_phase_artifact_hash_matches_pin[provider_contracts.json]" time="0.000" />
    <testcase classname="tests.S05.P02_test" name="test_phase_artifact_hash_matches_pin[source_capabilities.json]" time="0.000" />
    <testcase classname="tests.S05.P02_test" name="test_phase_artifact_hash_matches_pin[tests/S05/P02_test.py]" time="0.000" />
    <testcase classname="tests.S05.P02_test" name="test_baseline_artifact_hash_matches_pin[machine/evidence/EVD-S05-P01.json]" time="0.000" />
    <testcase classname="tests.S05.P02_test" name="test_baseline_artifact_hash_matches_pin[machine/evidence/EVD-S05-P01_rollback.json]" time="0.000" />
    <testcase classname="tests.S05.P02_test" name="test_baseline_artifact_hash_matches_pin[machine/facts/acceptance_contracts.json]" time="0.000" />
    <testcase classname="tests.S05.P02_test" name="test_baseline_artifact_hash_matches_pin[machine/facts/authorization_matrix.json]" time="0.000" />
    <testcase classname="tests.S05.P02_test" name="test_baseline_artifact_hash_matches_pin[machine/facts/canonical_facts.json]" time="0.000" />
    <testcase classname="tests.S05.P02_test" name="test_baseline_artifact_hash_matches_pin[machine/facts/costs.json]" time="0.000" />
    <testcase classname="tests.S05.P02_test" name="test_baseline_artifact_hash_matches_pin[machine/facts/model_system_card.json]" time="0.000" />
    <testcase classname="tests.S05.P02_test" name="test_baseline_artifact_hash_matches_pin[machine/facts/parameters.json]" time="0.000" />
    <testcase classname="tests.S05.P02_test" name="test_baseline_artifact_hash_matches_pin[machine/facts/provider_contracts.json]" time="0.000" />
    <testcase classname="tests.S05.P02_test" name="test_baseline_artifact_hash_matches_pin[machine/facts/requirements.json]" time="0.000" />
    <testcase classname="tests.S05.P02_test" name="test_baseline_artifact_hash_matches_pin[machine/facts/task_graph.json]" time="0.000" />
    <testcase classname="tests.S05.P02_test" name="test_baseline_artifact_hash_matches_pin[machine/facts/traceability_matrix.json]" time="0.000" />
    <testcase classname="tests.S05.P02_test" name="test_baseline_artifact_hash_matches_pin[provider_facts_snapshot.json]" time="0.000" />
    <testcase classname="tests.S05.P02_test" name="test_baseline_artifact_hash_matches_pin[regulatory_matrix.json]" time="0.000" />
    <testcase classname="tests.S05.P02_test" name="test_baseline_artifact_hash_matches_pin[sources.json]" time="0.000" />
    <testcase classname="tests.S05.P02_test" name="test_oracle_source_has_normalized_structural_integrity" time="0.000" />
    <testcase classname="tests.S05.P02_test" name="test_artifact_identity_and_parent_binding_are_exact" time="0.000" />
    <testcase classname="tests.S05.P02_test" name="test_authority_hashes_are_pinned_to_signed_inputs" time="0.000" />
    <testcase classname="tests.S05.P02_test" name="test_each_mode_is_unique_versioned_and_fail_closed[PUBLIC_BROWSER]" time="0.000" />
    <testcase classname="tests.S05.P02_test" name="test_each_mode_is_unique_versioned_and_fail_closed[FILE_OR_STATIC_DATA]" time="0.000" />
    <testcase classname="tests.S05.P02_test" name="test_each_mode_is_unique_versioned_and_fail_closed[FREE_ENDPOINT]" time="0.000" />
    <testcase classname="tests.S05.P02_test" name="test_each_mode_is_unique_versioned_and_fail_closed[AUTHENTICATED_OBSERVER]" time="0.000" />
    <testcase classname="tests.S05.P02_test" name="test_each_mode_is_unique_versioned_and_fail_closed[OWNER_DEVICE_OVERLAY]" time="0.000" />
    <testcase classname="tests.S05.P02_test" name="test_each_provider_contract_starts_with_zero_collection_budget[TAB]" time="0.000" />
    <testcase classname="tests.S05.P02_test" name="test_each_provider_contract_starts_with_zero_collection_budget[SPORTSBET]" time="0.000" />
    <testcase classname="tests.S05.P02_test" name="test_each_provider_contract_starts_with_zero_collection_budget[OTHER_OBSERVABLE_PROVIDER]" time="0.000" />
    <testcase classname="tests.S05.P02_test" name="test_tab_contract_preserves_official_source_boundaries" time="0.000" />
    <testcase classname="tests.S05.P02_test" name="test_sportsbet_contract_does_not_infer_automation_permission" time="0.000" />
    <testcase classname="tests.S05.P02_test" name="test_unbound_provider_has_no_implicitly_allowed_method" time="0.000" />
    <testcase classname="tests.S05.P02_test" name="test_gmail_cloudflare_and_ovh_are_not_market_source_enablement" time="0.000" />
    <testcase classname="tests.S05.P02_test" name="test_capability_matrix_is_exact_cartesian_product" time="0.000" />
    <testcase classname="tests.S05.P02_test" name="test_every_real_capability_is_disabled_and_unverified[CAP-TAB-PUBLIC_BROWSER]" time="0.000" />
    <testcase classname="tests.S05.P02_test" name="test_every_real_capability_is_disabled_and_unverified[CAP-TAB-FILE_OR_STATIC_DATA]" time="0.000" />
    <testcase classname="tests.S05.P02_test" name="test_every_real_capability_is_disabled_and_unverified[CAP-TAB-FREE_ENDPOINT]" time="0.000" />
    <testcase classname="tests.S05.P02_test" name="test_every_real_capability_is_disabled_and_unverified[CAP-TAB-AUTHENTICATED_OBSERVER]" time="0.000" />
    <testcase classname="tests.S05.P02_test" name="test_every_real_capability_is_disabled_and_unverified[CAP-TAB-OWNER_DEVICE_OVERLAY]" time="0.000" />
    <testcase classname="tests.S05.P02_test" name="test_every_real_capability_is_disabled_and_unverified[CAP-SPORTSBET-PUBLIC_BROWSER]" time="0.000" />
    <testcase classname="tests.S05.P02_test" name="test_every_real_capability_is_disabled_and_unverified[CAP-SPORTSBET-FILE_OR_STATIC_DATA]" time="0.000" />
    <testcase classname="tests.S05.P02_test" name="test_every_real_capability_is_disabled_and_unverified[CAP-SPORTSBET-FREE_ENDPOINT]" time="0.000" />
    <testcase classname="tests.S05.P02_test" name="test_every_real_capability_is_disabled_and_unverified[CAP-SPORTSBET-AUTHENTICATED_OBSERVER]" time="0.000" />
    <testcase classname="tests.S05.P02_test" name="test_every_real_capability_is_disabled_and_unverified[CAP-SPORTSBET-OWNER_DEVICE_OVERLAY]" time="0.000" />
    <testcase classname="tests.S05.P02_test" name="test_every_real_capability_is_disabled_and_unverified[CAP-OTHER_OBSERVABLE_PROVIDER-PUBLIC_BROWSER]" time="0.000" />
    <testcase classname="tests.S05.P02_test" name="test_every_real_capability_is_disabled_and_unverified[CAP-OTHER_OBSERVABLE_PROVIDER-FILE_OR_STATIC_DATA]" time="0.000" />
    <testcase classname="tests.S05.P02_test" name="test_every_real_capability_is_disabled_and_unverified[CAP-OTHER_OBSERVABLE_PROVIDER-FREE_ENDPOINT]" time="0.000" />
    <testcase classname="tests.S05.P02_test" name="test_every_real_capability_is_disabled_and_unverified[CAP-OTHER_OBSERVABLE_PROVIDER-AUTHENTICATED_OBSERVER]" time="0.000" />
    <testcase classname="tests.S05.P02_test" name="test_every_real_capability_is_disabled_and_unverified[CAP-OTHER_OBSERVABLE_PROVIDER-OWNER_DEVICE_OVERLAY]" time="0.000" />
    <testcase classname="tests.S05.P02_test" name="test_every_real_capability_request_denies_collection[CAP-TAB-PUBLIC_BROWSER]" time="0.000" />
    <testcase classname="tests.S05.P02_test" name="test_every_real_capability_request_denies_collection[CAP-TAB-FILE_OR_STATIC_DATA]" time="0.000" />
    <testcase classname="tests.S05.P02_test" name="test_every_real_capability_request_denies_collection[CAP-TAB-FREE_ENDPOINT]" time="0.000" />
    <testcase classname="tests.S05.P02_test" name="test_every_real_capability_request_denies_collection[CAP-TAB-AUTHENTICATED_OBSERVER]" time="0.000" />
    <testcase classname="tests.S05.P02_test" name="test_every_real_capability_request_denies_collection[CAP-TAB-OWNER_DEVICE_OVERLAY]" time="0.000" />
    <testcase classname="tests.S05.P02_test" name="test_every_real_capability_request_denies_collection[CAP-SPORTSBET-PUBLIC_BROWSER]" time="0.000" />
    <testcase classname="tests.S05.P02_test" name="test_every_real_capability_request_denies_collection[CAP-SPORTSBET-FILE_OR_STATIC_DATA]" time="0.000" />
    <testcase classname="tests.S05.P02_test" name="test_every_real_capability_request_denies_collection[CAP-SPORTSBET-FREE_ENDPOINT]" time="0.000" />
    <testcase classname="tests.S05.P02_test" name="test_every_real_capability_request_denies_collection[CAP-SPORTSBET-AUTHENTICATED_OBSERVER]" time="0.000" />
    <testcase classname="tests.S05.P02_test" name="test_every_real_capability_request_denies_collection[CAP-SPORTSBET-OWNER_DEVICE_OVERLAY]" time="0.000" />
    <testcase classname="tests.S05.P02_test" name="test_every_real_capability_request_denies_collection[CAP-OTHER_OBSERVABLE_PROVIDER-PUBLIC_BROWSER]" time="0.000" />
    <testcase classname="tests.S05.P02_test" name="test_every_real_capability_request_denies_collection[CAP-OTHER_OBSERVABLE_PROVIDER-FILE_OR_STATIC_DATA]" time="0.000" />
    <testcase classname="tests.S05.P02_test" name="test_every_real_capability_request_denies_collection[CAP-OTHER_OBSERVABLE_PROVIDER-FREE_ENDPOINT]" time="0.000" />
    <testcase classname="tests.S05.P02_test" name="test_every_real_capability_request_denies_collection[CAP-OTHER_OBSERVABLE_PROVIDER-AUTHENTICATED_OBSERVER]" time="0.000" />
    <testcase classname="tests.S05.P02_test" name="test_every_real_capability_request_denies_collection[CAP-OTHER_OBSERVABLE_PROVIDER-OWNER_DEVICE_OVERLAY]" time="0.000" />
    <testcase classname="tests.S05.P02_test" name="test_frozen_synthetic_contract_is_only_positive_path" time="0.000" />
    <testcase classname="tests.S05.P02_test" name="test_every_declared_contract_fault_fails_closed[UNKNOWN-PROVIDER]" time="0.000" />
    <testcase classname="tests.S05.P02_test" name="test_every_declared_contract_fault_fails_closed[UNKNOWN-MODE]" time="0.000" />
    <testcase classname="tests.S05.P02_test" name="test_every_declared_contract_fault_fails_closed[CONTRACT-VERSION-DRIFT]" time="0.000" />
    <testcase classname="tests.S05.P02_test" name="test_every_declared_contract_fault_fails_closed[SOURCE-HASH-DRIFT]" time="0.000" />
    <testcase classname="tests.S05.P02_test" name="test_every_declared_contract_fault_fails_closed[MALFORMED-SOURCE-HASH]" time="0.000" />
    <testcase classname="tests.S05.P02_test" name="test_every_declared_contract_fault_fails_closed[STALE-REVIEW]" time="0.000" />
    <testcase classname="tests.S05.P02_test" name="test_every_declared_contract_fault_fails_closed[POSITIVE-COST]" time="0.000" />
    <testcase classname="tests.S05.P02_test" name="test_every_declared_contract_fault_fails_closed[UNKNOWN-COST]" time="0.000" />
    <testcase classname="tests.S05.P02_test" name="test_every_declared_contract_fault_fails_closed[MISSING-GATE]" time="0.000" />
    <testcase classname="tests.S05.P02_test" name="test_every_declared_contract_fault_fails_closed[ORDER-ACTION]" time="0.000" />
    <testcase classname="tests.S05.P02_test" name="test_every_declared_contract_fault_fails_closed[PRODUCTION-FIXTURE]" time="0.000" />
    <testcase classname="tests.S05.P02_test" name="test_every_declared_contract_fault_fails_closed[MISSING-EVALUATION-DATE]" time="0.000" />
    <testcase classname="tests.S05.P02_test" name="test_every_declared_contract_fault_fails_closed[BOOLEAN-COST]" time="0.000" />
    <testcase classname="tests.S05.P02_test" name="test_every_declared_contract_fault_fails_closed[UNDECLARED-GATE]" time="0.000" />
    <testcase classname="tests.S05.P02_test" name="test_ten_thousandth_and_adverse_tick_do_not_relax_source_contract[-0.0001]" time="0.000" />
    <testcase classname="tests.S05.P02_test" name="test_ten_thousandth_and_adverse_tick_do_not_relax_source_contract[0]" time="0.000" />
    <testcase classname="tests.S05.P02_test" name="test_ten_thousandth_and_adverse_tick_do_not_relax_source_contract[0.0001]" time="0.000" />
    <testcase classname="tests.S05.P02_test" name="test_replay_is_byte_deterministic" time="0.000" />
    <testcase classname="tests.S05.P02_test" name="test_duplicate_capability_record_fails_closed" time="0.000" />
    <testcase classname="tests.S05.P02_test" name="test_missing_capability_record_fails_closed" time="0.000" />
    <testcase classname="tests.S05.P02_test" name="test_enabling_one_real_capability_fails_closed" time="0.000" />
    <testcase classname="tests.S05.P02_test" name="test_provider_rate_budget_above_zero_fails_closed" time="0.000" />
    <testcase classname="tests.S05.P02_test" name="test_order_boundary_mutation_fails_closed" time="0.000" />
    <testcase classname="tests.S05.P02_test" name="test_claim_boundary_mutation_fails_closed" time="0.000" />
    <testcase classname="tests.S05.P02_test" name="test_p03_remains_planned_and_unstarted" time="0.000" />
    <testcase classname="tests.S05.P02_test" name="test_partial_p03_candidate_fails_closed" time="0.000" />
    <testcase classname="tests.S05.P02_test" name="test_evidence_build_is_deterministic_without_external_reports" time="0.000" />
    <testcase classname="tests.S05.P02_test" name="test_rollback_drill_restores_every_phase_artifact" time="0.000" />
    <testcase classname="tests.S05.P02_test" name="test_external_report_mode_fails_closed_when_reports_are_absent" time="0.000" />
    <testcase classname="tests.S05.P02_test" name="test_write_evidence_rejects_path_outside_project" time="0.000" />
    <testcase classname="tests.S05.P02_test" name="test_oracle_cli_is_wired_to_exact_contract" time="0.000" />
    <testcase classname="tests.S05.P02_test" name="test_readme_and_cli_wiring_reference_p02_contract" time="0.000" />
    <testcase classname="tests.S05.P02_test" name="test_signed_receipt_is_fail_closed_when_absent_or_verifiable" time="0.000" />
    <testcase classname="tests.S05.P02_test" name="test_candidate_preflight_does_not_recursively_verify_p01" time="0.000" />
    <testcase classname="tests.S05.P02_test" name="test_artifacts_contain_no_secret_or_machine_specific_path" time="0.000" />
    <testcase classname="tests.S05.P02_test" name="test_external_effect_boundary_matches_fixture_and_has_no_runtime_claim" time="0.000" />
    <testcase classname="tests.S05.P02_test" name="test_canonical_financial_order_and_target_boundaries_are_unchanged" time="0.000" />
  </testsuite>
</testsuites>
